---- H:\MyDownloads\说明书&测试报告\开发包\SC8F096AD开发包\SC8F096_DEMO_C\SC8F096_IIC_Master_Demo\SC8F096_IIC_Master_c.c ----------------------------------------------------------------------
1:                /**********************************************************
2:                
3:                **********************************************************/
4:                
5:                #include <sc.h>
6:                
7:                
8:                
9:                volatile unsigned int   result,result1,result2;
10:               
11:               
12:               void DelayXms(unsigned char x);
13:               
14:               
15:               /***********************************************************
16:               函数名称：DelayXms
17:               函数功能：毫秒级非精准延时
18:               入口参数：x - 延时时间
19:               出口参数：
20:               备    注：
21:               ***********************************************************/
22:               void DelayXms(unsigned char x)
23:               {
24:               	unsigned char i,j;
25:               	for(i=x;i>0;i--)
  0745    00F8    LD	0x78,A
  0746    0878    LD	A,0x78
  0747    1903    SZB	0x3,2
  0748    0008    RET
26:               		for(j=153;j>0;j--);
  0749    3099    LDIA	0x99
  074A    00F9    LD	0x79,A
  074B    0BF9    SZDECR	0x79
  074C    2F4B    JP	0x74B
  074D    03F8    DECR	0x78
  074E    2F46    JP	0x746
27:               }
28:               
29:               /***********************************************************
30:               main主函数
31:               ***********************************************************/
32:               
33:               #define  SLAVE_ADRSS   0xa0
34:               
35:                
36:               void Init_System();
37:               
38:               /******************************************
39:                 Adress  从机地址
40:                 data    待发数据
41:               ********************************************/
42:               void Write_IIC(unsigned char Adress,unsigned char data)
43:               {
44:               	/************ IICCON2 *********************************
45:               	Bit7  GCEN:  广播呼叫使能位（仅限I 2 C从动模式）。
46:               		1=  允许在IICSR中接收到广播呼叫地址（0000h）时产生中断。
47:               		0=  禁止广播呼叫地址。
48:               	Bit6  ACKSTAT:  应答状态位（仅限于I 2 C主控模式）。
49:               		在主控发送模式下: 
50:               		1 = 未接收到来自从动器件的应答。
51:               		0 = 已接收到来自从动器件的应答。
52:               	Bit5  ACKDT:  应答数据位（仅限于I 2 C主控模式）。
53:               		在主控接收模式下:  用户在接收完成后发送的应答序列的值。
54:               		1 = 不应答。
55:               		0 = 应答。
56:               	Bit4  ACKEN:  应答序列使能位（仅限I 2 C主控模式）。
57:               		在主控接收模式下: 
58:               		1 = 在SDA和SCL引脚启动应答序列，发送ACKDT数据位。由硬件自动清零。
59:               		0 = 应答序列空闲。
60:               	Bit3  RCEN:  接收使能位（仅限I 2 C主控模式）。
61:               		1=  使能I 2 C接收模式。
62:               		0=  接收空闲。
63:               	Bit2  PEN:  停止条件使能位（仅限于I 2 C主控模式）。
64:               		1 = 在SDA和SCL引脚启动停止条件。由硬件自动清零。
65:               		0 = 停止条件空闲。
66:               	Bit1  RSEN:  重复启动条件使能位（仅限I 2 C主控模式）。
67:               		1=  在SDA和SCL引脚启动重复启动条件。由硬件自动清零。
68:               		0=  重复启动条件空闲。
69:               	Bit0  SEN:  启动条件使能位。
70:               		在主控模式下: 
71:               		1 = 在SDA和SCL引脚启动启动条件。由硬件自动清零。
72:               		0 = 启动条件空闲。
73:               	在从动模式下: 
74:               		1 = 从发送和接收都会使能时钟延长（使能时钟延长）。
75:               		0 = 禁止时钟延长。
76:               	*********************************************************/
77:               	SEN =1;  		  //起始信号
  0769    1683    SETB	0x3,5
  076A    1703    SETB	0x3,6
  076B    1411    SETB	0x11,0
78:               	while(IICIF==0);  //等待发送完成
  076C    1283    CLRB	0x3,5
  076D    1E0F    SNZB	0xF,4
  076E    2F6C    JP	0x76C
79:               	IICIF = 0;
  076F    120F    CLRB	0xF,4
80:               	IICBUF = Adress;   //发送地址
  0770    0878    LD	A,0x78
  0771    1683    SETB	0x3,5
  0772    0093    LD	0x13,A
81:               	while(IICIF==0);
  0773    1283    CLRB	0x3,5
  0774    1E0F    SNZB	0xF,4
  0775    2F73    JP	0x773
82:               	IICIF = 0;
  0776    120F    CLRB	0xF,4
83:               	IICBUF = data;    //发送数据
  0777    0877    LD	A,0x77
  0778    1683    SETB	0x3,5
  0779    0093    LD	0x13,A
84:               	while(IICIF==0);
  077A    1283    CLRB	0x3,5
  077B    1E0F    SNZB	0xF,4
  077C    2F7A    JP	0x77A
85:               	IICIF = 0;
  077D    120F    CLRB	0xF,4
86:               	PEN =1;           //发送停止
  077E    1683    SETB	0x3,5
  077F    1511    SETB	0x11,2
87:                   while(IICIF==0);
  0780    1283    CLRB	0x3,5
  0781    1E0F    SNZB	0xF,4
  0782    2F80    JP	0x780
88:               	IICIF = 0;
  0783    120F    CLRB	0xF,4
  0784    0008    RET
89:               	
90:               }
91:               
92:               /******************************************
93:                  Adress   从机地址
94:                  data     待发数据
95:                  返回 ReadData
96:                 
97:               ********************************************/
98:               unsigned char  Read_IIC(unsigned char Adress,unsigned char data)
99:               {
100:              	unsigned char ReadData;
101:              
102:              	SEN =1;           //起始信号
  07AE    1683    SETB	0x3,5
  07AF    1411    SETB	0x11,0
103:              	while(IICIF==0); //等待发送完成
  07B0    1283    CLRB	0x3,5
  07B1    1E0F    SNZB	0xF,4
  07B2    2FB0    JP	0x7B0
104:              	IICIF = 0;
  07B3    120F    CLRB	0xF,4
105:              	IICBUF = Adress;  
  07B4    0879    LD	A,0x79
  07B5    1683    SETB	0x3,5
  07B6    0093    LD	0x13,A
106:              	while(IICIF==0);
  07B7    1283    CLRB	0x3,5
  07B8    1E0F    SNZB	0xF,4
  07B9    2FB7    JP	0x7B7
107:              
108:              	IICIF = 0;
  07BA    120F    CLRB	0xF,4
109:              	IICBUF = data;
  07BB    0877    LD	A,0x77
  07BC    1683    SETB	0x3,5
  07BD    0093    LD	0x13,A
110:              	while(IICIF==0);
  07BE    1283    CLRB	0x3,5
  07BF    1E0F    SNZB	0xF,4
  07C0    2FBE    JP	0x7BE
111:              	IICIF = 0;
  07C1    120F    CLRB	0xF,4
112:              	
113:              	RSEN =1; 		 //重复起始信号
  07C2    1683    SETB	0x3,5
  07C3    1491    SETB	0x11,1
114:              	while(IICIF==0);
  07C4    1283    CLRB	0x3,5
  07C5    1E0F    SNZB	0xF,4
  07C6    2FC4    JP	0x7C4
115:              
116:              	IICIF = 0;
  07C7    120F    CLRB	0xF,4
117:              	
118:              	IICBUF = Adress+1;  //发送地址+1 读取数据
  07C8    0879    LD	A,0x79
  07C9    3E01    ADDIA	0x1
  07CA    1683    SETB	0x3,5
  07CB    0093    LD	0x13,A
119:              	while(IICIF==0);
  07CC    1283    CLRB	0x3,5
  07CD    1E0F    SNZB	0xF,4
  07CE    2FCC    JP	0x7CC
120:              	IICIF = 0;    
  07CF    120F    CLRB	0xF,4
121:              	RCEN = 1;           //开始接收数据
  07D0    1683    SETB	0x3,5
  07D1    1591    SETB	0x11,3
122:              	while(IICIF==0);
  07D2    1283    CLRB	0x3,5
  07D3    1E0F    SNZB	0xF,4
  07D4    2FD2    JP	0x7D2
123:              	IICIF = 0;
  07D5    120F    CLRB	0xF,4
  07D6    1683    SETB	0x3,5
  07D7    0813    LD	A,0x13
124:              	ReadData = IICBUF;  //读取接收的数据
125:              	
126:              	ACKDT = 0;			//产生主机应答
  07D8    1291    CLRB	0x11,5
127:              	ACKEN = 1;			//发送应答位
  07D9    1611    SETB	0x11,4
128:              	
129:              	while(IICIF==0);
  07DA    1283    CLRB	0x3,5
  07DB    1E0F    SNZB	0xF,4
  07DC    2FDA    JP	0x7DA
130:              	IICIF = 0;
  07DD    120F    CLRB	0xF,4
131:              	
132:              	RCEN = 1;           //开始接收第二个数据
  07DE    1683    SETB	0x3,5
  07DF    1591    SETB	0x11,3
133:              	while(IICIF==0);
  07E0    1283    CLRB	0x3,5
  07E1    1E0F    SNZB	0xF,4
  07E2    2FE0    JP	0x7E0
134:              	IICIF = 0;
  07E3    120F    CLRB	0xF,4
135:              	ReadData = IICBUF;  //读取接收的数据
  07E4    1683    SETB	0x3,5
  07E5    0813    LD	A,0x13
  07E6    00F8    LD	0x78,A
136:              	
137:              	ACKDT = 1;			//产生主机应答
  07E7    1691    SETB	0x11,5
138:              	ACKEN = 1;			//发送应答位
  07E8    1611    SETB	0x11,4
139:              	
140:              	while(IICIF==0);
  07E9    1283    CLRB	0x3,5
  07EA    1E0F    SNZB	0xF,4
  07EB    2FE9    JP	0x7E9
141:              	IICIF = 0;
  07EC    120F    CLRB	0xF,4
142:              	
143:              	PEN = 1;                //发送停止
  07ED    1683    SETB	0x3,5
  07EE    1511    SETB	0x11,2
144:                  while(IICIF==0); 
  07EF    1283    CLRB	0x3,5
  07F0    1E0F    SNZB	0xF,4
  07F1    2FEF    JP	0x7EF
145:              	IICIF = 0;
  07F2    120F    CLRB	0xF,4
146:              	
147:              	return ReadData;
  07F3    0878    LD	A,0x78
  07F4    0008    RET
148:              	
149:              
150:              }
151:              volatile unsigned char IICReadData;
152:              void main()
153:              {
154:              	Init_System();
  0785    120A    CLRB	0xA,4
  0786    118A    CLRB	0xA,3
  0787    274F    CALL	0x74F
155:              	TRISA |=  0B00000011;  //RA0 RA1输入态，做IIC 引脚时为开漏，需要外接上拉电阻
  078A    3003    LDIA	0x3
  078B    1683    SETB	0x3,5
  078C    0485    ORR	0x5
156:              	
157:              	/********** IICCON ***********************************
158:              	Bit7  IICWCOL:  写冲突检测位。
159:              		主控模式:  
160:              			1= 在IIC不满足开始发送数据的条件下，试图对IICBUF寄存器进行写操作。
161:              			0= 未发生冲突。
162:              		从动模式: 
163:              			1= 正在发送前一个字时，又对IICBUF寄存器进行写操作（必须由软件清零）。
164:              			0= 未发生冲突。
165:              	Bit6  IICOV:  接收溢出指示位。(仅在从动接收模式下有限)
166:              			1=  IICBUF寄存器仍保持前一数据时，又接收到一个新的字节。在发送模式下IICOV
167:              				位可为任意值（该位必须由软件清零）。
168:              			0=  没有溢出。
169:              	Bit5  IICEN:  IIC使能位（必须正确配置这些引脚为输入）。
170:              			1=  使能IIC并将SDA和SCL引脚配置为串行端口引脚。
171:              			0=  禁止IIC并将这些引脚配置为I/O端口引脚。
172:              	Bit4  IICCKP:  时钟极性选择位。
173:              		在IIC从动模式下:  SCK释放控制。
174:              			1 = 使能时钟。
175:              			0 = 保持时钟线为低电平（时钟延长）（用于确保数据建立时间）。
176:              		在IIC主控模式下:  在此模式下未使用。
177:              	Bit3~Bit2  IICTOS[1:0]:  IIC从动模式超时选择
178:              		00=  禁止IIC从动超时功能；
179:              		01=  使能IIC从动超时功能，超时时间为16ms，超时后复位IIC模块；
180:              		10=  使能IIC从动超时功能，超时时间为32ms，超时后复位IIC模块；
181:              		11=  使能IIC从动超时功能，超时时间为64ms，超时后复位IIC模块；
182:              	Bit1~Bit0  IICM<1:0>:  IIC模式选择位。
183:              		00=  IIC主控模式，时钟=  FCPU / (IICADD+4)；
184:              		01=  IIC从动模式，7位地址，不响应起始位和停止位中断；
185:              		10=  IIC从动模式，7位地址，并允许起始位和停止位中断；
186:              		11=  允许操作IICMSK寄存器
187:              	*************************************************/
188:              	IICCON =  0B00100000;  // IIC 使能  主动模式
  078D    3020    LDIA	0x20
  078E    1703    SETB	0x3,6
  078F    0090    LD	0x10,A
189:                  IICADD = 36;          // 100K 频率 = 16M /4/36+4
  0790    3024    LDIA	0x24
  0791    0094    LD	0x14,A
190:              	
191:              	while(1)
192:              	{
193:                       DelayXms(200);
  0792    30C8    LDIA	0xC8
  0793    120A    CLRB	0xA,4
  0794    118A    CLRB	0xA,3
  0795    2744    CALL	0x744
194:              		 Write_IIC(0xa0,0x80);
  0798    3080    LDIA	0x80
  0799    00F7    LD	0x77,A
  079A    30A0    LDIA	0xA0
  079B    120A    CLRB	0xA,4
  079C    118A    CLRB	0xA,3
  079D    2768    CALL	0x768
195:              			
196:              		 IICReadData =  Read_IIC(0xa0,0x80);
  07A0    3080    LDIA	0x80
  07A1    00F7    LD	0x77,A
  07A2    30A0    LDIA	0xA0
  07A3    120A    CLRB	0xA,4
  07A4    118A    CLRB	0xA,3
  07A5    27AD    CALL	0x7AD
  07A8    00F6    LD	0x76,A
197:              		 RB5 = ~RB5;
  07A9    3020    LDIA	0x20
  07AA    1303    CLRB	0x3,6
  07AB    0686    XORR	0x6
  07AC    2F92    JP	0x792
198:              	}
199:              }
200:              
201:              
202:              
203:              /***********************************************
204:              函数名称：Init_System
205:              函数功能：系统初始化
206:              入口参数：无
207:              出口参数：无
208:              备注：
209:              ************************************************/
210:              void Init_System()
211:              {
212:              	asm("nop");
213:              	asm("clrwdt");
214:              	INTCON = 0;					//系统初始化
  0751    018B    CLR	0xB
215:              	OSCCON = 0X70;				//配置振荡为8M,开 WDT
  0752    3070    LDIA	0x70
  0753    1283    CLRB	0x3,5
  0754    1303    CLRB	0x3,6
  0755    0094    LD	0x14,A
216:              	OPTION_REG = 0;
  0756    0181    CLR	0x1
217:              	
218:                  WPUA  = 0B00000000;			//初始化上拉
  0757    1683    SETB	0x3,5
  0758    0188    CLR	0x8
219:                  WPUB  = 0B00001000;			
  0759    3008    LDIA	0x8
  075A    1283    CLRB	0x3,5
  075B    0088    LD	0x8,A
220:                
221:               
222:              	TRISA = 0B00000011;			//初始化IO状态
  075C    3003    LDIA	0x3
  075D    1683    SETB	0x3,5
  075E    0085    LD	0x5,A
223:              	TRISB = 0B00001000;
  075F    3008    LDIA	0x8
  0760    1283    CLRB	0x3,5
  0761    0085    LD	0x5,A
224:              
225:              	PORTA = 0B00000011;
  0762    3003    LDIA	0x3
  0763    1683    SETB	0x3,5
  0764    0086    LD	0x6,A
226:              	PORTB = 0B00000000;			//初始化输出
  0765    1283    CLRB	0x3,5
  0766    0186    CLR	0x6
  0767    0008    RET
227:              
228:              }
---- stringtab ------------------------------------------------------------------
---- reset_enter ------------------------------------------------------------------
  0000    120A    CLRB	0xA,4
  0001    118A    CLRB	0xA,3
  0002    2FF5    JP	0x7F5
---- start_initialization ------------------------------------------------------------------
  07F5    01F0    CLR	0x70
  07F6    01F1    CLR	0x71
  07F7    01F2    CLR	0x72
  07F8    01F3    CLR	0x73
  07F9    01F4    CLR	0x74
  07FA    01F5    CLR	0x75
  07FB    01F6    CLR	0x76
---- interrupt_function_enter ----------------------------------------------------------
---- common_function ------------------------------------------------------------------
  0744    00F7    LD	0x77,A
  074F    0000    NOP
  0750    0064    CLRWDT
  0768    00F8    LD	0x78,A
  07AD    00F9    LD	0x79,A
  07FC    0183    CLR	0x3
  07FD    120A    CLRB	0xA,4
  07FE    118A    CLRB	0xA,3
  07FF    2F85    JP	0x785
