

Microchip Technology PIC PRO Macro Assembler V1.45 build -152302408 
                                                                                               Thu May 14 15:57:23 2026

Microchip Technology Omniscient Code Generator v1.45 (PRO mode) build 201711160504
     1                           	processor	SC8F096
     2                           	opt	pw 120
     3                           	opt	pm
     4                           	psect	text0,local,class=CODE,merge=1,delta=2
     5                           	psect	cinit,global,class=CODE,merge=1,delta=2
     6                           	psect	bitbssCOMMON,global,bit,class=COMMON,space=1,delta=1
     7                           	psect	bssCOMMON,global,class=COMMON,space=1,delta=1
     8                           	psect	cstackCOMMON,global,class=COMMON,space=1,delta=1
     9                           	psect	maintext,global,class=CODE,split=1,delta=2
    10                           	psect	text1,local,class=CODE,merge=1,delta=2
    11                           	psect	text2,local,class=CODE,merge=1,delta=2
    12                           	psect	intentry,global,class=CODE,delta=2
    13                           	psect	pa_nodes0,global,class=CODE,delta=2
    14                           	dabs	1,0x7E,2
    15  0000                     
    16                           ; Version 1.45
    17                           ; Generated 16/11/2017 GMT
    18                           ; 
    19                           ; Copyright Â© 2017, Microchip Technology Inc. and its subsidiaries ("Microchip")
    20                           ; All rights reserved.
    21                           ; 
    22                           ; This software is developed by Microchip Technology Inc. and its subsidiaries ("Microch
      +                          ip").
    23                           ; 
    24                           ; Redistribution and use in source and binary forms, with or without modification, are
    25                           ; permitted provided that the following conditions are met:
    26                           ; 
    27                           ;     1. Redistributions of source code must retain the above copyright notice, this lis
      +                          t of
    28                           ;        conditions and the following disclaimer.
    29                           ; 
    30                           ;     2. Redistributions in binary form must reproduce the above copyright notice, this 
      +                          list
    31                           ;        of conditions and the following disclaimer in the documentation and/or other
    32                           ;        materials provided with the distribution.
    33                           ; 
    34                           ;     3. Microchip's name may not be used to endorse or promote products derived from th
      +                          is
    35                           ;        software without specific prior written permission.
    36                           ; 
    37                           ; THIS SOFTWARE IS PROVIDED BY MICROCHIP "AS IS" AND ANY EXPRESS OR IMPLIED WARRANTIES,
    38                           ; INCLUDING, BUT NOT LIMITED TO, THE IMPLIED WARRANTIES OF MERCHANTABILITY AND FITNESS F
      +                          OR
    39                           ; PURPOSE ARE DISCLAIMED.  IN NO EVENT SHALL MICROCHIP BE LIABLE FOR ANY DIRECT, INDIREC
      +                          T,
    40                           ; INCIDENTAL, SPECIAL, EXEMPLARY, OR CONSEQUENTIAL DAMAGES (INCLUDING BUT NOT LIMITED TO
    41                           ; PROCUREMENT OF SUBSTITUTE GOODS OR SERVICES; LOSS OF USE, DATA OR PROFITS; OR BUSINESS
    42                           ; INTERRUPTION) HOWSOEVER CAUSED AND ON ANY THEORY OF LIABILITY, WHETHER IN CONTRACT, ST
      +                          RICT
    43                           ; LIABILITY, OR TORT (INCLUDING NEGLIGENCE OR OTHERWISE) ARISING IN ANY WAY OUT OF THE U
      +                          SE OF
    44                           ; THIS SOFTWARE, EVEN IF ADVISED OF THE POSSIBILITY OF SUCH DAMAGE.
    45                           ; 
    46                           ; 
    47                           ; Code-generator required, PIC16F887 Definitions
    48                           ; 
    49                           ; SFR Addresses
    50  0000                     	;# 
    51  0001                     	;# 
    52  0002                     	;# 
    53  0003                     	;# 
    54  0004                     	;# 
    55  0005                     	;# 
    56  0006                     	;# 
    57  0007                     	;# 
    58  0008                     	;# 
    59  0009                     	;# 
    60  000A                     	;# 
    61  000B                     	;# 
    62  000C                     	;# 
    63  000D                     	;# 
    64  000E                     	;# 
    65  000F                     	;# 
    66  0010                     	;# 
    67  0011                     	;# 
    68  0012                     	;# 
    69  0013                     	;# 
    70  0014                     	;# 
    71  0015                     	;# 
    72  0016                     	;# 
    73  0017                     	;# 
    74  0018                     	;# 
    75  0019                     	;# 
    76  001A                     	;# 
    77  001B                     	;# 
    78  001C                     	;# 
    79  001D                     	;# 
    80  001E                     	;# 
    81  001F                     	;# 
    82  0081                     	;# 
    83  0085                     	;# 
    84  0086                     	;# 
    85  0087                     	;# 
    86  0088                     	;# 
    87  0089                     	;# 
    88  008C                     	;# 
    89  008D                     	;# 
    90  008E                     	;# 
    91  008F                     	;# 
    92  0090                     	;# 
    93  0091                     	;# 
    94  0092                     	;# 
    95  0093                     	;# 
    96  0094                     	;# 
    97  0095                     	;# 
    98  0096                     	;# 
    99  0098                     	;# 
   100  0099                     	;# 
   101  009A                     	;# 
   102  009B                     	;# 
   103  009C                     	;# 
   104  009D                     	;# 
   105  009E                     	;# 
   106  009F                     	;# 
   107  0105                     	;# 
   108  0106                     	;# 
   109  0107                     	;# 
   110  0108                     	;# 
   111  0109                     	;# 
   112  010C                     	;# 
   113  010D                     	;# 
   114  010E                     	;# 
   115  010F                     	;# 
   116  0110                     	;# 
   117  0111                     	;# 
   118  0112                     	;# 
   119  0113                     	;# 
   120  0114                     	;# 
   121  0115                     	;# 
   122  0116                     	;# 
   123  0117                     	;# 
   124  0118                     	;# 
   125  0119                     	;# 
   126  011A                     	;# 
   127  011B                     	;# 
   128  011C                     	;# 
   129  011D                     	;# 
   130  011E                     	;# 
   131  011F                     	;# 
   132  0181                     	;# 
   133  0185                     	;# 
   134  0186                     	;# 
   135  0187                     	;# 
   136  0188                     	;# 
   137  0189                     	;# 
   138  018C                     	;# 
   139  018D                     	;# 
   140  018E                     	;# 
   141  018F                     	;# 
   142  0190                     	;# 
   143  0191                     	;# 
   144  0192                     	;# 
   145  0193                     	;# 
   146  0194                     	;# 
   147  0195                     	;# 
   148  0196                     	;# 
   149  0197                     	;# 
   150  0198                     	;# 
   151  0199                     	;# 
   152  019A                     	;# 
   153  019B                     	;# 
   154  019C                     	;# 
   155  019D                     	;# 
   156  019E                     	;# 
   157  019F                     	;# 
   158                           
   159                           	psect	text0
   160  0000                     __ptext0:	
   161  0014                     _OSCCON	set	20
   162  0013                     _T2CON	set	19
   163  0011                     _PR2	set	17
   164  000E                     _PIE1	set	14
   165  000D                     _PIR1	set	13
   166  000B                     _INTCON	set	11
   167  0005                     _TRISB	set	5
   168  0071                     _TMR2IE	set	113
   169  0069                     _TMR2IF	set	105
   170  0085                     _TRISA	set	133
   171  011F                     _SEGEN1	set	287
   172  011E                     _LCDCON1	set	286
   173  011D                     _LCDCON0	set	285
   174  0110                     _PIE2	set	272
   175  010F                     _PIR2	set	271
   176  0105                     _TRISC	set	261
   177  08EE                     _LEDEN	set	2286
   178  019F                     _SEGEN3	set	415
   179  019E                     _COMEN	set	414
   180  019D                     _LCDDATA	set	413
   181  019C                     _LCDADD	set	412
   182  0CE7                     _LCDCS	set	3303
   183  0CF8                     _LCDDATA8	set	3320
   184                           
   185                           	psect	cinit
   186  000F                     start_initialization:	
   187                           ; #config settings
   188                           
   189  000F                     __initialization:	
   190                           
   191                           ; Clear objects allocated to BITCOMMON
   192  000F  01F4               	clrf	(__pbitbssCOMMON/(0+8))& (0+127)
   193                           
   194                           ; Clear objects allocated to COMMON
   195  0010  01F0               	clrf	__pbssCOMMON& (0+127)
   196  0011  01F1               	clrf	(__pbssCOMMON+1)& (0+127)
   197  0012                     end_of_initialization:	
   198                           ;End of C runtime variable initialization code
   199                           
   200  0012                     __end_of__initialization:	
   201  0012  0183               	clrf	3
   202  0013  120A  118A  2816   	ljmp	_main	;jump to C main() function
   203                           
   204                           	psect	bitbssCOMMON
   205  03A0                     __pbitbssCOMMON:	
   206  03A0                     _B_MainLoop:	
   207  03A0                     	ds	1
   208                           
   209                           	psect	bssCOMMON
   210  0070                     __pbssCOMMON:	
   211  0070                     Timer_Isr@tcount:	
   212  0070                     	ds	1
   213  0071                     _sec:	
   214  0071                     	ds	1
   215                           
   216                           	psect	cstackCOMMON
   217  0072                     __pcstackCOMMON:	
   218  0072                     ?_Set_LED_Moudle:	
   219  0072                     ?_main:	
   220                           ; 1 bytes @ 0x0
   221                           
   222  0072                     ?_Timer_Isr:	
   223                           ; 1 bytes @ 0x0
   224                           
   225  0072                     ??_Timer_Isr:	
   226                           ; 1 bytes @ 0x0
   227                           
   228                           
   229                           ; 1 bytes @ 0x0
   230  0072                     	ds	2
   231  0074                     ??_Set_LED_Moudle:	
   232  0074                     ??_main:	
   233                           ; 1 bytes @ 0x2
   234                           
   235                           
   236                           	psect	maintext
   237  0016                     __pmaintext:	
   238                           ; 1 bytes @ 0x2
   239 ;;
   240 ;;Main: autosize = 0, tempsize = 0, incstack = 0, save=0
   241 ;;
   242 ;; *************** function _main *****************
   243 ;; Defined at:
   244 ;;		line 10 in file "E:\1.workspace\7.other\17.charge_demo\charge_demo\01-data\SC8F096AD832NPR_QFN32żŞ·˘×ĘÁĎ\SC8F096żŞ·˘
      +°ü\SC8F096_DEMO_C\SC8F096_Led_Demo\SC8F096_Led_Demo.c"
   245 ;; Parameters:    Size  Location     Type
   246 ;;		None
   247 ;; Auto vars:     Size  Location     Type
   248 ;;		None
   249 ;; Return value:  Size  Location     Type
   250 ;;                  1    wreg      void 
   251 ;; Registers used:
   252 ;;		wreg, status,2, status,0, pclath, cstack
   253 ;; Tracked objects:
   254 ;;		On entry : B00/0
   255 ;;		On exit  : 300/200
   256 ;;		Unchanged: 0/0
   257 ;; Data sizes:     COMMON   BANK0   BANK1   BANK3   BANK2
   258 ;;      Params:         0       0       0       0       0
   259 ;;      Locals:         0       0       0       0       0
   260 ;;      Temps:          0       0       0       0       0
   261 ;;      Totals:         0       0       0       0       0
   262 ;;Total ram usage:        0 bytes
   263 ;; Hardware stack levels required when called:    2
   264 ;; This function calls:
   265 ;;		_Set_LED_Moudle
   266 ;; This function is called by:
   267 ;;		Startup code after reset
   268 ;; This function uses a non-reentrant model
   269 ;;
   270                           
   271                           
   272                           ;psect for function _main
   273  0016                     _main:	
   274                           
   275                           ;incstack = 0
   276                           ; Regs used in _main: [wreg+status,2+status,0+pclath+cstack]
   277  0016  0000               	nop	;# 
   278  0017  0064               	clrwdt	;# 
   279                           
   280                           ;SC8F096_Led_Demo.c: 15: OSCCON = 0x70;
   281  0018  3070               	movlw	112
   282  0019  1283               	bcf	3,5	;RP0=0, select bank0
   283  001A  1303               	bcf	3,6	;RP1=0, select bank0
   284  001B  0094               	movwf	20	;volatile
   285                           
   286                           ;SC8F096_Led_Demo.c: 16: INTCON = 0;
   287  001C  018B               	clrf	11	;volatile
   288                           
   289                           ;SC8F096_Led_Demo.c: 18: PIR1 = 0;
   290  001D  018D               	clrf	13	;volatile
   291                           
   292                           ;SC8F096_Led_Demo.c: 19: PIE1 = 0;
   293  001E  018E               	clrf	14	;volatile
   294                           
   295                           ;SC8F096_Led_Demo.c: 20: PIR2 = 0;
   296  001F  1703               	bsf	3,6	;RP1=1, select bank2
   297  0020  018F               	clrf	15	;volatile
   298                           
   299                           ;SC8F096_Led_Demo.c: 21: PIE2 = 0;
   300  0021  0190               	clrf	16	;volatile
   301                           
   302                           ;SC8F096_Led_Demo.c: 23: PR2 = 124;
   303  0022  307C               	movlw	124
   304  0023  1303               	bcf	3,6	;RP1=0, select bank0
   305  0024  0091               	movwf	17	;volatile
   306                           
   307                           ;SC8F096_Led_Demo.c: 24: TMR2IF = 0;
   308  0025  108D               	bcf	13,1	;volatile
   309                           
   310                           ;SC8F096_Led_Demo.c: 25: TMR2IE = 1;
   311  0026  148E               	bsf	14,1	;volatile
   312                           
   313                           ;SC8F096_Led_Demo.c: 26: T2CON = 0x05;
   314  0027  3005               	movlw	5
   315  0028  0093               	movwf	19	;volatile
   316                           
   317                           ;SC8F096_Led_Demo.c: 28: INTCON = 0XC0;
   318  0029  30C0               	movlw	192
   319  002A  008B               	movwf	11	;volatile
   320                           
   321                           ;SC8F096_Led_Demo.c: 30: TRISC = 0B00000011;
   322  002B  3003               	movlw	3
   323  002C  1703               	bsf	3,6	;RP1=1, select bank2
   324  002D  0085               	movwf	5	;volatile
   325                           
   326                           ;SC8F096_Led_Demo.c: 31: TRISB = 0B11111111;
   327  002E  30FF               	movlw	255
   328  002F  1303               	bcf	3,6	;RP1=0, select bank0
   329  0030  0085               	movwf	5	;volatile
   330                           
   331                           ;SC8F096_Led_Demo.c: 32: TRISA = 0B00000001;
   332  0031  3001               	movlw	1
   333  0032  1683               	bsf	3,5	;RP0=1, select bank1
   334  0033  0085               	movwf	5	;volatile
   335                           
   336                           ;SC8F096_Led_Demo.c: 34: Set_LED_Moudle();
   337  0034  120A  118A  2085  120A  118A  	fcall	_Set_LED_Moudle
   338  0039                     l672:	
   339                           
   340                           ;SC8F096_Led_Demo.c: 37: {
   341                           ;SC8F096_Led_Demo.c: 38: if(B_MainLoop)
   342  0039  1C74               	btfss	_B_MainLoop/(0+8),_B_MainLoop& (0+7)
   343  003A  2839               	goto	l672
   344                           
   345                           ;SC8F096_Led_Demo.c: 39: {
   346                           ;SC8F096_Led_Demo.c: 40: B_MainLoop = 0;
   347  003B  1074               	bcf	_B_MainLoop/(0+8),_B_MainLoop& (0+7)
   348  003C  0064               	clrwdt	;# 
   349                           
   350                           ;SC8F096_Led_Demo.c: 42: ++sec;
   351  003D  0AF1               	incf	_sec,f	;volatile
   352                           
   353                           ;SC8F096_Led_Demo.c: 43: if(sec >= 250)
   354  003E  30FA               	movlw	250
   355  003F  0271               	subwf	_sec,w	;volatile
   356  0040  1C03               	skipc
   357  0041  2839               	goto	l672
   358                           
   359                           ;SC8F096_Led_Demo.c: 44: {
   360                           ;SC8F096_Led_Demo.c: 45: sec = 0;
   361  0042  01F1               	clrf	_sec	;volatile
   362                           
   363                           ;SC8F096_Led_Demo.c: 46: LCDADD = 0B10000000;
   364  0043  3080               	movlw	128
   365  0044  1683               	bsf	3,5	;RP0=1, select bank3
   366  0045  1703               	bsf	3,6	;RP1=1, select bank3
   367  0046  009C               	movwf	28	;volatile
   368                           
   369                           ;SC8F096_Led_Demo.c: 61: LCDDATA = 0x01;
   370  0047  3001               	movlw	1
   371  0048  009D               	movwf	29	;volatile
   372                           
   373                           ;SC8F096_Led_Demo.c: 62: LCDDATA8 = 1;
   374  0049  141F               	bsf	31,0	;volatile
   375                           
   376                           ;SC8F096_Led_Demo.c: 63: LCDADD++;
   377  004A  0A9C               	incf	28,f	;volatile
   378                           
   379                           ;SC8F096_Led_Demo.c: 65: LCDDATA = 0x02;
   380  004B  3002               	movlw	2
   381  004C  009D               	movwf	29	;volatile
   382                           
   383                           ;SC8F096_Led_Demo.c: 66: LCDDATA8 = 1;
   384  004D  141F               	bsf	31,0	;volatile
   385                           
   386                           ;SC8F096_Led_Demo.c: 67: LCDADD++;
   387  004E  0A9C               	incf	28,f	;volatile
   388                           
   389                           ;SC8F096_Led_Demo.c: 69: LCDDATA = 0x04;
   390  004F  3004               	movlw	4
   391  0050  009D               	movwf	29	;volatile
   392                           
   393                           ;SC8F096_Led_Demo.c: 70: LCDDATA8 = 1;
   394  0051  141F               	bsf	31,0	;volatile
   395                           
   396                           ;SC8F096_Led_Demo.c: 71: LCDADD++;
   397  0052  0A9C               	incf	28,f	;volatile
   398                           
   399                           ;SC8F096_Led_Demo.c: 73: LCDDATA = 0x08;
   400  0053  3008               	movlw	8
   401  0054  009D               	movwf	29	;volatile
   402                           
   403                           ;SC8F096_Led_Demo.c: 74: LCDDATA8 = 1;
   404  0055  141F               	bsf	31,0	;volatile
   405                           
   406                           ;SC8F096_Led_Demo.c: 75: LCDADD++;
   407  0056  0A9C               	incf	28,f	;volatile
   408                           
   409                           ;SC8F096_Led_Demo.c: 77: LCDDATA = 0x10;
   410  0057  3010               	movlw	16
   411  0058  009D               	movwf	29	;volatile
   412                           
   413                           ;SC8F096_Led_Demo.c: 78: LCDDATA8 = 1;
   414  0059  141F               	bsf	31,0	;volatile
   415                           
   416                           ;SC8F096_Led_Demo.c: 79: LCDADD++;
   417  005A  0A9C               	incf	28,f	;volatile
   418                           
   419                           ;SC8F096_Led_Demo.c: 81: LCDDATA = 0x20;
   420  005B  3020               	movlw	32
   421  005C  009D               	movwf	29	;volatile
   422                           
   423                           ;SC8F096_Led_Demo.c: 82: LCDDATA8 = 1;
   424  005D  141F               	bsf	31,0	;volatile
   425                           
   426                           ;SC8F096_Led_Demo.c: 83: LCDADD++;
   427  005E  0A9C               	incf	28,f	;volatile
   428                           
   429                           ;SC8F096_Led_Demo.c: 85: LCDDATA = 0x40;
   430  005F  3040               	movlw	64
   431  0060  009D               	movwf	29	;volatile
   432                           
   433                           ;SC8F096_Led_Demo.c: 86: LCDDATA8 = 1;
   434  0061  141F               	bsf	31,0	;volatile
   435                           
   436                           ;SC8F096_Led_Demo.c: 87: LCDADD++;
   437  0062  0A9C               	incf	28,f	;volatile
   438                           
   439                           ;SC8F096_Led_Demo.c: 89: LCDDATA = 0x80;
   440  0063  3080               	movlw	128
   441  0064  009D               	movwf	29	;volatile
   442                           
   443                           ;SC8F096_Led_Demo.c: 90: LCDDATA8 = 1;
   444  0065  141F               	bsf	31,0	;volatile
   445                           
   446                           ;SC8F096_Led_Demo.c: 91: LCDADD++;
   447  0066  0A9C               	incf	28,f	;volatile
   448                           
   449                           ;SC8F096_Led_Demo.c: 93: LCDDATA = 0x01F;
   450  0067  301F               	movlw	31
   451  0068  009D               	movwf	29	;volatile
   452                           
   453                           ;SC8F096_Led_Demo.c: 94: LCDDATA8 = 1;
   454  0069  141F               	bsf	31,0	;volatile
   455                           
   456                           ;SC8F096_Led_Demo.c: 95: LCDADD++;
   457  006A  0A9C               	incf	28,f	;volatile
   458                           
   459                           ;SC8F096_Led_Demo.c: 97: LCDDATA = 0xFF;
   460  006B  30FF               	movlw	255
   461  006C  009D               	movwf	29	;volatile
   462                           
   463                           ;SC8F096_Led_Demo.c: 98: LCDDATA8 = 1;
   464  006D  141F               	bsf	31,0	;volatile
   465                           
   466                           ;SC8F096_Led_Demo.c: 100: LCDCS = 0;
   467  006E  139C               	bcf	28,7	;volatile
   468                           
   469                           ;SC8F096_Led_Demo.c: 102: LEDEN = 1;
   470  006F  1283               	bcf	3,5	;RP0=0, select bank2
   471  0070  171D               	bsf	29,6	;volatile
   472  0071  2839               	goto	l672
   473  0072                     __end_of_main:	
   474                           
   475                           	psect	text1
   476  0085                     __ptext1:	
   477 ;; *************** function _Set_LED_Moudle *****************
   478 ;; Defined at:
   479 ;;		line 132 in file "E:\1.workspace\7.other\17.charge_demo\charge_demo\01-data\SC8F096AD832NPR_QFN32żŞ·˘×ĘÁĎ\SC8F096żŞ·
      +˘°ü\SC8F096_DEMO_C\SC8F096_Led_Demo\SC8F096_Led_Demo.c"
   480 ;; Parameters:    Size  Location     Type
   481 ;;		None
   482 ;; Auto vars:     Size  Location     Type
   483 ;;		None
   484 ;; Return value:  Size  Location     Type
   485 ;;                  1    wreg      void 
   486 ;; Registers used:
   487 ;;		wreg, status,2
   488 ;; Tracked objects:
   489 ;;		On entry : 300/100
   490 ;;		On exit  : 300/300
   491 ;;		Unchanged: 0/0
   492 ;; Data sizes:     COMMON   BANK0   BANK1   BANK3   BANK2
   493 ;;      Params:         0       0       0       0       0
   494 ;;      Locals:         0       0       0       0       0
   495 ;;      Temps:          0       0       0       0       0
   496 ;;      Totals:         0       0       0       0       0
   497 ;;Total ram usage:        0 bytes
   498 ;; Hardware stack levels used:    1
   499 ;; Hardware stack levels required when called:    1
   500 ;; This function calls:
   501 ;;		Nothing
   502 ;; This function is called by:
   503 ;;		_main
   504 ;; This function uses a non-reentrant model
   505 ;;
   506                           
   507                           
   508                           ;psect for function _Set_LED_Moudle
   509  0085                     _Set_LED_Moudle:	
   510                           
   511                           ;SC8F096_Led_Demo.c: 135: LCDCON0 = 0B00111011;
   512                           
   513                           ;incstack = 0
   514                           ; Regs used in _Set_LED_Moudle: [wreg+status,2]
   515  0085  303B               	movlw	59
   516  0086  1283               	bcf	3,5	;RP0=0, select bank2
   517  0087  1703               	bsf	3,6	;RP1=1, select bank2
   518  0088  009D               	movwf	29	;volatile
   519                           
   520                           ;SC8F096_Led_Demo.c: 164: LCDCON1 = 0;
   521  0089  019E               	clrf	30	;volatile
   522                           
   523                           ;SC8F096_Led_Demo.c: 171: COMEN = 0B00000011;
   524  008A  3003               	movlw	3
   525  008B  1683               	bsf	3,5	;RP0=1, select bank3
   526  008C  009E               	movwf	30	;volatile
   527                           
   528                           ;SC8F096_Led_Demo.c: 172: SEGEN1 = 0xff;
   529  008D  30FF               	movlw	255
   530  008E  1283               	bcf	3,5	;RP0=0, select bank2
   531  008F  009F               	movwf	31	;volatile
   532                           
   533                           ;SC8F096_Led_Demo.c: 173: SEGEN3 = 0B01000000;
   534  0090  3040               	movlw	64
   535  0091  1683               	bsf	3,5	;RP0=1, select bank3
   536  0092  009F               	movwf	31	;volatile
   537  0093  0008               	return
   538  0094                     __end_of_Set_LED_Moudle:	
   539                           
   540                           	psect	text2
   541  0072                     __ptext2:	
   542 ;; *************** function _Timer_Isr *****************
   543 ;; Defined at:
   544 ;;		line 110 in file "E:\1.workspace\7.other\17.charge_demo\charge_demo\01-data\SC8F096AD832NPR_QFN32żŞ·˘×ĘÁĎ\SC8F096żŞ·
      +˘°ü\SC8F096_DEMO_C\SC8F096_Led_Demo\SC8F096_Led_Demo.c"
   545 ;; Parameters:    Size  Location     Type
   546 ;;		None
   547 ;; Auto vars:     Size  Location     Type
   548 ;;		None
   549 ;; Return value:  Size  Location     Type
   550 ;;                  1    wreg      void 
   551 ;; Registers used:
   552 ;;		wreg, status,2, status,0
   553 ;; Tracked objects:
   554 ;;		On entry : 0/0
   555 ;;		On exit  : 300/0
   556 ;;		Unchanged: 0/0
   557 ;; Data sizes:     COMMON   BANK0   BANK1   BANK3   BANK2
   558 ;;      Params:         0       0       0       0       0
   559 ;;      Locals:         0       0       0       0       0
   560 ;;      Temps:          2       0       0       0       0
   561 ;;      Totals:         2       0       0       0       0
   562 ;;Total ram usage:        2 bytes
   563 ;; Hardware stack levels used:    1
   564 ;; This function calls:
   565 ;;		Nothing
   566 ;; This function is called by:
   567 ;;		Interrupt level 1
   568 ;; This function uses a non-reentrant model
   569 ;;
   570                           
   571                           
   572                           ;psect for function _Timer_Isr
   573  0072                     _Timer_Isr:	
   574                           
   575                           ;SC8F096_Led_Demo.c: 112: static unsigned char tcount = 0;
   576                           ;SC8F096_Led_Demo.c: 114: if(TMR2IF)
   577  0072  1283               	bcf	3,5	;RP0=0, select bank0
   578  0073  1303               	bcf	3,6	;RP1=0, select bank0
   579  0074  1C8D               	btfss	13,1	;volatile
   580  0075  287E               	goto	i1l251
   581                           
   582                           ;SC8F096_Led_Demo.c: 115: {
   583                           ;SC8F096_Led_Demo.c: 116: TMR2IF = 0;
   584  0076  108D               	bcf	13,1	;volatile
   585                           
   586                           ;SC8F096_Led_Demo.c: 117: if(++tcount >= 40)
   587  0077  3028               	movlw	40
   588  0078  0AF0               	incf	Timer_Isr@tcount,f
   589  0079  0270               	subwf	Timer_Isr@tcount,w
   590  007A  1C03               	skipc
   591  007B  287E               	goto	i1l251
   592                           
   593                           ;SC8F096_Led_Demo.c: 118: {
   594                           ;SC8F096_Led_Demo.c: 119: tcount = 0;
   595  007C  01F0               	clrf	Timer_Isr@tcount
   596                           
   597                           ;SC8F096_Led_Demo.c: 120: B_MainLoop = 1;
   598  007D  1474               	bsf	_B_MainLoop/(0+8),_B_MainLoop& (0+7)
   599  007E                     i1l251:	
   600  007E  0873               	movf	??_Timer_Isr+1,w
   601  007F  008A               	movwf	10
   602  0080  0E72               	swapf	??_Timer_Isr^(0+-128),w
   603  0081  0083               	movwf	3
   604  0082  0EFE               	swapf	126,f
   605  0083  0E7E               	swapf	126,w
   606  0084  0009               	retfie
   607  0085                     __end_of_Timer_Isr:	
   608  007E                     btemp	set	126	;btemp
   609  007E                     wtemp0	set	126
   610                           
   611                           	psect	intentry
   612  0004                     __pintentry:	
   613                           ;incstack = 0
   614                           ; Regs used in _Timer_Isr: [wreg+status,2+status,0]
   615                           
   616  0004                     interrupt_function:	
   617  007E                     saved_w	set	btemp
   618  0004  00FE               	movwf	btemp
   619  0005  0E03               	swapf	3,w
   620  0006  00F2               	movwf	??_Timer_Isr
   621  0007  080A               	movf	10,w
   622  0008  00F3               	movwf	??_Timer_Isr+1
   623  0009  120A  118A  2872   	ljmp	_Timer_Isr


Data Sizes:
    Strings     0
    Constant    0
    Data        0
    BSS         2
    Persistent  0
    Stack       0

Auto Spaces:
    Space          Size  Autos    Used
    COMMON           14      2       5
    BANK0            80      0       0
    BANK1            80      0       0
    BANK3            80      0       0
    BANK2            80      0       0

Pointer List with Targets:

    None.

Critical Paths under _main in COMMON

    None.

Critical Paths under _Timer_Isr in COMMON

    None.

Critical Paths under _main in BANK0

    None.

Critical Paths under _Timer_Isr in BANK0

    None.

Critical Paths under _main in BANK1

    None.

Critical Paths under _Timer_Isr in BANK1

    None.

Critical Paths under _main in BANK3

    None.

Critical Paths under _Timer_Isr in BANK3

    None.

Critical Paths under _main in BANK2

    None.

Critical Paths under _Timer_Isr in BANK2

    None.

Call Graph Tables:

 ---------------------------------------------------------------------------------
 (Depth) Function   	        Calls       Base Space   Used Autos Params    Refs
 ---------------------------------------------------------------------------------
 (0) _main                                                 0     0      0       0
                     _Set_LED_Moudle
 ---------------------------------------------------------------------------------
 (1) _Set_LED_Moudle                                       0     0      0       0
 ---------------------------------------------------------------------------------
 Estimated maximum stack depth 1
 ---------------------------------------------------------------------------------
 (Depth) Function   	        Calls       Base Space   Used Autos Params    Refs
 ---------------------------------------------------------------------------------
 (2) _Timer_Isr                                            2     2      0       0
                                              0 COMMON     2     2      0
 ---------------------------------------------------------------------------------
 Estimated maximum stack depth 2
 ---------------------------------------------------------------------------------

 Call Graph Graphs:

 _main (ROOT)
   _Set_LED_Moudle

 _Timer_Isr (ROOT)

 Address spaces:
Name               Size   Autos  Total    Cost      Usage
BITCOMMON            E      0       1       0        7.1%
NULL                 0      0       0       0        0.0%
CODE                 0      0       0       0        0.0%
COMMON               E      2       5       1       35.7%
BITSFR0              0      0       0       1        0.0%
SFR0                 0      0       0       1        0.0%
BITSFR1              0      0       0       2        0.0%
SFR1                 0      0       0       2        0.0%
STACK                0      0       0       2        0.0%
BITBANK0            50      0       0       3        0.0%
BANK0               50      0       0       4        0.0%
BITSFR3              0      0       0       4        0.0%
SFR3                 0      0       0       4        0.0%
BITBANK1            50      0       0       5        0.0%
BITSFR2              0      0       0       5        0.0%
SFR2                 0      0       0       5        0.0%
BANK1               50      0       0       6        0.0%
BITBANK3            50      0       0       7        0.0%
BANK3               50      0       0       8        0.0%
BITBANK2            50      0       0       9        0.0%
BANK2               50      0       0      10        0.0%
ABS                  0      0       5      11        0.0%
DATA                 0      0       5      12        0.0%


Microchip Technology PIC Macro Assembler V1.45 build -152302408 
Symbol Table                                                                                   Thu May 14 15:57:23 2026

                    l672 0039                      _PR2 0011                      _sec 0071  
                   _PIE1 000E                     _PIE2 0110                     _PIR1 000D  
                   _PIR2 010F                     _main 0016                     btemp 007E  
                   start 000C                    ?_main 0072                    _COMEN 019E  
                  _LCDCS 0CE7                    _T2CON 0013                    _LEDEN 08EE  
                  i1l251 007E                    _TRISA 0085                    _TRISB 0005  
                  _TRISC 0105           __pbitbssCOMMON 03A0                    pclath 000A  
                  status 0003                    wtemp0 007E          __initialization 000F  
           __end_of_main 0072                   ??_main 0074                   _LCDADD 019C  
                 _INTCON 000B                   _SEGEN1 011F                   _SEGEN3 019F  
                 _OSCCON 0014                   _TMR2IE 0071                   _TMR2IF 0069  
     __size_of_Timer_Isr 0013                   saved_w 007E  __end_of__initialization 0012  
         __pcstackCOMMON 0072        __end_of_Timer_Isr 0085               __pmaintext 0016  
             __pintentry 0004                  _LCDDATA 019D                  _LCDCON0 011D  
                _LCDCON1 011E                  __ptext0 0000                  __ptext1 0085  
                __ptext2 0072  __size_of_Set_LED_Moudle 000F     end_of_initialization 0012  
        Timer_Isr@tcount 0070      start_initialization 000F                _Timer_Isr 0072  
         _Set_LED_Moudle 0085              __pbssCOMMON 0070                ___latbits 0002  
             ?_Timer_Isr 0072   __end_of_Set_LED_Moudle 0094                 _LCDDATA8 0CF8  
      interrupt_function 0004          ?_Set_LED_Moudle 0072              ??_Timer_Isr 0072  
          __size_of_main 005C                 intlevel1 0000               _B_MainLoop 03A0  
       ??_Set_LED_Moudle 0074  
