

Microchip Technology PIC PRO Macro Assembler V1.45 build -152302408 
                                                                                               Fri Sep 20 08:55:20 2024

Microchip Technology Omniscient Code Generator v1.45 (PRO mode) build 201711160504
     1                           	processor	SC8F096AD
     2                           	opt	pw 120
     3                           	opt	pm
     4                           	psect	cinit,global,class=CODE,merge=1,delta=2
     5                           	psect	bssCOMMON,global,class=COMMON,space=1,delta=1
     6                           	psect	cstackCOMMON,global,class=COMMON,space=1,delta=1
     7                           	psect	maintext,global,class=CODE,split=1,delta=2
     8                           	psect	text1,local,class=CODE,merge=1,delta=2
     9                           	psect	text2,local,class=CODE,merge=1,delta=2
    10                           	psect	intentry,global,class=CODE,delta=2
    11                           	psect	pa_nodes0,global,class=CODE,delta=2
    12                           	dabs	1,0x7E,2
    13  0000                     
    14                           ; Version 1.45
    15                           ; Generated 16/11/2017 GMT
    16                           ; 
    17                           ; Copyright Â© 2017, Microchip Technology Inc. and its subsidiaries ("Microchip")
    18                           ; All rights reserved.
    19                           ; 
    20                           ; This software is developed by Microchip Technology Inc. and its subsidiaries ("Microch
      +                          ip").
    21                           ; 
    22                           ; Redistribution and use in source and binary forms, with or without modification, are
    23                           ; permitted provided that the following conditions are met:
    24                           ; 
    25                           ;     1. Redistributions of source code must retain the above copyright notice, this lis
      +                          t of
    26                           ;        conditions and the following disclaimer.
    27                           ; 
    28                           ;     2. Redistributions in binary form must reproduce the above copyright notice, this 
      +                          list
    29                           ;        of conditions and the following disclaimer in the documentation and/or other
    30                           ;        materials provided with the distribution.
    31                           ; 
    32                           ;     3. Microchip's name may not be used to endorse or promote products derived from th
      +                          is
    33                           ;        software without specific prior written permission.
    34                           ; 
    35                           ; THIS SOFTWARE IS PROVIDED BY MICROCHIP "AS IS" AND ANY EXPRESS OR IMPLIED WARRANTIES,
    36                           ; INCLUDING, BUT NOT LIMITED TO, THE IMPLIED WARRANTIES OF MERCHANTABILITY AND FITNESS F
      +                          OR
    37                           ; PURPOSE ARE DISCLAIMED.  IN NO EVENT SHALL MICROCHIP BE LIABLE FOR ANY DIRECT, INDIREC
      +                          T,
    38                           ; INCIDENTAL, SPECIAL, EXEMPLARY, OR CONSEQUENTIAL DAMAGES (INCLUDING BUT NOT LIMITED TO
    39                           ; PROCUREMENT OF SUBSTITUTE GOODS OR SERVICES; LOSS OF USE, DATA OR PROFITS; OR BUSINESS
    40                           ; INTERRUPTION) HOWSOEVER CAUSED AND ON ANY THEORY OF LIABILITY, WHETHER IN CONTRACT, ST
      +                          RICT
    41                           ; LIABILITY, OR TORT (INCLUDING NEGLIGENCE OR OTHERWISE) ARISING IN ANY WAY OUT OF THE U
      +                          SE OF
    42                           ; THIS SOFTWARE, EVEN IF ADVISED OF THE POSSIBILITY OF SUCH DAMAGE.
    43                           ; 
    44                           ; 
    45                           ; Code-generator required, PIC16F887 Definitions
    46                           ; 
    47                           ; SFR Addresses
    48  0000                     	;# 
    49  0001                     	;# 
    50  0002                     	;# 
    51  0003                     	;# 
    52  0004                     	;# 
    53  0005                     	;# 
    54  0006                     	;# 
    55  0007                     	;# 
    56  0008                     	;# 
    57  0009                     	;# 
    58  000A                     	;# 
    59  000B                     	;# 
    60  000C                     	;# 
    61  000D                     	;# 
    62  000E                     	;# 
    63  000F                     	;# 
    64  0010                     	;# 
    65  0011                     	;# 
    66  0012                     	;# 
    67  0013                     	;# 
    68  0014                     	;# 
    69  0015                     	;# 
    70  0016                     	;# 
    71  0017                     	;# 
    72  0018                     	;# 
    73  0019                     	;# 
    74  001A                     	;# 
    75  001B                     	;# 
    76  001C                     	;# 
    77  001D                     	;# 
    78  001E                     	;# 
    79  001F                     	;# 
    80  0081                     	;# 
    81  0085                     	;# 
    82  0086                     	;# 
    83  0087                     	;# 
    84  0088                     	;# 
    85  0089                     	;# 
    86  008C                     	;# 
    87  008D                     	;# 
    88  008E                     	;# 
    89  008F                     	;# 
    90  0090                     	;# 
    91  0091                     	;# 
    92  0092                     	;# 
    93  0093                     	;# 
    94  0094                     	;# 
    95  0095                     	;# 
    96  0096                     	;# 
    97  0098                     	;# 
    98  0099                     	;# 
    99  009A                     	;# 
   100  009B                     	;# 
   101  009C                     	;# 
   102  009D                     	;# 
   103  009E                     	;# 
   104  009F                     	;# 
   105  0105                     	;# 
   106  0106                     	;# 
   107  0107                     	;# 
   108  0108                     	;# 
   109  0109                     	;# 
   110  010C                     	;# 
   111  010D                     	;# 
   112  010E                     	;# 
   113  010F                     	;# 
   114  0110                     	;# 
   115  0111                     	;# 
   116  0112                     	;# 
   117  0113                     	;# 
   118  0114                     	;# 
   119  0115                     	;# 
   120  0116                     	;# 
   121  0117                     	;# 
   122  0118                     	;# 
   123  0119                     	;# 
   124  011A                     	;# 
   125  011B                     	;# 
   126  011C                     	;# 
   127  011D                     	;# 
   128  011E                     	;# 
   129  011F                     	;# 
   130  0181                     	;# 
   131  0185                     	;# 
   132  0186                     	;# 
   133  0187                     	;# 
   134  0188                     	;# 
   135  0189                     	;# 
   136  018C                     	;# 
   137  018D                     	;# 
   138  018E                     	;# 
   139  018F                     	;# 
   140  0190                     	;# 
   141  0191                     	;# 
   142  0192                     	;# 
   143  0193                     	;# 
   144  0194                     	;# 
   145  0195                     	;# 
   146  0196                     	;# 
   147  0197                     	;# 
   148  0198                     	;# 
   149  0199                     	;# 
   150  019A                     	;# 
   151  019B                     	;# 
   152  019C                     	;# 
   153  019D                     	;# 
   154  019E                     	;# 
   155  019F                     	;# 
   156  0006                     _PORTB	set	6
   157  0005                     _TRISB	set	5
   158  0008                     _WPUB	set	8
   159  0001                     _OPTION_REG	set	1
   160  0014                     _OSCCON	set	20
   161  000B                     _INTCON	set	11
   162  005F                     _GIE	set	95
   163  005E                     _PEIE	set	94
   164  0086                     _PORTA	set	134
   165  0088                     _WPUA	set	136
   166  0085                     _TRISA	set	133
   167  087C                     _IICIF	set	2172
   168  0884                     _IICIE	set	2180
   169  0193                     _IICBUF	set	403
   170  0194                     _IICADD	set	404
   171  0190                     _IICCON	set	400
   172  0C84                     _IICCKP	set	3204
   173  0C95                     _DA	set	3221
   174  0C92                     _RW	set	3218
   175                           
   176                           	psect	cinit
   177  000F                     start_initialization:	
   178                           ; #config settings
   179                           
   180  000F                     __initialization:	
   181                           
   182                           ; Clear objects allocated to COMMON
   183  000F  01F0               	clrf	__pbssCOMMON& (0+127)
   184  0010  01F1               	clrf	(__pbssCOMMON+1)& (0+127)
   185  0011  01F2               	clrf	(__pbssCOMMON+2)& (0+127)
   186  0012  01F3               	clrf	(__pbssCOMMON+3)& (0+127)
   187  0013  01F4               	clrf	(__pbssCOMMON+4)& (0+127)
   188  0014  01F5               	clrf	(__pbssCOMMON+5)& (0+127)
   189  0015  01F6               	clrf	(__pbssCOMMON+6)& (0+127)
   190  0016                     end_of_initialization:	
   191                           ;End of C runtime variable initialization code
   192                           
   193  0016                     __end_of__initialization:	
   194  0016  0183               	clrf	3
   195  0017  120A  118A  2849   	ljmp	_main	;jump to C main() function
   196                           
   197                           	psect	bssCOMMON
   198  0070                     __pbssCOMMON:	
   199  0070                     _result2:	
   200  0070                     	ds	2
   201  0072                     _result1:	
   202  0072                     	ds	2
   203  0074                     _result:	
   204  0074                     	ds	2
   205  0076                     _IICReadData:	
   206  0076                     	ds	1
   207                           
   208                           	psect	cstackCOMMON
   209  0077                     __pcstackCOMMON:	
   210  0077                     ?_Init_System:	
   211  0077                     ?_main:	
   212                           ; 1 bytes @ 0x0
   213                           
   214  0077                     ?_IIC_Isr:	
   215                           ; 1 bytes @ 0x0
   216                           
   217  0077                     ??_IIC_Isr:	
   218                           ; 1 bytes @ 0x0
   219                           
   220                           
   221                           ; 1 bytes @ 0x0
   222  0077                     	ds	2
   223  0079                     ??_Init_System:	
   224  0079                     ??_main:	
   225                           ; 1 bytes @ 0x2
   226                           
   227                           
   228                           	psect	maintext
   229  0049                     __pmaintext:	
   230                           ; 1 bytes @ 0x2
   231 ;;
   232 ;;Main: autosize = 0, tempsize = 0, incstack = 0, save=0
   233 ;;
   234 ;; *************** function _main *****************
   235 ;; Defined at:
   236 ;;		line 37 in file "H:\MyDownloads\ËµĂ÷Ęé&˛âĘÔ±¨¸ć\żŞ·˘°ü\SC8F096ADżŞ·˘°ü\SC8F096_DEMO_C\SC8F096_IIC_Slave_Demo\SC8F096
      +_IIC_Slave_C.c"
   237 ;; Parameters:    Size  Location     Type
   238 ;;		None
   239 ;; Auto vars:     Size  Location     Type
   240 ;;		None
   241 ;; Return value:  Size  Location     Type
   242 ;;                  1    wreg      void 
   243 ;; Registers used:
   244 ;;		wreg, status,2, status,0, pclath, cstack
   245 ;; Tracked objects:
   246 ;;		On entry : B00/0
   247 ;;		On exit  : 100/0
   248 ;;		Unchanged: 0/0
   249 ;; Data sizes:     COMMON   BANK0   BANK1   BANK3   BANK2
   250 ;;      Params:         0       0       0       0       0
   251 ;;      Locals:         0       0       0       0       0
   252 ;;      Temps:          0       0       0       0       0
   253 ;;      Totals:         0       0       0       0       0
   254 ;;Total ram usage:        0 bytes
   255 ;; Hardware stack levels required when called:    2
   256 ;; This function calls:
   257 ;;		_Init_System
   258 ;; This function is called by:
   259 ;;		Startup code after reset
   260 ;; This function uses a non-reentrant model
   261 ;;
   262                           
   263                           
   264                           ;psect for function _main
   265  0049                     _main:	
   266                           
   267                           ;SC8F096_IIC_Slave_C.c: 39: Init_System();
   268                           
   269                           ;incstack = 0
   270                           ; Regs used in _main: [wreg+status,2+status,0+pclath+cstack]
   271  0049  120A  118A  2033  120A  118A  	fcall	_Init_System
   272                           
   273                           ;SC8F096_IIC_Slave_C.c: 40: TRISA |= 0B00000011;
   274  004E  3003               	movlw	3
   275  004F  1683               	bsf	3,5	;RP0=1, select bank1
   276  0050  0485               	iorwf	5,f	;volatile
   277                           
   278                           ;SC8F096_IIC_Slave_C.c: 73: IICCON = 0B00100001;
   279  0051  3021               	movlw	33
   280  0052  1703               	bsf	3,6	;RP1=1, select bank3
   281  0053  0090               	movwf	16	;volatile
   282                           
   283                           ;SC8F096_IIC_Slave_C.c: 75: IICADD = 0xa0;
   284  0054  30A0               	movlw	160
   285  0055  0094               	movwf	20	;volatile
   286                           
   287                           ;SC8F096_IIC_Slave_C.c: 76: IICIE =1;
   288  0056  1283               	bcf	3,5	;RP0=0, select bank2
   289  0057  1610               	bsf	16,4	;volatile
   290                           
   291                           ;SC8F096_IIC_Slave_C.c: 77: PEIE =1;
   292  0058  170B               	bsf	11,6	;volatile
   293                           
   294                           ;SC8F096_IIC_Slave_C.c: 78: GIE =1;
   295  0059  178B               	bsf	11,7	;volatile
   296  005A                     l60:	
   297                           ;SC8F096_IIC_Slave_C.c: 81: while(1)
   298                           
   299                           
   300                           ;SC8F096_IIC_Slave_C.c: 82: {
   301  005A  285A               	goto	l60
   302  005B                     __end_of_main:	
   303                           
   304                           	psect	text1
   305  0033                     __ptext1:	
   306 ;; *************** function _Init_System *****************
   307 ;; Defined at:
   308 ;;		line 96 in file "H:\MyDownloads\ËµĂ÷Ęé&˛âĘÔ±¨¸ć\żŞ·˘°ü\SC8F096ADżŞ·˘°ü\SC8F096_DEMO_C\SC8F096_IIC_Slave_Demo\SC8F096
      +_IIC_Slave_C.c"
   309 ;; Parameters:    Size  Location     Type
   310 ;;		None
   311 ;; Auto vars:     Size  Location     Type
   312 ;;		None
   313 ;; Return value:  Size  Location     Type
   314 ;;                  1    wreg      void 
   315 ;; Registers used:
   316 ;;		wreg, status,2
   317 ;; Tracked objects:
   318 ;;		On entry : B00/0
   319 ;;		On exit  : 300/0
   320 ;;		Unchanged: 0/0
   321 ;; Data sizes:     COMMON   BANK0   BANK1   BANK3   BANK2
   322 ;;      Params:         0       0       0       0       0
   323 ;;      Locals:         0       0       0       0       0
   324 ;;      Temps:          0       0       0       0       0
   325 ;;      Totals:         0       0       0       0       0
   326 ;;Total ram usage:        0 bytes
   327 ;; Hardware stack levels used:    1
   328 ;; Hardware stack levels required when called:    1
   329 ;; This function calls:
   330 ;;		Nothing
   331 ;; This function is called by:
   332 ;;		_main
   333 ;; This function uses a non-reentrant model
   334 ;;
   335                           
   336                           
   337                           ;psect for function _Init_System
   338  0033                     _Init_System:	
   339                           
   340                           ;incstack = 0
   341                           ; Regs used in _Init_System: [wreg+status,2]
   342  0033  0000               	nop	;# 
   343  0034  0064               	clrwdt	;# 
   344                           
   345                           ;SC8F096_IIC_Slave_C.c: 100: INTCON = 0;
   346  0035  018B               	clrf	11	;volatile
   347                           
   348                           ;SC8F096_IIC_Slave_C.c: 101: OSCCON = 0X70;
   349  0036  3070               	movlw	112
   350  0037  1283               	bcf	3,5	;RP0=0, select bank0
   351  0038  1303               	bcf	3,6	;RP1=0, select bank0
   352  0039  0094               	movwf	20	;volatile
   353                           
   354                           ;SC8F096_IIC_Slave_C.c: 102: OPTION_REG = 0;
   355  003A  0181               	clrf	1	;volatile
   356                           
   357                           ;SC8F096_IIC_Slave_C.c: 104: WPUA = 0B00000000;
   358  003B  1683               	bsf	3,5	;RP0=1, select bank1
   359  003C  0188               	clrf	8	;volatile
   360                           
   361                           ;SC8F096_IIC_Slave_C.c: 105: WPUB = 0B00001000;
   362  003D  3008               	movlw	8
   363  003E  1283               	bcf	3,5	;RP0=0, select bank0
   364  003F  0088               	movwf	8	;volatile
   365                           
   366                           ;SC8F096_IIC_Slave_C.c: 108: TRISA = 0B00000000;
   367  0040  1683               	bsf	3,5	;RP0=1, select bank1
   368  0041  0185               	clrf	5	;volatile
   369                           
   370                           ;SC8F096_IIC_Slave_C.c: 109: TRISB = 0B00001000;
   371  0042  1283               	bcf	3,5	;RP0=0, select bank0
   372  0043  0085               	movwf	5	;volatile
   373                           
   374                           ;SC8F096_IIC_Slave_C.c: 111: PORTA = 0B00000000;
   375  0044  1683               	bsf	3,5	;RP0=1, select bank1
   376  0045  0186               	clrf	6	;volatile
   377                           
   378                           ;SC8F096_IIC_Slave_C.c: 112: PORTB = 0B00000000;
   379  0046  1283               	bcf	3,5	;RP0=0, select bank0
   380  0047  0186               	clrf	6	;volatile
   381  0048  0008               	return
   382  0049                     __end_of_Init_System:	
   383                           
   384                           	psect	text2
   385  001A                     __ptext2:	
   386 ;; *************** function _IIC_Isr *****************
   387 ;; Defined at:
   388 ;;		line 123 in file "H:\MyDownloads\ËµĂ÷Ęé&˛âĘÔ±¨¸ć\żŞ·˘°ü\SC8F096ADżŞ·˘°ü\SC8F096_DEMO_C\SC8F096_IIC_Slave_Demo\SC8F09
      +6_IIC_Slave_C.c"
   389 ;; Parameters:    Size  Location     Type
   390 ;;		None
   391 ;; Auto vars:     Size  Location     Type
   392 ;;		None
   393 ;; Return value:  Size  Location     Type
   394 ;;                  1    wreg      void 
   395 ;; Registers used:
   396 ;;		wreg
   397 ;; Tracked objects:
   398 ;;		On entry : 0/0
   399 ;;		On exit  : 200/200
   400 ;;		Unchanged: 0/0
   401 ;; Data sizes:     COMMON   BANK0   BANK1   BANK3   BANK2
   402 ;;      Params:         0       0       0       0       0
   403 ;;      Locals:         0       0       0       0       0
   404 ;;      Temps:          2       0       0       0       0
   405 ;;      Totals:         2       0       0       0       0
   406 ;;Total ram usage:        2 bytes
   407 ;; Hardware stack levels used:    1
   408 ;; This function calls:
   409 ;;		Nothing
   410 ;; This function is called by:
   411 ;;		Interrupt level 1
   412 ;; This function uses a non-reentrant model
   413 ;;
   414                           
   415                           
   416                           ;psect for function _IIC_Isr
   417  001A                     _IIC_Isr:	
   418                           
   419                           ;SC8F096_IIC_Slave_C.c: 126: if(IICIF==1)
   420  001A  1283               	bcf	3,5	;RP0=0, select bank2
   421  001B  1703               	bsf	3,6	;RP1=1, select bank2
   422  001C  1E0F               	btfss	15,4	;volatile
   423  001D  282C               	goto	i1l76
   424                           
   425                           ;SC8F096_IIC_Slave_C.c: 127: {
   426                           ;SC8F096_IIC_Slave_C.c: 128: IICIF =0;
   427  001E  120F               	bcf	15,4	;volatile
   428                           
   429                           ;SC8F096_IIC_Slave_C.c: 131: if(RW==1)
   430  001F  1683               	bsf	3,5	;RP0=1, select bank3
   431  0020  1D12               	btfss	18,2	;volatile
   432  0021  2825               	goto	i1l72
   433                           
   434                           ;SC8F096_IIC_Slave_C.c: 132: {
   435                           ;SC8F096_IIC_Slave_C.c: 133: IICBUF = 0x55;
   436  0022  3055               	movlw	85
   437  0023  0093               	movwf	19	;volatile
   438                           
   439                           ;SC8F096_IIC_Slave_C.c: 134: }
   440  0024  282B               	goto	i1l494
   441  0025                     i1l72:	
   442                           
   443                           ;SC8F096_IIC_Slave_C.c: 135: else
   444                           ;SC8F096_IIC_Slave_C.c: 136: {
   445                           ;SC8F096_IIC_Slave_C.c: 137: if(DA==0)
   446  0025  1A92               	btfsc	18,5	;volatile
   447  0026  2829               	goto	i1l492
   448                           
   449                           ;SC8F096_IIC_Slave_C.c: 138: {
   450                           ;SC8F096_IIC_Slave_C.c: 139: IICBUF;
   451  0027  0813               	movf	19,w	;volatile
   452                           
   453                           ;SC8F096_IIC_Slave_C.c: 141: }
   454  0028  282B               	goto	i1l494
   455  0029                     i1l492:	
   456                           
   457                           ;SC8F096_IIC_Slave_C.c: 142: else
   458                           ;SC8F096_IIC_Slave_C.c: 143: {
   459                           ;SC8F096_IIC_Slave_C.c: 145: IICReadData = IICBUF;
   460  0029  0813               	movf	19,w	;volatile
   461  002A  00F6               	movwf	_IICReadData	;volatile
   462  002B                     i1l494:	
   463                           
   464                           ;SC8F096_IIC_Slave_C.c: 146: }
   465                           ;SC8F096_IIC_Slave_C.c: 147: }
   466                           ;SC8F096_IIC_Slave_C.c: 151: IICCKP =1;
   467  002B  1610               	bsf	16,4	;volatile
   468  002C                     i1l76:	
   469  002C  0878               	movf	??_IIC_Isr+1,w
   470  002D  008A               	movwf	10
   471  002E  0E77               	swapf	??_IIC_Isr^(0+-128),w
   472  002F  0083               	movwf	3
   473  0030  0EFE               	swapf	126,f
   474  0031  0E7E               	swapf	126,w
   475  0032  0009               	retfie
   476  0033                     __end_of_IIC_Isr:	
   477  007E                     btemp	set	126	;btemp
   478  007E                     wtemp0	set	126
   479                           
   480                           	psect	intentry
   481  0004                     __pintentry:	
   482                           ;incstack = 0
   483                           ; Regs used in _IIC_Isr: [wreg]
   484                           
   485  0004                     interrupt_function:	
   486  007E                     saved_w	set	btemp
   487  0004  00FE               	movwf	btemp
   488  0005  0E03               	swapf	3,w
   489  0006  00F7               	movwf	??_IIC_Isr
   490  0007  080A               	movf	10,w
   491  0008  00F8               	movwf	??_IIC_Isr+1
   492  0009  120A  118A  281A   	ljmp	_IIC_Isr


Data Sizes:
    Strings     0
    Constant    0
    Data        0
    BSS         7
    Persistent  0
    Stack       0

Auto Spaces:
    Space          Size  Autos    Used
    COMMON           14      2       9
    BANK0            80      0       0
    BANK1            80      0       0
    BANK3            80      0       0
    BANK2            80      0       0

Pointer List with Targets:

    None.

Critical Paths under _main in COMMON

    None.

Critical Paths under _IIC_Isr in COMMON

    None.

Critical Paths under _main in BANK0

    None.

Critical Paths under _IIC_Isr in BANK0

    None.

Critical Paths under _main in BANK1

    None.

Critical Paths under _IIC_Isr in BANK1

    None.

Critical Paths under _main in BANK3

    None.

Critical Paths under _IIC_Isr in BANK3

    None.

Critical Paths under _main in BANK2

    None.

Critical Paths under _IIC_Isr in BANK2

    None.

Call Graph Tables:

 ---------------------------------------------------------------------------------
 (Depth) Function   	        Calls       Base Space   Used Autos Params    Refs
 ---------------------------------------------------------------------------------
 (0) _main                                                 0     0      0       0
                        _Init_System
 ---------------------------------------------------------------------------------
 (1) _Init_System                                          0     0      0       0
 ---------------------------------------------------------------------------------
 Estimated maximum stack depth 1
 ---------------------------------------------------------------------------------
 (Depth) Function   	        Calls       Base Space   Used Autos Params    Refs
 ---------------------------------------------------------------------------------
 (2) _IIC_Isr                                              2     2      0       0
                                              0 COMMON     2     2      0
 ---------------------------------------------------------------------------------
 Estimated maximum stack depth 2
 ---------------------------------------------------------------------------------

 Call Graph Graphs:

 _main (ROOT)
   _Init_System

 _IIC_Isr (ROOT)

 Address spaces:
Name               Size   Autos  Total    Cost      Usage
BITCOMMON            E      0       0       0        0.0%
NULL                 0      0       0       0        0.0%
CODE                 0      0       0       0        0.0%
COMMON               E      2       9       1       64.3%
BITSFR0              0      0       0       1        0.0%
SFR0                 0      0       0       1        0.0%
BITSFR1              0      0       0       2        0.0%
SFR1                 0      0       0       2        0.0%
STACK                0      0       0       2        0.0%
BITBANK0            50      0       0       3        0.0%
BANK0               50      0       0       4        0.0%
BITSFR3              0      0       0       4        0.0%
SFR3                 0      0       0       4        0.0%
BITBANK1            50      0       0       5        0.0%
BITSFR2              0      0       0       5        0.0%
SFR2                 0      0       0       5        0.0%
BANK1               50      0       0       6        0.0%
BITBANK3            50      0       0       7        0.0%
BANK3               50      0       0       8        0.0%
BITBANK2            50      0       0       9        0.0%
BANK2               50      0       0      10        0.0%
ABS                  0      0       9      11        0.0%
DATA                 0      0       9      12        0.0%


Microchip Technology PIC Macro Assembler V1.45 build -152302408 
Symbol Table                                                                                   Fri Sep 20 08:55:20 2024

                     _DA 0C95                       l60 005A                       _RW 0C92  
                    _GIE 005F          __end_of_IIC_Isr 0033                     _PEIE 005E  
                   i1l72 0025                     i1l76 002C                     _WPUA 0088  
                   _WPUB 0008                     _main 0049                     btemp 007E  
                   start 000C            ??_Init_System 0079                    ?_main 0077  
                  _IICIE 0884                    _IICIF 087C                    i1l492 0029  
                  i1l494 002B                    _PORTA 0086                    _PORTB 0006  
                  _TRISA 0085                    _TRISB 0005                    pclath 000A  
                  status 0003                    wtemp0 007E          __initialization 000F  
           __end_of_main 005B                   ??_main 0079                ??_IIC_Isr 0077  
    __end_of_Init_System 0049                   _IICADD 0194                   _IICCKP 0C84  
                 _IICCON 0190                   _IICBUF 0193                   _INTCON 000B  
                 _OSCCON 0014                   _result 0074                   saved_w 007E  
__end_of__initialization 0016           __pcstackCOMMON 0077              _Init_System 0033  
             __pmaintext 0049               __pintentry 0004                  _IIC_Isr 001A  
                __ptext1 0033                  __ptext2 001A                  _result1 0072  
                _result2 0070     end_of_initialization 0016             ?_Init_System 0077  
    start_initialization 000F                 ?_IIC_Isr 0077              __pbssCOMMON 0070  
              ___latbits 0002        interrupt_function 0004              _IICReadData 0076  
   __size_of_Init_System 0016         __size_of_IIC_Isr 0019            __size_of_main 0012  
               intlevel1 0000               _OPTION_REG 0001  
