

Microchip Technology PIC PRO Macro Assembler V1.45 build -152302408 
                                                                                               Tue Dec 17 15:04:30 2024

Microchip Technology Omniscient Code Generator v1.45 (PRO mode) build 201711160504
     1                           	processor	SC8F096
     2                           	opt	pw 120
     3                           	opt	pm
     4                           	psect	nvBANK0,global,class=BANK0,space=1,delta=1
     5                           	psect	cinit,global,class=CODE,merge=1,delta=2
     6                           	psect	bssCOMMON,global,class=COMMON,space=1,delta=1
     7                           	psect	bssBANK0,global,class=BANK0,space=1,delta=1
     8                           	psect	cstackCOMMON,global,class=COMMON,space=1,delta=1
     9                           	psect	cstackBANK0,global,class=BANK0,space=1,delta=1
    10                           	psect	maintext,global,class=CODE,split=1,delta=2
    11                           	psect	text1,local,class=CODE,merge=1,delta=2,group=1
    12                           	psect	text2,local,class=CODE,merge=1,delta=2,group=1
    13                           	psect	text5,local,class=CODE,merge=1,delta=2
    14                           	psect	text6,local,class=CODE,merge=1,delta=2
    15                           	psect	text7,local,class=CODE,merge=1,delta=2
    16                           	psect	text8,local,class=CODE,merge=1,delta=2
    17                           	psect	intentry,global,class=CODE,delta=2
    18                           	psect	pa_nodes0,global,class=CODE,delta=2
    19                           	dabs	1,0x7E,2
    20  0000                     
    21                           ; Version 1.45
    22                           ; Generated 16/11/2017 GMT
    23                           ; 
    24                           ; Copyright 짤 2017, Microchip Technology Inc. and its subsidiaries ("Microchip")
    25                           ; All rights reserved.
    26                           ; 
    27                           ; This software is developed by Microchip Technology Inc. and its subsidiaries ("Microch
      +                          ip").
    28                           ; 
    29                           ; Redistribution and use in source and binary forms, with or without modification, are
    30                           ; permitted provided that the following conditions are met:
    31                           ; 
    32                           ;     1. Redistributions of source code must retain the above copyright notice, this lis
      +                          t of
    33                           ;        conditions and the following disclaimer.
    34                           ; 
    35                           ;     2. Redistributions in binary form must reproduce the above copyright notice, this 
      +                          list
    36                           ;        of conditions and the following disclaimer in the documentation and/or other
    37                           ;        materials provided with the distribution.
    38                           ; 
    39                           ;     3. Microchip's name may not be used to endorse or promote products derived from th
      +                          is
    40                           ;        software without specific prior written permission.
    41                           ; 
    42                           ; THIS SOFTWARE IS PROVIDED BY MICROCHIP "AS IS" AND ANY EXPRESS OR IMPLIED WARRANTIES,
    43                           ; INCLUDING, BUT NOT LIMITED TO, THE IMPLIED WARRANTIES OF MERCHANTABILITY AND FITNESS F
      +                          OR
    44                           ; PURPOSE ARE DISCLAIMED.  IN NO EVENT SHALL MICROCHIP BE LIABLE FOR ANY DIRECT, INDIREC
      +                          T,
    45                           ; INCIDENTAL, SPECIAL, EXEMPLARY, OR CONSEQUENTIAL DAMAGES (INCLUDING BUT NOT LIMITED TO
    46                           ; PROCUREMENT OF SUBSTITUTE GOODS OR SERVICES; LOSS OF USE, DATA OR PROFITS; OR BUSINESS
    47                           ; INTERRUPTION) HOWSOEVER CAUSED AND ON ANY THEORY OF LIABILITY, WHETHER IN CONTRACT, ST
      +                          RICT
    48                           ; LIABILITY, OR TORT (INCLUDING NEGLIGENCE OR OTHERWISE) ARISING IN ANY WAY OUT OF THE U
      +                          SE OF
    49                           ; THIS SOFTWARE, EVEN IF ADVISED OF THE POSSIBILITY OF SUCH DAMAGE.
    50                           ; 
    51                           ; 
    52                           ; Code-generator required, PIC16F887 Definitions
    53                           ; 
    54                           ; SFR Addresses
    55  0000                     	;# 
    56  0001                     	;# 
    57  0002                     	;# 
    58  0003                     	;# 
    59  0004                     	;# 
    60  0005                     	;# 
    61  0006                     	;# 
    62  0007                     	;# 
    63  0008                     	;# 
    64  0009                     	;# 
    65  000A                     	;# 
    66  000B                     	;# 
    67  000C                     	;# 
    68  000D                     	;# 
    69  000E                     	;# 
    70  000F                     	;# 
    71  0010                     	;# 
    72  0011                     	;# 
    73  0012                     	;# 
    74  0013                     	;# 
    75  0014                     	;# 
    76  0015                     	;# 
    77  0016                     	;# 
    78  0017                     	;# 
    79  0018                     	;# 
    80  0019                     	;# 
    81  001A                     	;# 
    82  001B                     	;# 
    83  001C                     	;# 
    84  001D                     	;# 
    85  001E                     	;# 
    86  001F                     	;# 
    87  0081                     	;# 
    88  0085                     	;# 
    89  0086                     	;# 
    90  0087                     	;# 
    91  0088                     	;# 
    92  0089                     	;# 
    93  008C                     	;# 
    94  008D                     	;# 
    95  008E                     	;# 
    96  008F                     	;# 
    97  0090                     	;# 
    98  0091                     	;# 
    99  0092                     	;# 
   100  0093                     	;# 
   101  0094                     	;# 
   102  0095                     	;# 
   103  0096                     	;# 
   104  0098                     	;# 
   105  0099                     	;# 
   106  009A                     	;# 
   107  009B                     	;# 
   108  009C                     	;# 
   109  009D                     	;# 
   110  009E                     	;# 
   111  009F                     	;# 
   112  0105                     	;# 
   113  0106                     	;# 
   114  0107                     	;# 
   115  0108                     	;# 
   116  0109                     	;# 
   117  010C                     	;# 
   118  010D                     	;# 
   119  010E                     	;# 
   120  010F                     	;# 
   121  0110                     	;# 
   122  0111                     	;# 
   123  0112                     	;# 
   124  0113                     	;# 
   125  0114                     	;# 
   126  0115                     	;# 
   127  0116                     	;# 
   128  0117                     	;# 
   129  0118                     	;# 
   130  0119                     	;# 
   131  011A                     	;# 
   132  011B                     	;# 
   133  011C                     	;# 
   134  011D                     	;# 
   135  011E                     	;# 
   136  011F                     	;# 
   137  0181                     	;# 
   138  0185                     	;# 
   139  0186                     	;# 
   140  0187                     	;# 
   141  0188                     	;# 
   142  0189                     	;# 
   143  018C                     	;# 
   144  018D                     	;# 
   145  018E                     	;# 
   146  018F                     	;# 
   147  0190                     	;# 
   148  0191                     	;# 
   149  0192                     	;# 
   150  0193                     	;# 
   151  0194                     	;# 
   152  0195                     	;# 
   153  0196                     	;# 
   154  0197                     	;# 
   155  0198                     	;# 
   156  0199                     	;# 
   157  019A                     	;# 
   158  019B                     	;# 
   159  019C                     	;# 
   160  019D                     	;# 
   161  019E                     	;# 
   162  019F                     	;# 
   163                           
   164                           	psect	nvBANK0
   165  0048                     __pnvBANK0:	
   166  0048                     _test_adc:	
   167  0048                     	ds	1
   168  0014                     _OSCCON	set	20
   169  0013                     _T2CON	set	19
   170  0011                     _PR2	set	17
   171  000B                     _INTCON	set	11
   172  0008                     _WPUB	set	8
   173  0006                     _PORTB	set	6
   174  0005                     _TRISB	set	5
   175  0001                     _OPTION_REG	set	1
   176  0071                     _TMR2IE	set	113
   177  0069                     _TMR2IF	set	105
   178  002F                     _TRISB7	set	47
   179  0099                     _ADRESH	set	153
   180  0098                     _ADRESL	set	152
   181  0096                     _ADCON1	set	150
   182  0095                     _ADCON0	set	149
   183  0094                     _ANSEL1	set	148
   184  0088                     _WPUA	set	136
   185  0086                     _PORTA	set	134
   186  0085                     _TRISA	set	133
   187  04A9                     _GODONE	set	1193
   188  04B6                     _CHS4	set	1206
   189  04B2                     _LDO_EN	set	1202
   190  0115                     _WPUD	set	277
   191  0114                     _TRISD	set	276
   192  0108                     _WPUC	set	264
   193  0107                     _PORTD	set	263
   194  0106                     _PORTC	set	262
   195  0105                     _TRISC	set	261
   196  0196                     _CC1CON	set	406
   197  0195                     _CC0CON	set	405
   198                           
   199                           	psect	cinit
   200  000F                     start_initialization:	
   201                           ; #config settings
   202                           
   203  000F                     __initialization:	
   204                           
   205                           ; Clear objects allocated to COMMON
   206  000F  01FA               	clrf	__pbssCOMMON& (0+127)
   207  0010  01FB               	clrf	(__pbssCOMMON+1)& (0+127)
   208                           
   209                           ; Clear objects allocated to BANK0
   210  0011  1283               	bcf	3,5	;RP0=0, select bank0
   211  0012  1303               	bcf	3,6	;RP1=0, select bank0
   212  0013  01C4               	clrf	__pbssBANK0& (0+127)
   213  0014  01C5               	clrf	(__pbssBANK0+1)& (0+127)
   214  0015  01C6               	clrf	(__pbssBANK0+2)& (0+127)
   215  0016  01C7               	clrf	(__pbssBANK0+3)& (0+127)
   216  0017                     end_of_initialization:	
   217                           ;End of C runtime variable initialization code
   218                           
   219  0017                     __end_of__initialization:	
   220  0017  0183               	clrf	3
   221  0018  120A  118A  29C7   	ljmp	_main	;jump to C main() function
   222                           
   223                           	psect	bssCOMMON
   224  007A                     __pbssCOMMON:	
   225  007A                     _result:	
   226  007A                     	ds	2
   227                           
   228                           	psect	bssBANK0
   229  0044                     __pbssBANK0:	
   230  0044                     _power_ad:	
   231  0044                     	ds	2
   232  0046                     _adresult:	
   233  0046                     	ds	2
   234                           
   235                           	psect	cstackCOMMON
   236  0070                     __pcstackCOMMON:	
   237  0070                     ?_Init_System:	
   238  0070                     ?_AD_Init:	
   239                           ; 1 bytes @ 0x0
   240                           
   241  0070                     ?_main:	
   242                           ; 1 bytes @ 0x0
   243                           
   244  0070                     ?_Isr_Timer:	
   245                           ; 1 bytes @ 0x0
   246                           
   247  0070                     ??_Isr_Timer:	
   248                           ; 1 bytes @ 0x0
   249                           
   250                           
   251                           ; 1 bytes @ 0x0
   252  0070                     	ds	2
   253  0072                     ??_Init_System:	
   254  0072                     ??_AD_Init:	
   255                           ; 1 bytes @ 0x2
   256                           
   257  0072                     ?_ADC_Sample:	
   258                           ; 1 bytes @ 0x2
   259                           
   260  0072                     ?___ftpack:	
   261                           ; 1 bytes @ 0x2
   262                           
   263  0072                     ADC_Sample@adldo:	
   264                           ; 3 bytes @ 0x2
   265                           
   266  0072                     ___ftpack@arg:	
   267                           ; 1 bytes @ 0x2
   268                           
   269                           
   270                           ; 3 bytes @ 0x2
   271  0072                     	ds	1
   272  0073                     ??_ADC_Sample:	
   273                           
   274                           ; 1 bytes @ 0x3
   275  0073                     	ds	2
   276  0075                     ___ftpack@exp:	
   277                           
   278                           ; 1 bytes @ 0x5
   279  0075                     	ds	1
   280  0076                     ___ftpack@sign:	
   281                           
   282                           ; 1 bytes @ 0x6
   283  0076                     	ds	1
   284  0077                     ??___ftpack:	
   285                           
   286                           ; 1 bytes @ 0x7
   287  0077                     	ds	3
   288  007A                     ??___lwtoft:	
   289                           
   290                           	psect	cstackBANK0
   291  0020                     __pcstackBANK0:	
   292                           ; 1 bytes @ 0xA
   293                           
   294  0020                     ?___lwtoft:	
   295  0020                     ADC_Sample@j:	
   296                           ; 3 bytes @ 0x0
   297                           
   298  0020                     ___lwtoft@c:	
   299                           ; 1 bytes @ 0x0
   300                           
   301                           
   302                           ; 2 bytes @ 0x0
   303  0020                     	ds	1
   304  0021                     ADC_Sample@adch:	
   305                           
   306                           ; 1 bytes @ 0x1
   307  0021                     	ds	1
   308  0022                     ADC_Sample@i:	
   309                           
   310                           ; 1 bytes @ 0x2
   311  0022                     	ds	1
   312  0023                     ?___ftdiv:	
   313  0023                     ___ftdiv@f2:	
   314                           ; 3 bytes @ 0x3
   315                           
   316  0023                     ADC_Sample@adsum:	
   317                           ; 3 bytes @ 0x3
   318                           
   319                           
   320                           ; 4 bytes @ 0x3
   321  0023                     	ds	3
   322  0026                     ___ftdiv@f1:	
   323                           
   324                           ; 3 bytes @ 0x6
   325  0026                     	ds	1
   326  0027                     ADC_Sample@admin:	
   327                           
   328                           ; 2 bytes @ 0x7
   329  0027                     	ds	2
   330  0029                     ??___ftdiv:	
   331  0029                     ADC_Sample@admax:	
   332                           ; 1 bytes @ 0x9
   333                           
   334                           
   335                           ; 2 bytes @ 0x9
   336  0029                     	ds	2
   337  002B                     ADC_Sample@ad_temp:	
   338                           
   339                           ; 2 bytes @ 0xB
   340  002B                     	ds	1
   341  002C                     ___ftdiv@cntr:	
   342                           
   343                           ; 1 bytes @ 0xC
   344  002C                     	ds	1
   345  002D                     ___ftdiv@f3:	
   346                           
   347                           ; 3 bytes @ 0xD
   348  002D                     	ds	3
   349  0030                     ___ftdiv@exp:	
   350                           
   351                           ; 1 bytes @ 0x10
   352  0030                     	ds	1
   353  0031                     ___ftdiv@sign:	
   354                           
   355                           ; 1 bytes @ 0x11
   356  0031                     	ds	1
   357  0032                     ?___fttol:	
   358  0032                     ___fttol@f1:	
   359                           ; 4 bytes @ 0x12
   360                           
   361                           
   362                           ; 3 bytes @ 0x12
   363  0032                     	ds	4
   364  0036                     ??___fttol:	
   365                           
   366                           ; 1 bytes @ 0x16
   367  0036                     	ds	3
   368  0039                     ___fttol@sign1:	
   369                           
   370                           ; 1 bytes @ 0x19
   371  0039                     	ds	1
   372  003A                     ___fttol@lval:	
   373                           
   374                           ; 4 bytes @ 0x1A
   375  003A                     	ds	4
   376  003E                     ___fttol@exp1:	
   377                           
   378                           ; 1 bytes @ 0x1E
   379  003E                     	ds	1
   380  003F                     ??_main:	
   381                           
   382                           ; 1 bytes @ 0x1F
   383  003F                     	ds	1
   384  0040                     main@power_temp:	
   385                           
   386                           ; 4 bytes @ 0x20
   387  0040                     	ds	4
   388                           
   389                           	psect	maintext
   390  01C7                     __pmaintext:	
   391 ;;
   392 ;;Main: autosize = 0, tempsize = 1, incstack = 0, save=0
   393 ;;
   394 ;; *************** function _main *****************
   395 ;; Defined at:
   396 ;;		line 118 in file "H:\MyDownloads\綱츠蝎&꿎桿괩멩\역랙관\SC8F096역랙관\SC8F096_DEMO_C\SC8F096_ADC_Demo\SC8F096_ADC.c"
   397 ;; Parameters:    Size  Location     Type
   398 ;;		None
   399 ;; Auto vars:     Size  Location     Type
   400 ;;  power_temp      4   32[BANK0 ] volatile unsigned long 
   401 ;; Return value:  Size  Location     Type
   402 ;;                  1    wreg      void 
   403 ;; Registers used:
   404 ;;		wreg, status,2, status,0, pclath, cstack
   405 ;; Tracked objects:
   406 ;;		On entry : B00/0
   407 ;;		On exit  : 0/0
   408 ;;		Unchanged: 0/0
   409 ;; Data sizes:     COMMON   BANK0   BANK1   BANK3   BANK2
   410 ;;      Params:         0       0       0       0       0
   411 ;;      Locals:         0       4       0       0       0
   412 ;;      Temps:          0       1       0       0       0
   413 ;;      Totals:         0       5       0       0       0
   414 ;;Total ram usage:        5 bytes
   415 ;; Hardware stack levels required when called:    3
   416 ;; This function calls:
   417 ;;		_ADC_Sample
   418 ;;		_AD_Init
   419 ;;		_Init_System
   420 ;;		___ftdiv
   421 ;;		___fttol
   422 ;;		___lwtoft
   423 ;; This function is called by:
   424 ;;		Startup code after reset
   425 ;; This function uses a non-reentrant model
   426 ;;
   427                           
   428                           
   429                           ;psect for function _main
   430  01C7                     _main:	
   431                           
   432                           ;SC8F096_ADC.c: 120: Init_System();
   433                           
   434                           ;incstack = 0
   435                           ; Regs used in _main: [wreg+status,2+status,0+pclath+cstack]
   436  01C7  120A  118A  2298  120A  118A  	fcall	_Init_System
   437                           
   438                           ;SC8F096_ADC.c: 121: AD_Init();
   439  01CC  120A  118A  22D2  120A  118A  	fcall	_AD_Init
   440  01D1                     l266:	
   441                           ;SC8F096_ADC.c: 123: while (1)
   442                           
   443  01D1  0064               	clrwdt	;# 
   444                           
   445                           ;SC8F096_ADC.c: 128: TRISB7 = 1;
   446  01D2  1283               	bcf	3,5	;RP0=0, select bank0
   447  01D3  1303               	bcf	3,6	;RP1=0, select bank0
   448  01D4  1785               	bsf	5,7	;volatile
   449                           
   450                           ;SC8F096_ADC.c: 129: ANSEL1 |= 0X80;
   451  01D5  1683               	bsf	3,5	;RP0=1, select bank1
   452  01D6  1794               	bsf	20,7	;volatile
   453                           
   454                           ;SC8F096_ADC.c: 130: test_adc = ADC_Sample(15, 7);
   455  01D7  3007               	movlw	7
   456  01D8  00F2               	movwf	ADC_Sample@adldo
   457  01D9  300F               	movlw	15
   458  01DA  120A  118A  201B  120A  118A  	fcall	_ADC_Sample
   459  01DF  00C8               	movwf	_test_adc	;volatile
   460                           
   461                           ;SC8F096_ADC.c: 131: if (0xA5 == test_adc)
   462  01E0  30A5               	movlw	165
   463  01E1  0648               	xorwf	_test_adc,w	;volatile
   464  01E2  1903               	btfsc	3,2
   465  01E3  29EE               	goto	l1191
   466                           
   467                           ;SC8F096_ADC.c: 135: else
   468                           ;SC8F096_ADC.c: 136: {
   469                           ;SC8F096_ADC.c: 137: ADCON0 = 0;
   470  01E4  1683               	bsf	3,5	;RP0=1, select bank1
   471  01E5  0195               	clrf	21	;volatile
   472                           
   473                           ;SC8F096_ADC.c: 138: ADCON1 = 0;
   474  01E6  0196               	clrf	22	;volatile
   475                           
   476                           ;SC8F096_ADC.c: 139: _delay((unsigned long)((100)*(16000000/4000000.0)));
   477  01E7  3084               	movlw	132
   478  01E8  1283               	bcf	3,5	;RP0=0, select bank0
   479  01E9  1303               	bcf	3,6	;RP1=0, select bank0
   480  01EA  00BF               	movwf	??_main
   481  01EB                     u787:	
   482  01EB  0BBF               	decfsz	??_main,f
   483  01EC  29EB               	goto	u787
   484  01ED  0000               	nop
   485  01EE                     l1191:	
   486  01EE  301F               	movlw	31
   487                           
   488                           ;SC8F096_ADC.c: 140: }
   489                           ;SC8F096_ADC.c: 142: test_adc = ADC_Sample(31, 0);
   490  01EF  01F2               	clrf	ADC_Sample@adldo
   491  01F0  120A  118A  201B  120A  118A  	fcall	_ADC_Sample
   492  01F5  00C8               	movwf	_test_adc	;volatile
   493                           
   494                           ;SC8F096_ADC.c: 143: if (0xA5 == test_adc)
   495  01F6  30A5               	movlw	165
   496  01F7  0648               	xorwf	_test_adc,w	;volatile
   497  01F8  1D03               	btfss	3,2
   498  01F9  2A2B               	goto	l1199
   499                           
   500                           ;SC8F096_ADC.c: 144: {
   501                           ;SC8F096_ADC.c: 145: volatile unsigned long power_temp;
   502                           ;SC8F096_ADC.c: 147: power_temp = (unsigned long)(((4096UL*1.2*1000))/adresult);
   503  01FA  3096               	movlw	150
   504  01FB  01A6               	clrf	___ftdiv@f1
   505  01FC  00A7               	movwf	___ftdiv@f1+1
   506  01FD  304A               	movlw	74
   507  01FE  00A8               	movwf	___ftdiv@f1+2
   508  01FF  0847               	movf	_adresult+1,w	;volatile
   509  0200  00A1               	movwf	___lwtoft@c+1
   510  0201  0846               	movf	_adresult,w	;volatile
   511  0202  00A0               	movwf	___lwtoft@c
   512  0203  120A  118A  210D  120A  118A  	fcall	___lwtoft
   513  0208  0820               	movf	?___lwtoft,w
   514  0209  00A3               	movwf	___ftdiv@f2
   515  020A  0821               	movf	?___lwtoft+1,w
   516  020B  00A4               	movwf	___ftdiv@f2+1
   517  020C  0822               	movf	?___lwtoft+2,w
   518  020D  00A5               	movwf	___ftdiv@f2+2
   519  020E  120A  118A  211D  120A  118A  	fcall	___ftdiv
   520  0213  0823               	movf	?___ftdiv,w
   521  0214  00B2               	movwf	___fttol@f1
   522  0215  0824               	movf	?___ftdiv+1,w
   523  0216  00B3               	movwf	___fttol@f1+1
   524  0217  0825               	movf	?___ftdiv+2,w
   525  0218  00B4               	movwf	___fttol@f1+2
   526  0219  120A  118A  2236  120A  118A  	fcall	___fttol
   527  021E  0835               	movf	?___fttol+3,w
   528  021F  00C3               	movwf	main@power_temp+3	;volatile
   529  0220  0834               	movf	?___fttol+2,w
   530  0221  00C2               	movwf	main@power_temp+2	;volatile
   531  0222  0833               	movf	?___fttol+1,w
   532  0223  00C1               	movwf	main@power_temp+1	;volatile
   533  0224  0832               	movf	?___fttol,w
   534  0225  00C0               	movwf	main@power_temp	;volatile
   535                           
   536                           ;SC8F096_ADC.c: 148: power_ad = (unsigned int)(power_temp);
   537  0226  0841               	movf	main@power_temp+1,w	;volatile
   538  0227  00C5               	movwf	_power_ad+1	;volatile
   539  0228  0840               	movf	main@power_temp,w	;volatile
   540  0229  00C4               	movwf	_power_ad	;volatile
   541                           
   542                           ;SC8F096_ADC.c: 149: }
   543  022A  29D1               	goto	l266
   544  022B                     l1199:	
   545                           
   546                           ;SC8F096_ADC.c: 150: else
   547                           ;SC8F096_ADC.c: 151: {
   548                           ;SC8F096_ADC.c: 152: ADCON0 = 0;
   549  022B  1683               	bsf	3,5	;RP0=1, select bank1
   550  022C  0195               	clrf	21	;volatile
   551                           
   552                           ;SC8F096_ADC.c: 153: ADCON1 = 0;
   553  022D  0196               	clrf	22	;volatile
   554                           
   555                           ;SC8F096_ADC.c: 154: _delay((unsigned long)((100)*(16000000/4000000.0)));
   556  022E  3084               	movlw	132
   557  022F  1283               	bcf	3,5	;RP0=0, select bank0
   558  0230  1303               	bcf	3,6	;RP1=0, select bank0
   559  0231  00BF               	movwf	??_main
   560  0232                     u797:	
   561  0232  0BBF               	decfsz	??_main,f
   562  0233  2A32               	goto	u797
   563  0234  0000               	nop
   564  0235  29D1               	goto	l266
   565  0236                     __end_of_main:	
   566                           
   567                           	psect	text1
   568  010D                     __ptext1:	
   569 ;; *************** function ___lwtoft *****************
   570 ;; Defined at:
   571 ;;		line 28 in file "H:\MyDownloads\IDE_RAR\SCMCU_IDE_V2.00.16_Beta13\data\sources\common\lwtoft.c"
   572 ;; Parameters:    Size  Location     Type
   573 ;;  c               2    0[BANK0 ] unsigned int 
   574 ;; Auto vars:     Size  Location     Type
   575 ;;		None
   576 ;; Return value:  Size  Location     Type
   577 ;;                  3    0[BANK0 ] float 
   578 ;; Registers used:
   579 ;;		wreg, status,2, status,0, pclath, cstack
   580 ;; Tracked objects:
   581 ;;		On entry : 300/0
   582 ;;		On exit  : 300/0
   583 ;;		Unchanged: 0/0
   584 ;; Data sizes:     COMMON   BANK0   BANK1   BANK3   BANK2
   585 ;;      Params:         0       3       0       0       0
   586 ;;      Locals:         0       0       0       0       0
   587 ;;      Temps:          0       0       0       0       0
   588 ;;      Totals:         0       3       0       0       0
   589 ;;Total ram usage:        3 bytes
   590 ;; Hardware stack levels used:    1
   591 ;; Hardware stack levels required when called:    2
   592 ;; This function calls:
   593 ;;		___ftpack
   594 ;; This function is called by:
   595 ;;		_main
   596 ;; This function uses a non-reentrant model
   597 ;;
   598                           
   599                           
   600                           ;psect for function ___lwtoft
   601  010D                     ___lwtoft:	
   602                           
   603                           ;incstack = 0
   604                           ; Regs used in ___lwtoft: [wreg+status,2+status,0+pclath+cstack]
   605  010D  0820               	movf	___lwtoft@c,w
   606  010E  00F2               	movwf	___ftpack@arg
   607  010F  0821               	movf	___lwtoft@c+1,w
   608  0110  00F3               	movwf	___ftpack@arg+1
   609  0111  308E               	movlw	142
   610  0112  01F4               	clrf	___ftpack@arg+2
   611  0113  00F5               	movwf	___ftpack@exp
   612  0114  01F6               	clrf	___ftpack@sign
   613  0115  2185               	fcall	___ftpack
   614  0116  0872               	movf	?___ftpack,w
   615  0117  00A0               	movwf	?___lwtoft
   616  0118  0873               	movf	?___ftpack+1,w
   617  0119  00A1               	movwf	?___lwtoft+1
   618  011A  0874               	movf	?___ftpack+2,w
   619  011B  00A2               	movwf	?___lwtoft+2
   620  011C  0008               	return
   621  011D                     __end_of___lwtoft:	
   622  011D                     __ptext3:	
   623 ;; *************** function ___ftdiv *****************
   624 ;; Defined at:
   625 ;;		line 56 in file "H:\MyDownloads\IDE_RAR\SCMCU_IDE_V2.00.16_Beta13\data\sources\common\ftdiv.c"
   626 ;; Parameters:    Size  Location     Type
   627 ;;  f2              3    3[BANK0 ] float 
   628 ;;  f1              3    6[BANK0 ] float 
   629 ;; Auto vars:     Size  Location     Type
   630 ;;  f3              3   13[BANK0 ] float 
   631 ;;  sign            1   17[BANK0 ] unsigned char 
   632 ;;  exp             1   16[BANK0 ] unsigned char 
   633 ;;  cntr            1   12[BANK0 ] unsigned char 
   634 ;; Return value:  Size  Location     Type
   635 ;;                  3    3[BANK0 ] float 
   636 ;; Registers used:
   637 ;;		wreg, status,2, status,0, pclath, cstack
   638 ;; Tracked objects:
   639 ;;		On entry : 300/0
   640 ;;		On exit  : 300/0
   641 ;;		Unchanged: 0/0
   642 ;; Data sizes:     COMMON   BANK0   BANK1   BANK3   BANK2
   643 ;;      Params:         0       6       0       0       0
   644 ;;      Locals:         0       6       0       0       0
   645 ;;      Temps:          0       3       0       0       0
   646 ;;      Totals:         0      15       0       0       0
   647 ;;Total ram usage:       15 bytes
   648 ;; Hardware stack levels used:    1
   649 ;; Hardware stack levels required when called:    2
   650 ;; This function calls:
   651 ;;		___ftpack
   652 ;; This function is called by:
   653 ;;		_main
   654 ;; This function uses a non-reentrant model
   655 ;;
   656                           
   657                           
   658                           ;psect for function ___ftdiv
   659  011D                     ___ftdiv:	
   660                           
   661                           ;incstack = 0
   662                           ; Regs used in ___ftdiv: [wreg+status,2+status,0+pclath+cstack]
   663  011D  0826               	movf	___ftdiv@f1,w
   664  011E  00A9               	movwf	??___ftdiv
   665  011F  0827               	movf	___ftdiv@f1+1,w
   666  0120  00AA               	movwf	??___ftdiv+1
   667  0121  0828               	movf	___ftdiv@f1+2,w
   668  0122  00AB               	movwf	??___ftdiv+2
   669  0123  1003               	clrc
   670  0124  0D2A               	rlf	??___ftdiv+1,w
   671  0125  0D2B               	rlf	??___ftdiv+2,w
   672  0126  00B0               	movwf	___ftdiv@exp
   673  0127  0830               	movf	___ftdiv@exp,w
   674  0128  1D03               	btfss	3,2
   675  0129  292E               	goto	l1071
   676  012A  01A3               	clrf	?___ftdiv
   677  012B  01A4               	clrf	?___ftdiv+1
   678  012C  01A5               	clrf	?___ftdiv+2
   679  012D  0008               	return
   680  012E                     l1071:	
   681  012E  0823               	movf	___ftdiv@f2,w
   682  012F  00A9               	movwf	??___ftdiv
   683  0130  0824               	movf	___ftdiv@f2+1,w
   684  0131  00AA               	movwf	??___ftdiv+1
   685  0132  0825               	movf	___ftdiv@f2+2,w
   686  0133  00AB               	movwf	??___ftdiv+2
   687  0134  1003               	clrc
   688  0135  0D2A               	rlf	??___ftdiv+1,w
   689  0136  0D2B               	rlf	??___ftdiv+2,w
   690  0137  00B1               	movwf	___ftdiv@sign
   691  0138  0831               	movf	___ftdiv@sign,w
   692  0139  1D03               	btfss	3,2
   693  013A  293F               	goto	l499
   694  013B  01A3               	clrf	?___ftdiv
   695  013C  01A4               	clrf	?___ftdiv+1
   696  013D  01A5               	clrf	?___ftdiv+2
   697  013E  0008               	return
   698  013F                     l499:	
   699  013F  3089               	movlw	137
   700  0140  01AD               	clrf	___ftdiv@f3
   701  0141  01AE               	clrf	___ftdiv@f3+1
   702  0142  01AF               	clrf	___ftdiv@f3+2
   703  0143  0731               	addwf	___ftdiv@sign,w
   704  0144  00A9               	movwf	??___ftdiv
   705  0145  02B0               	subwf	___ftdiv@exp,f
   706  0146  0828               	movf	___ftdiv@f1+2,w
   707  0147  00B1               	movwf	___ftdiv@sign
   708  0148  0825               	movf	___ftdiv@f2+2,w
   709  0149  06B1               	xorwf	___ftdiv@sign,f
   710  014A  3080               	movlw	128
   711  014B  05B1               	andwf	___ftdiv@sign,f
   712  014C  3018               	movlw	24
   713  014D  17A7               	bsf	___ftdiv@f1+1,7
   714  014E  01A8               	clrf	___ftdiv@f1+2
   715  014F  17A4               	bsf	___ftdiv@f2+1,7
   716  0150  01A5               	clrf	___ftdiv@f2+2
   717  0151  00AC               	movwf	___ftdiv@cntr
   718  0152                     l1093:	
   719  0152  1003               	clrc
   720  0153  0DAD               	rlf	___ftdiv@f3,f
   721  0154  0DAE               	rlf	___ftdiv@f3+1,f
   722  0155  0DAF               	rlf	___ftdiv@f3+2,f
   723  0156  0825               	movf	___ftdiv@f2+2,w
   724  0157  0228               	subwf	___ftdiv@f1+2,w
   725  0158  1D03               	skipz
   726  0159  2960               	goto	u645
   727  015A  0824               	movf	___ftdiv@f2+1,w
   728  015B  0227               	subwf	___ftdiv@f1+1,w
   729  015C  1D03               	skipz
   730  015D  2960               	goto	u645
   731  015E  0823               	movf	___ftdiv@f2,w
   732  015F  0226               	subwf	___ftdiv@f1,w
   733  0160                     u645:	
   734  0160  1C03               	skipc
   735  0161  296E               	goto	L1
   736  0162  0823               	movf	___ftdiv@f2,w
   737  0163  02A6               	subwf	___ftdiv@f1,f
   738  0164  0824               	movf	___ftdiv@f2+1,w
   739  0165  1C03               	skipc
   740  0166  0F24               	incfsz	___ftdiv@f2+1,w
   741  0167  02A7               	subwf	___ftdiv@f1+1,f
   742  0168  0825               	movf	___ftdiv@f2+2,w
   743  0169  1C03               	skipc
   744  016A  0A25               	incf	___ftdiv@f2+2,w
   745  016B  02A8               	subwf	___ftdiv@f1+2,f
   746  016C  142D               	bsf	___ftdiv@f3,0
   747  016D  1003               	clrc
   748  016E                     L1:	
   749  016E  0DA6               	rlf	___ftdiv@f1,f
   750  016F  0DA7               	rlf	___ftdiv@f1+1,f
   751  0170  0DA8               	rlf	___ftdiv@f1+2,f
   752  0171  0BAC               	decfsz	___ftdiv@cntr,f
   753  0172  2952               	goto	l1093
   754  0173  082D               	movf	___ftdiv@f3,w
   755  0174  00F2               	movwf	___ftpack@arg
   756  0175  082E               	movf	___ftdiv@f3+1,w
   757  0176  00F3               	movwf	___ftpack@arg+1
   758  0177  082F               	movf	___ftdiv@f3+2,w
   759  0178  00F4               	movwf	___ftpack@arg+2
   760  0179  0830               	movf	___ftdiv@exp,w
   761  017A  00F5               	movwf	___ftpack@exp
   762  017B  0831               	movf	___ftdiv@sign,w
   763  017C  00F6               	movwf	___ftpack@sign
   764  017D  2185               	fcall	___ftpack
   765  017E  0872               	movf	?___ftpack,w
   766  017F  00A3               	movwf	?___ftdiv
   767  0180  0873               	movf	?___ftpack+1,w
   768  0181  00A4               	movwf	?___ftdiv+1
   769  0182  0874               	movf	?___ftpack+2,w
   770  0183  00A5               	movwf	?___ftdiv+2
   771  0184  0008               	return
   772  0185                     __end_of___ftdiv:	
   773  0185                     __ptext4:	
   774 ;; *************** function ___ftpack *****************
   775 ;; Defined at:
   776 ;;		line 62 in file "H:\MyDownloads\IDE_RAR\SCMCU_IDE_V2.00.16_Beta13\data\sources\common\float.c"
   777 ;; Parameters:    Size  Location     Type
   778 ;;  arg             3    2[COMMON] unsigned um
   779 ;;  exp             1    5[COMMON] unsigned char 
   780 ;;  sign            1    6[COMMON] unsigned char 
   781 ;; Auto vars:     Size  Location     Type
   782 ;;		None
   783 ;; Return value:  Size  Location     Type
   784 ;;                  3    2[COMMON] float 
   785 ;; Registers used:
   786 ;;		wreg, status,2, status,0
   787 ;; Tracked objects:
   788 ;;		On entry : 300/0
   789 ;;		On exit  : 300/0
   790 ;;		Unchanged: 300/0
   791 ;; Data sizes:     COMMON   BANK0   BANK1   BANK3   BANK2
   792 ;;      Params:         5       0       0       0       0
   793 ;;      Locals:         0       0       0       0       0
   794 ;;      Temps:          3       0       0       0       0
   795 ;;      Totals:         8       0       0       0       0
   796 ;;Total ram usage:        8 bytes
   797 ;; Hardware stack levels used:    1
   798 ;; Hardware stack levels required when called:    1
   799 ;; This function calls:
   800 ;;		Nothing
   801 ;; This function is called by:
   802 ;;		___ftdiv
   803 ;;		___lwtoft
   804 ;; This function uses a non-reentrant model
   805 ;;
   806                           
   807                           
   808                           ;psect for function ___ftpack
   809  0185                     ___ftpack:	
   810                           
   811                           ;incstack = 0
   812                           ; Regs used in ___ftpack: [wreg+status,2+status,0]
   813  0185  0875               	movf	___ftpack@exp,w
   814  0186  1903               	btfsc	3,2
   815  0187  298D               	goto	l445
   816  0188  0874               	movf	___ftpack@arg+2,w
   817  0189  0473               	iorwf	___ftpack@arg+1,w
   818  018A  0472               	iorwf	___ftpack@arg,w
   819  018B  1D03               	skipz
   820  018C  2996               	goto	l929
   821  018D                     l445:	
   822  018D  01F2               	clrf	?___ftpack
   823  018E  01F3               	clrf	?___ftpack+1
   824  018F  01F4               	clrf	?___ftpack+2
   825  0190  0008               	return
   826  0191                     l927:	
   827  0191  0AF5               	incf	___ftpack@exp,f
   828  0192  1003               	clrc
   829  0193  0CF4               	rrf	___ftpack@arg+2,f
   830  0194  0CF3               	rrf	___ftpack@arg+1,f
   831  0195  0CF2               	rrf	___ftpack@arg,f
   832  0196                     l929:	
   833  0196  30FE               	movlw	254
   834  0197  0574               	andwf	___ftpack@arg+2,w
   835  0198  1903               	btfsc	3,2
   836  0199  29A5               	goto	l933
   837  019A  2991               	goto	l927
   838  019B                     l931:	
   839  019B  0AF5               	incf	___ftpack@exp,f
   840  019C  0AF2               	incf	___ftpack@arg,f
   841  019D  1903               	skipnz
   842  019E  0AF3               	incf	___ftpack@arg+1,f
   843  019F  1903               	skipnz
   844  01A0  0AF4               	incf	___ftpack@arg+2,f
   845  01A1  1003               	clrc
   846  01A2  0CF4               	rrf	___ftpack@arg+2,f
   847  01A3  0CF3               	rrf	___ftpack@arg+1,f
   848  01A4  0CF2               	rrf	___ftpack@arg,f
   849  01A5                     l933:	
   850  01A5  30FF               	movlw	255
   851  01A6  0574               	andwf	___ftpack@arg+2,w
   852  01A7  1903               	btfsc	3,2
   853  01A8  29B3               	goto	l937
   854  01A9  299B               	goto	l931
   855  01AA                     l939:	
   856  01AA  3002               	movlw	2
   857  01AB  0275               	subwf	___ftpack@exp,w
   858  01AC  1C03               	btfss	3,0
   859  01AD  29B5               	goto	l457
   860  01AE  03F5               	decf	___ftpack@exp,f
   861  01AF  1003               	clrc
   862  01B0  0DF2               	rlf	___ftpack@arg,f
   863  01B1  0DF3               	rlf	___ftpack@arg+1,f
   864  01B2  0DF4               	rlf	___ftpack@arg+2,f
   865  01B3                     l937:	
   866  01B3  1FF3               	btfss	___ftpack@arg+1,7
   867  01B4  29AA               	goto	l939
   868  01B5                     l457:	
   869  01B5  1C75               	btfss	___ftpack@exp,0
   870  01B6  13F3               	bcf	___ftpack@arg+1,7
   871  01B7  1003               	clrc
   872  01B8  0CF5               	rrf	___ftpack@exp,f
   873  01B9  0875               	movf	___ftpack@exp,w
   874  01BA  00F9               	movwf	??___ftpack+2
   875  01BB  01F8               	clrf	??___ftpack+1
   876  01BC  01F7               	clrf	??___ftpack
   877  01BD  0877               	movf	??___ftpack,w
   878  01BE  04F2               	iorwf	___ftpack@arg,f
   879  01BF  0878               	movf	??___ftpack+1,w
   880  01C0  04F3               	iorwf	___ftpack@arg+1,f
   881  01C1  0879               	movf	??___ftpack+2,w
   882  01C2  04F4               	iorwf	___ftpack@arg+2,f
   883  01C3  0876               	movf	___ftpack@sign,w
   884  01C4  1D03               	btfss	3,2
   885  01C5  17F4               	bsf	___ftpack@arg+2,7
   886  01C6  0008               	return
   887  01C7                     __end_of___ftpack:	
   888                           
   889                           	psect	text2
   890  0236                     __ptext2:	
   891 ;; *************** function ___fttol *****************
   892 ;; Defined at:
   893 ;;		line 44 in file "H:\MyDownloads\IDE_RAR\SCMCU_IDE_V2.00.16_Beta13\data\sources\common\fttol.c"
   894 ;; Parameters:    Size  Location     Type
   895 ;;  f1              3   18[BANK0 ] float 
   896 ;; Auto vars:     Size  Location     Type
   897 ;;  lval            4   26[BANK0 ] unsigned long 
   898 ;;  exp1            1   30[BANK0 ] unsigned char 
   899 ;;  sign1           1   25[BANK0 ] unsigned char 
   900 ;; Return value:  Size  Location     Type
   901 ;;                  4   18[BANK0 ] long 
   902 ;; Registers used:
   903 ;;		wreg, status,2, status,0
   904 ;; Tracked objects:
   905 ;;		On entry : 300/0
   906 ;;		On exit  : 300/0
   907 ;;		Unchanged: 0/0
   908 ;; Data sizes:     COMMON   BANK0   BANK1   BANK3   BANK2
   909 ;;      Params:         0       4       0       0       0
   910 ;;      Locals:         0       6       0       0       0
   911 ;;      Temps:          0       3       0       0       0
   912 ;;      Totals:         0      13       0       0       0
   913 ;;Total ram usage:       13 bytes
   914 ;; Hardware stack levels used:    1
   915 ;; Hardware stack levels required when called:    1
   916 ;; This function calls:
   917 ;;		Nothing
   918 ;; This function is called by:
   919 ;;		_main
   920 ;; This function uses a non-reentrant model
   921 ;;
   922                           
   923                           
   924                           ;psect for function ___fttol
   925  0236                     ___fttol:	
   926                           
   927                           ;incstack = 0
   928                           ; Regs used in ___fttol: [wreg+status,2+status,0]
   929  0236  2291  120A  118A   	fcall	PL6	;call to abstracted procedure
   930  0239  1003               	clrc
   931  023A  0D37               	rlf	??___fttol+1,w
   932  023B  0D38               	rlf	??___fttol+2,w
   933  023C  00BE               	movwf	___fttol@exp1
   934  023D  083E               	movf	___fttol@exp1,w
   935  023E  1D03               	btfss	3,2
   936  023F  2A45               	goto	l1111
   937  0240                     l1109:	
   938  0240  01B2               	clrf	?___fttol
   939  0241  01B3               	clrf	?___fttol+1
   940  0242  01B4               	clrf	?___fttol+2
   941  0243  01B5               	clrf	?___fttol+3
   942  0244  0008               	return
   943  0245                     l1111:	
   944  0245  2291  120A  118A   	fcall	PL6	;call to abstracted procedure
   945  0248  3017               	movlw	23
   946  0249                     u675:	
   947  0249  1003               	clrc
   948  024A  0CB8               	rrf	??___fttol+2,f
   949  024B  0CB7               	rrf	??___fttol+1,f
   950  024C  0CB6               	rrf	??___fttol,f
   951  024D  3EFF               	addlw	-1
   952  024E  1D03               	skipz
   953  024F  2A49               	goto	u675
   954  0250  0836               	movf	??___fttol,w
   955  0251  00B9               	movwf	___fttol@sign1
   956  0252  17B3               	bsf	___fttol@f1+1,7
   957  0253  01B4               	clrf	___fttol@f1+2
   958  0254  0832               	movf	___fttol@f1,w
   959  0255  00BA               	movwf	___fttol@lval
   960  0256  0833               	movf	___fttol@f1+1,w
   961  0257  00BB               	movwf	___fttol@lval+1
   962  0258  0834               	movf	___fttol@f1+2,w
   963  0259  00BC               	movwf	___fttol@lval+2
   964  025A  308E               	movlw	142
   965  025B  01BD               	clrf	___fttol@lval+3
   966  025C  02BE               	subwf	___fttol@exp1,f
   967  025D  1FBE               	btfss	___fttol@exp1,7
   968  025E  2A6C               	goto	l1131
   969  025F  083E               	movf	___fttol@exp1,w
   970  0260  3A80               	xorlw	128
   971  0261  3E8F               	addlw	143
   972  0262  1C03               	btfss	3,0
   973  0263  2A40               	goto	l1109
   974  0264                     l1127:	
   975  0264  1003               	clrc
   976  0265  0CBD               	rrf	___fttol@lval+3,f
   977  0266  0CBC               	rrf	___fttol@lval+2,f
   978  0267  0CBB               	rrf	___fttol@lval+1,f
   979  0268  0CBA               	rrf	___fttol@lval,f
   980  0269  0FBE               	incfsz	___fttol@exp1,f
   981  026A  2A64               	goto	l1127
   982  026B  2A7A               	goto	l1139
   983  026C                     l1131:	
   984  026C  3018               	movlw	24
   985  026D  023E               	subwf	___fttol@exp1,w
   986  026E  1803               	btfsc	3,0
   987  026F  2A40               	goto	l1109
   988  0270                     l1137:	
   989  0270  083E               	movf	___fttol@exp1,w
   990  0271  1903               	btfsc	3,2
   991  0272  2A7A               	goto	l1139
   992  0273  1003               	clrc
   993  0274  0DBA               	rlf	___fttol@lval,f
   994  0275  0DBB               	rlf	___fttol@lval+1,f
   995  0276  0DBC               	rlf	___fttol@lval+2,f
   996  0277  0DBD               	rlf	___fttol@lval+3,f
   997  0278  03BE               	decf	___fttol@exp1,f
   998  0279  2A70               	goto	l1137
   999  027A                     l1139:	
  1000  027A  0839               	movf	___fttol@sign1,w
  1001  027B  1903               	btfsc	3,2
  1002  027C  2A88               	goto	l1143
  1003  027D  09BA               	comf	___fttol@lval,f
  1004  027E  09BB               	comf	___fttol@lval+1,f
  1005  027F  09BC               	comf	___fttol@lval+2,f
  1006  0280  09BD               	comf	___fttol@lval+3,f
  1007  0281  0ABA               	incf	___fttol@lval,f
  1008  0282  1903               	skipnz
  1009  0283  0ABB               	incf	___fttol@lval+1,f
  1010  0284  1903               	skipnz
  1011  0285  0ABC               	incf	___fttol@lval+2,f
  1012  0286  1903               	skipnz
  1013  0287  0ABD               	incf	___fttol@lval+3,f
  1014  0288                     l1143:	
  1015  0288  083D               	movf	___fttol@lval+3,w
  1016  0289  00B5               	movwf	?___fttol+3
  1017  028A  083C               	movf	___fttol@lval+2,w
  1018  028B  00B4               	movwf	?___fttol+2
  1019  028C  083B               	movf	___fttol@lval+1,w
  1020  028D  00B3               	movwf	?___fttol+1
  1021  028E  083A               	movf	___fttol@lval,w
  1022  028F  00B2               	movwf	?___fttol
  1023  0290  0008               	return
  1024  0291                     __end_of___fttol:	
  1025  0291                     PL6:	
  1026  0291  0832               	movf	___fttol@f1,w
  1027  0292  00B6               	movwf	??___fttol
  1028  0293  0833               	movf	___fttol@f1+1,w
  1029  0294  00B7               	movwf	??___fttol+1
  1030  0295  0834               	movf	___fttol@f1+2,w
  1031  0296  00B8               	movwf	??___fttol+2
  1032  0297  0008               	return
  1033  0298                     __end_ofPL6:	
  1034                           
  1035                           	psect	text5
  1036  0298                     __ptext5:	
  1037 ;; *************** function _Init_System *****************
  1038 ;; Defined at:
  1039 ;;		line 168 in file "H:\MyDownloads\綱츠蝎&꿎桿괩멩\역랙관\SC8F096역랙관\SC8F096_DEMO_C\SC8F096_ADC_Demo\SC8F096_ADC.c"
  1040 ;; Parameters:    Size  Location     Type
  1041 ;;		None
  1042 ;; Auto vars:     Size  Location     Type
  1043 ;;		None
  1044 ;; Return value:  Size  Location     Type
  1045 ;;                  1    wreg      void 
  1046 ;; Registers used:
  1047 ;;		wreg, status,2
  1048 ;; Tracked objects:
  1049 ;;		On entry : B00/0
  1050 ;;		On exit  : 300/0
  1051 ;;		Unchanged: 0/0
  1052 ;; Data sizes:     COMMON   BANK0   BANK1   BANK3   BANK2
  1053 ;;      Params:         0       0       0       0       0
  1054 ;;      Locals:         0       0       0       0       0
  1055 ;;      Temps:          0       0       0       0       0
  1056 ;;      Totals:         0       0       0       0       0
  1057 ;;Total ram usage:        0 bytes
  1058 ;; Hardware stack levels used:    1
  1059 ;; Hardware stack levels required when called:    1
  1060 ;; This function calls:
  1061 ;;		Nothing
  1062 ;; This function is called by:
  1063 ;;		_main
  1064 ;; This function uses a non-reentrant model
  1065 ;;
  1066                           
  1067                           
  1068                           ;psect for function _Init_System
  1069  0298                     _Init_System:	
  1070                           
  1071                           ;incstack = 0
  1072                           ; Regs used in _Init_System: [wreg+status,2]
  1073  0298  0000               	nop	;# 
  1074  0299  0064               	clrwdt	;# 
  1075                           
  1076                           ;SC8F096_ADC.c: 172: OPTION_REG = 0;
  1077  029A  1283               	bcf	3,5	;RP0=0, select bank0
  1078  029B  1303               	bcf	3,6	;RP1=0, select bank0
  1079  029C  0181               	clrf	1	;volatile
  1080  029D  0064               	clrwdt	;# 
  1081                           
  1082                           ;SC8F096_ADC.c: 174: OSCCON = 0X70;
  1083  029E  3070               	movlw	112
  1084  029F  1283               	bcf	3,5	;RP0=0, select bank0
  1085  02A0  1303               	bcf	3,6	;RP1=0, select bank0
  1086  02A1  0094               	movwf	20	;volatile
  1087                           
  1088                           ;SC8F096_ADC.c: 176: WPUA = 0B00000000;
  1089  02A2  1683               	bsf	3,5	;RP0=1, select bank1
  1090  02A3  0188               	clrf	8	;volatile
  1091                           
  1092                           ;SC8F096_ADC.c: 177: WPUB = 0B00000000;
  1093  02A4  1283               	bcf	3,5	;RP0=0, select bank0
  1094  02A5  0188               	clrf	8	;volatile
  1095                           
  1096                           ;SC8F096_ADC.c: 178: WPUC = 0B00000000;
  1097  02A6  1703               	bsf	3,6	;RP1=1, select bank2
  1098  02A7  0188               	clrf	8	;volatile
  1099                           
  1100                           ;SC8F096_ADC.c: 179: WPUD = 0B00000000;
  1101  02A8  0195               	clrf	21	;volatile
  1102                           
  1103                           ;SC8F096_ADC.c: 181: TRISA = 0B00000000;
  1104  02A9  1683               	bsf	3,5	;RP0=1, select bank1
  1105  02AA  1303               	bcf	3,6	;RP1=0, select bank1
  1106  02AB  0185               	clrf	5	;volatile
  1107                           
  1108                           ;SC8F096_ADC.c: 182: TRISB = 0B00000000;
  1109  02AC  1283               	bcf	3,5	;RP0=0, select bank0
  1110  02AD  0185               	clrf	5	;volatile
  1111                           
  1112                           ;SC8F096_ADC.c: 183: TRISC = 0B00000000;
  1113  02AE  1703               	bsf	3,6	;RP1=1, select bank2
  1114  02AF  0185               	clrf	5	;volatile
  1115                           
  1116                           ;SC8F096_ADC.c: 184: TRISD = 0B00000000;
  1117  02B0  0194               	clrf	20	;volatile
  1118                           
  1119                           ;SC8F096_ADC.c: 186: PORTA = 0B00000000;
  1120  02B1  1683               	bsf	3,5	;RP0=1, select bank1
  1121  02B2  1303               	bcf	3,6	;RP1=0, select bank1
  1122  02B3  0186               	clrf	6	;volatile
  1123                           
  1124                           ;SC8F096_ADC.c: 187: PORTB = 0B00000000;
  1125  02B4  1283               	bcf	3,5	;RP0=0, select bank0
  1126  02B5  0186               	clrf	6	;volatile
  1127                           
  1128                           ;SC8F096_ADC.c: 188: PORTC = 0B00000000;
  1129  02B6  1703               	bsf	3,6	;RP1=1, select bank2
  1130  02B7  0186               	clrf	6	;volatile
  1131                           
  1132                           ;SC8F096_ADC.c: 189: PORTD = 0B00000000;
  1133  02B8  0187               	clrf	7	;volatile
  1134                           
  1135                           ;SC8F096_ADC.c: 191: CC0CON = 0;
  1136  02B9  1683               	bsf	3,5	;RP0=1, select bank3
  1137  02BA  0195               	clrf	21	;volatile
  1138                           
  1139                           ;SC8F096_ADC.c: 192: CC1CON = 0;
  1140  02BB  0196               	clrf	22	;volatile
  1141                           
  1142                           ;SC8F096_ADC.c: 196: PR2 = 249;
  1143  02BC  30F9               	movlw	249
  1144  02BD  1283               	bcf	3,5	;RP0=0, select bank0
  1145  02BE  1303               	bcf	3,6	;RP1=0, select bank0
  1146  02BF  0091               	movwf	17	;volatile
  1147                           
  1148                           ;SC8F096_ADC.c: 197: TMR2IF = 0;
  1149  02C0  108D               	bcf	13,1	;volatile
  1150                           
  1151                           ;SC8F096_ADC.c: 198: TMR2IE = 1;
  1152  02C1  148E               	bsf	14,1	;volatile
  1153                           
  1154                           ;SC8F096_ADC.c: 200: T2CON = 0B00000100;
  1155  02C2  3004               	movlw	4
  1156  02C3  0093               	movwf	19	;volatile
  1157                           
  1158                           ;SC8F096_ADC.c: 201: INTCON = 0XC0;
  1159  02C4  30C0               	movlw	192
  1160  02C5  008B               	movwf	11	;volatile
  1161  02C6  0008               	return
  1162  02C7                     __end_of_Init_System:	
  1163                           
  1164                           	psect	text6
  1165  02D2                     __ptext6:	
  1166 ;; *************** function _AD_Init *****************
  1167 ;; Defined at:
  1168 ;;		line 232 in file "H:\MyDownloads\綱츠蝎&꿎桿괩멩\역랙관\SC8F096역랙관\SC8F096_DEMO_C\SC8F096_ADC_Demo\SC8F096_ADC.c"
  1169 ;; Parameters:    Size  Location     Type
  1170 ;;		None
  1171 ;; Auto vars:     Size  Location     Type
  1172 ;;		None
  1173 ;; Return value:  Size  Location     Type
  1174 ;;                  1    wreg      void 
  1175 ;; Registers used:
  1176 ;;		wreg, status,2
  1177 ;; Tracked objects:
  1178 ;;		On entry : 300/0
  1179 ;;		On exit  : 300/100
  1180 ;;		Unchanged: 0/0
  1181 ;; Data sizes:     COMMON   BANK0   BANK1   BANK3   BANK2
  1182 ;;      Params:         0       0       0       0       0
  1183 ;;      Locals:         0       0       0       0       0
  1184 ;;      Temps:          0       0       0       0       0
  1185 ;;      Totals:         0       0       0       0       0
  1186 ;;Total ram usage:        0 bytes
  1187 ;; Hardware stack levels used:    1
  1188 ;; Hardware stack levels required when called:    1
  1189 ;; This function calls:
  1190 ;;		Nothing
  1191 ;; This function is called by:
  1192 ;;		_main
  1193 ;; This function uses a non-reentrant model
  1194 ;;
  1195                           
  1196                           
  1197                           ;psect for function _AD_Init
  1198  02D2                     _AD_Init:	
  1199                           
  1200                           ;SC8F096_ADC.c: 262: ADCON0 = 0X41;
  1201                           
  1202                           ;incstack = 0
  1203                           ; Regs used in _AD_Init: [wreg+status,2]
  1204  02D2  3041               	movlw	65
  1205  02D3  1683               	bsf	3,5	;RP0=1, select bank1
  1206  02D4  0095               	movwf	21	;volatile
  1207                           
  1208                           ;SC8F096_ADC.c: 279: ADCON1 = 0;
  1209  02D5  0196               	clrf	22	;volatile
  1210  02D6  0008               	return
  1211  02D7                     __end_of_AD_Init:	
  1212                           
  1213                           	psect	text7
  1214  001B                     __ptext7:	
  1215 ;; *************** function _ADC_Sample *****************
  1216 ;; Defined at:
  1217 ;;		line 46 in file "H:\MyDownloads\綱츠蝎&꿎桿괩멩\역랙관\SC8F096역랙관\SC8F096_DEMO_C\SC8F096_ADC_Demo\SC8F096_ADC.c"
  1218 ;; Parameters:    Size  Location     Type
  1219 ;;  adch            1    wreg     unsigned char 
  1220 ;;  adldo           1    2[COMMON] unsigned char 
  1221 ;; Auto vars:     Size  Location     Type
  1222 ;;  adch            1    1[BANK0 ] unsigned char 
  1223 ;;  j               1    0[BANK0 ] unsigned char 
  1224 ;;  adsum           4    3[BANK0 ] volatile unsigned long 
  1225 ;;  ad_temp         2   11[BANK0 ] volatile unsigned int 
  1226 ;;  admax           2    9[BANK0 ] volatile unsigned int 
  1227 ;;  admin           2    7[BANK0 ] volatile unsigned int 
  1228 ;;  i               1    2[BANK0 ] unsigned char 
  1229 ;; Return value:  Size  Location     Type
  1230 ;;                  1    wreg      unsigned char 
  1231 ;; Registers used:
  1232 ;;		wreg, status,2, status,0
  1233 ;; Tracked objects:
  1234 ;;		On entry : 0/100
  1235 ;;		On exit  : 300/0
  1236 ;;		Unchanged: 0/0
  1237 ;; Data sizes:     COMMON   BANK0   BANK1   BANK3   BANK2
  1238 ;;      Params:         1       0       0       0       0
  1239 ;;      Locals:         0      13       0       0       0
  1240 ;;      Temps:          4       0       0       0       0
  1241 ;;      Totals:         5      13       0       0       0
  1242 ;;Total ram usage:       18 bytes
  1243 ;; Hardware stack levels used:    1
  1244 ;; Hardware stack levels required when called:    1
  1245 ;; This function calls:
  1246 ;;		Nothing
  1247 ;; This function is called by:
  1248 ;;		_main
  1249 ;; This function uses a non-reentrant model
  1250 ;;
  1251                           
  1252                           
  1253                           ;psect for function _ADC_Sample
  1254  001B                     _ADC_Sample:	
  1255                           
  1256                           ;incstack = 0
  1257                           ; Regs used in _ADC_Sample: [wreg+status,2+status,0]
  1258                           ;ADC_Sample@adch stored from wreg
  1259  001B  1283               	bcf	3,5	;RP0=0, select bank0
  1260  001C  1303               	bcf	3,6	;RP1=0, select bank0
  1261  001D  00A1               	movwf	ADC_Sample@adch
  1262                           
  1263                           ;SC8F096_ADC.c: 48: volatile unsigned long adsum = 0;
  1264                           
  1265                           ;SC8F096_ADC.c: 49: volatile unsigned int admin = 0, admax = 0;
  1266  001E  2104  120A  118A   	fcall	PL4	;call to abstracted procedure
  1267                           
  1268                           ;SC8F096_ADC.c: 50: volatile unsigned int ad_temp = 0;
  1269  0021  01AB               	clrf	ADC_Sample@ad_temp	;volatile
  1270  0022  01AC               	clrf	ADC_Sample@ad_temp+1	;volatile
  1271                           
  1272                           ;SC8F096_ADC.c: 52: if ((!LDO_EN) && (adldo & 0x04) )
  1273  0023  1683               	bsf	3,5	;RP0=1, select bank1
  1274  0024  1D16               	btfss	22,2	;volatile
  1275  0025  1D72               	btfss	ADC_Sample@adldo,2
  1276  0026  282E               	goto	l957
  1277                           
  1278                           ;SC8F096_ADC.c: 53: {
  1279                           ;SC8F096_ADC.c: 55: ADCON1 = adldo;
  1280  0027  0872               	movf	ADC_Sample@adldo,w
  1281  0028  0096               	movwf	22	;volatile
  1282                           
  1283                           ;SC8F096_ADC.c: 56: _delay((unsigned long)((100)*(16000000/4000000.0)));
  1284  0029  3085               	movlw	133
  1285  002A  00F3               	movwf	??_ADC_Sample
  1286  002B                     u807:	
  1287  002B  0BF3               	decfsz	??_ADC_Sample,f
  1288  002C  282B               	goto	u807
  1289                           
  1290                           ;SC8F096_ADC.c: 57: }
  1291  002D  2830               	goto	l959
  1292  002E                     l957:	
  1293                           
  1294                           ;SC8F096_ADC.c: 58: else
  1295                           ;SC8F096_ADC.c: 59: ADCON1 = adldo;
  1296  002E  0872               	movf	ADC_Sample@adldo,w
  1297  002F  0096               	movwf	22	;volatile
  1298  0030                     l959:	
  1299                           
  1300                           ;SC8F096_ADC.c: 61: if(adch & 0x10)
  1301  0030  1283               	bcf	3,5	;RP0=0, select bank0
  1302  0031  1303               	bcf	3,6	;RP1=0, select bank0
  1303  0032  1E21               	btfss	ADC_Sample@adch,4
  1304  0033  2839               	goto	l967
  1305                           
  1306                           ;SC8F096_ADC.c: 62: {
  1307                           ;SC8F096_ADC.c: 63: CHS4 = 1;
  1308  0034  1683               	bsf	3,5	;RP0=1, select bank1
  1309  0035  1716               	bsf	22,6	;volatile
  1310                           
  1311                           ;SC8F096_ADC.c: 64: adch &= 0x0f;
  1312  0036  300F               	movlw	15
  1313  0037  1283               	bcf	3,5	;RP0=0, select bank0
  1314  0038  05A1               	andwf	ADC_Sample@adch,f
  1315  0039                     l967:	
  1316                           
  1317                           ;SC8F096_ADC.c: 67: for (i = 0; i < 10; i++)
  1318  0039  01A2               	clrf	ADC_Sample@i
  1319  003A                     l973:	
  1320                           
  1321                           ;SC8F096_ADC.c: 68: {
  1322                           ;SC8F096_ADC.c: 69: ADCON0 = (unsigned char)(0X41 | (adch << 2));
  1323  003A  0821               	movf	ADC_Sample@adch,w
  1324  003B  00F3               	movwf	??_ADC_Sample
  1325  003C  3001               	movlw	1
  1326  003D  1003               	clrc
  1327  003E                     L2:	
  1328  003E  0DF3               	rlf	??_ADC_Sample,f
  1329  003F  3EFF               	addlw	-1
  1330  0040  1003               	clrc
  1331  0041  1D03               	skipz
  1332  0042  283E               	goto	L2
  1333  0043  0D73               	rlf	??_ADC_Sample,w
  1334  0044  3841               	iorlw	65
  1335  0045  1683               	bsf	3,5	;RP0=1, select bank1
  1336  0046  0095               	movwf	21	;volatile
  1337  0047  0000               	nop	;# 
  1338  0048  0000               	nop	;# 
  1339  0049  0000               	nop	;# 
  1340  004A  0000               	nop	;# 
  1341                           
  1342                           ;SC8F096_ADC.c: 74: GODONE = 1;
  1343  004B  1683               	bsf	3,5	;RP0=1, select bank1
  1344  004C  1303               	bcf	3,6	;RP1=0, select bank1
  1345  004D  1495               	bsf	21,1	;volatile
  1346                           
  1347                           ;SC8F096_ADC.c: 76: unsigned char j = 0;
  1348  004E  1283               	bcf	3,5	;RP0=0, select bank0
  1349  004F  01A0               	clrf	ADC_Sample@j
  1350  0050                     l250:	
  1351                           ;SC8F096_ADC.c: 77: while (GODONE)
  1352                           
  1353  0050  1683               	bsf	3,5	;RP0=1, select bank1
  1354  0051  1C95               	btfss	21,1	;volatile
  1355  0052  285C               	goto	l983
  1356                           
  1357                           ;SC8F096_ADC.c: 78: {
  1358                           ;SC8F096_ADC.c: 79: _delay((unsigned long)((2)*(16000000/4000000.0)));
  1359  0053  2854               	nop2	;2 cycle nop
  1360  0054  2855               	nop2	;2 cycle nop
  1361  0055  2856               	nop2	;2 cycle nop
  1362  0056  2857               	nop2	;2 cycle nop
  1363                           
  1364                           ;SC8F096_ADC.c: 81: if (0 == (--j))
  1365  0057  1283               	bcf	3,5	;RP0=0, select bank0
  1366  0058  1303               	bcf	3,6	;RP1=0, select bank0
  1367  0059  0BA0               	decfsz	ADC_Sample@j,f
  1368  005A  2850               	goto	l250
  1369                           
  1370                           ;SC8F096_ADC.c: 82: return 0;
  1371  005B  3400               	retlw	0
  1372  005C                     l983:	
  1373                           
  1374                           ;SC8F096_ADC.c: 83: }
  1375                           ;SC8F096_ADC.c: 85: ad_temp = (unsigned int)((ADRESH << 4) + (ADRESL >> 4));
  1376  005C  0819               	movf	25,w	;volatile
  1377  005D  1283               	bcf	3,5	;RP0=0, select bank0
  1378  005E  00AB               	movwf	ADC_Sample@ad_temp	;volatile
  1379  005F  01AC               	clrf	ADC_Sample@ad_temp+1	;volatile
  1380  0060  0EAB               	swapf	ADC_Sample@ad_temp,f	;volatile
  1381  0061  0EAC               	swapf	ADC_Sample@ad_temp+1,f	;volatile
  1382  0062  30F0               	movlw	240
  1383  0063  05AC               	andwf	ADC_Sample@ad_temp+1,f	;volatile
  1384  0064  082B               	movf	ADC_Sample@ad_temp,w	;volatile
  1385  0065  390F               	andlw	15
  1386  0066  04AC               	iorwf	ADC_Sample@ad_temp+1,f	;volatile
  1387  0067  30F0               	movlw	240
  1388  0068  05AB               	andwf	ADC_Sample@ad_temp,f	;volatile
  1389  0069  1683               	bsf	3,5	;RP0=1, select bank1
  1390  006A  0E18               	swapf	24,w	;volatile
  1391  006B  390F               	andlw	15
  1392  006C  1283               	bcf	3,5	;RP0=0, select bank0
  1393  006D  07AB               	addwf	ADC_Sample@ad_temp,f	;volatile
  1394  006E  1803               	skipnc
  1395  006F  0AAC               	incf	ADC_Sample@ad_temp+1,f	;volatile
  1396                           
  1397                           ;SC8F096_ADC.c: 87: if (0 == admax)
  1398  0070  0829               	movf	ADC_Sample@admax,w	;volatile
  1399  0071  042A               	iorwf	ADC_Sample@admax+1,w	;volatile
  1400  0072  1D03               	btfss	3,2
  1401  0073  2879               	goto	l991
  1402                           
  1403                           ;SC8F096_ADC.c: 88: {
  1404                           ;SC8F096_ADC.c: 89: admax = ad_temp;
  1405  0074  082C               	movf	ADC_Sample@ad_temp+1,w	;volatile
  1406  0075  00AA               	movwf	ADC_Sample@admax+1	;volatile
  1407  0076  082B               	movf	ADC_Sample@ad_temp,w	;volatile
  1408  0077  00A9               	movwf	ADC_Sample@admax	;volatile
  1409  0078  288E               	goto	l997
  1410  0079                     l991:	
  1411                           ;SC8F096_ADC.c: 91: }
  1412                           
  1413                           ;SC8F096_ADC.c: 90: admin = ad_temp;
  1414                           
  1415                           
  1416                           ;SC8F096_ADC.c: 92: else if (ad_temp > admax)
  1417  0079  082C               	movf	ADC_Sample@ad_temp+1,w	;volatile
  1418  007A  022A               	subwf	ADC_Sample@admax+1,w	;volatile
  1419  007B  1D03               	skipz
  1420  007C  287F               	goto	u545
  1421  007D  082B               	movf	ADC_Sample@ad_temp,w	;volatile
  1422  007E  0229               	subwf	ADC_Sample@admax,w	;volatile
  1423  007F                     u545:	
  1424  007F  1803               	skipnc
  1425  0080  2886               	goto	l995
  1426                           
  1427                           ;SC8F096_ADC.c: 93: admax = ad_temp;
  1428  0081  082C               	movf	ADC_Sample@ad_temp+1,w	;volatile
  1429  0082  00AA               	movwf	ADC_Sample@admax+1	;volatile
  1430  0083  082B               	movf	ADC_Sample@ad_temp,w	;volatile
  1431  0084  00A9               	movwf	ADC_Sample@admax	;volatile
  1432  0085  2892               	goto	l256
  1433  0086                     l995:	
  1434                           
  1435                           ;SC8F096_ADC.c: 94: else if (ad_temp < admin)
  1436  0086  0828               	movf	ADC_Sample@admin+1,w	;volatile
  1437  0087  022C               	subwf	ADC_Sample@ad_temp+1,w	;volatile
  1438  0088  1D03               	skipz
  1439  0089  288C               	goto	u555
  1440  008A  0827               	movf	ADC_Sample@admin,w	;volatile
  1441  008B  022B               	subwf	ADC_Sample@ad_temp,w	;volatile
  1442  008C                     u555:	
  1443  008C  1803               	skipnc
  1444  008D  2892               	goto	l256
  1445  008E                     l997:	
  1446                           
  1447                           ;SC8F096_ADC.c: 95: admin = ad_temp;
  1448  008E  082C               	movf	ADC_Sample@ad_temp+1,w	;volatile
  1449  008F  00A8               	movwf	ADC_Sample@admin+1	;volatile
  1450  0090  082B               	movf	ADC_Sample@ad_temp,w	;volatile
  1451  0091  00A7               	movwf	ADC_Sample@admin	;volatile
  1452  0092                     l256:	
  1453                           
  1454                           ;SC8F096_ADC.c: 97: adsum += ad_temp;
  1455  0092  082B               	movf	ADC_Sample@ad_temp,w	;volatile
  1456  0093  00F3               	movwf	??_ADC_Sample
  1457  0094  082C               	movf	ADC_Sample@ad_temp+1,w	;volatile
  1458  0095  00F4               	movwf	??_ADC_Sample+1
  1459  0096  01F5               	clrf	??_ADC_Sample+2
  1460  0097  01F6               	clrf	??_ADC_Sample+3
  1461  0098  0873               	movf	??_ADC_Sample,w
  1462  0099  07A3               	addwf	ADC_Sample@adsum,f	;volatile
  1463  009A  0874               	movf	??_ADC_Sample+1,w
  1464  009B  1103               	clrz
  1465  009C  1803               	skipnc
  1466  009D  3E01               	addlw	1
  1467  009E  1D03               	btfss	3,2
  1468  009F  07A4               	addwf	ADC_Sample@adsum+1,f	;volatile
  1469  00A0  0875               	movf	??_ADC_Sample+2,w
  1470  00A1  1103               	clrz
  1471  00A2  1803               	skipnc
  1472  00A3  3E01               	addlw	1
  1473  00A4  1D03               	btfss	3,2
  1474  00A5  07A5               	addwf	ADC_Sample@adsum+2,f	;volatile
  1475  00A6  0876               	movf	??_ADC_Sample+3,w
  1476  00A7  1103               	clrz
  1477  00A8  1803               	skipnc
  1478  00A9  3E01               	addlw	1
  1479  00AA  1D03               	btfss	3,2
  1480  00AB  07A6               	addwf	ADC_Sample@adsum+3,f	;volatile
  1481  00AC  300A               	movlw	10
  1482  00AD  0AA2               	incf	ADC_Sample@i,f
  1483  00AE  0222               	subwf	ADC_Sample@i,w
  1484  00AF  1C03               	skipc
  1485  00B0  283A               	goto	l973
  1486                           
  1487                           ;SC8F096_ADC.c: 98: }
  1488                           ;SC8F096_ADC.c: 99: adsum -= admax;
  1489  00B1  0829               	movf	ADC_Sample@admax,w	;volatile
  1490  00B2  00F3               	movwf	??_ADC_Sample
  1491  00B3  082A               	movf	ADC_Sample@admax+1,w	;volatile
  1492  00B4  20F5  120A  118A   	fcall	PL2	;call to abstracted procedure
  1493  00B7  1C03               	skipc
  1494  00B8  0F76               	incfsz	??_ADC_Sample+3,w
  1495  00B9  02A6               	subwf	ADC_Sample@adsum+3,f	;volatile
  1496                           
  1497                           ;SC8F096_ADC.c: 100: if (adsum >= admin)
  1498  00BA  0827               	movf	ADC_Sample@admin,w	;volatile
  1499  00BB  00F3               	movwf	??_ADC_Sample
  1500  00BC  0828               	movf	ADC_Sample@admin+1,w	;volatile
  1501  00BD  00F4               	movwf	??_ADC_Sample+1
  1502  00BE  01F5               	clrf	??_ADC_Sample+2
  1503  00BF  01F6               	clrf	??_ADC_Sample+3
  1504  00C0  0876               	movf	??_ADC_Sample+3,w
  1505  00C1  0226               	subwf	ADC_Sample@adsum+3,w	;volatile
  1506  00C2  1D03               	skipz
  1507  00C3  28CE               	goto	u595
  1508  00C4  0875               	movf	??_ADC_Sample+2,w
  1509  00C5  0225               	subwf	ADC_Sample@adsum+2,w	;volatile
  1510  00C6  1D03               	skipz
  1511  00C7  28CE               	goto	u595
  1512  00C8  0874               	movf	??_ADC_Sample+1,w
  1513  00C9  0224               	subwf	ADC_Sample@adsum+1,w	;volatile
  1514  00CA  1D03               	skipz
  1515  00CB  28CE               	goto	u595
  1516  00CC  0873               	movf	??_ADC_Sample,w
  1517  00CD  0223               	subwf	ADC_Sample@adsum,w	;volatile
  1518  00CE                     u595:	
  1519  00CE  1C03               	skipc
  1520  00CF  28DA               	goto	l260
  1521                           
  1522                           ;SC8F096_ADC.c: 101: adsum -= admin;
  1523  00D0  0827               	movf	ADC_Sample@admin,w	;volatile
  1524  00D1  00F3               	movwf	??_ADC_Sample
  1525  00D2  0828               	movf	ADC_Sample@admin+1,w	;volatile
  1526  00D3  20F5  120A  118A   	fcall	PL2	;call to abstracted procedure
  1527  00D6  1C03               	skipc
  1528  00D7  0F76               	incfsz	??_ADC_Sample+3,w
  1529  00D8  02A6               	subwf	ADC_Sample@adsum+3,f	;volatile
  1530  00D9  28DE               	goto	l1007
  1531  00DA                     l260:	
  1532                           
  1533                           ;SC8F096_ADC.c: 102: else
  1534                           ;SC8F096_ADC.c: 103: adsum = 0;
  1535  00DA  01A3               	clrf	ADC_Sample@adsum	;volatile
  1536  00DB  01A4               	clrf	ADC_Sample@adsum+1	;volatile
  1537  00DC  01A5               	clrf	ADC_Sample@adsum+2	;volatile
  1538  00DD  01A6               	clrf	ADC_Sample@adsum+3	;volatile
  1539  00DE                     l1007:	
  1540                           
  1541                           ;SC8F096_ADC.c: 105: adresult = adsum >> 3;
  1542  00DE  0823               	movf	ADC_Sample@adsum,w	;volatile
  1543  00DF  00F3               	movwf	??_ADC_Sample
  1544  00E0  0824               	movf	ADC_Sample@adsum+1,w	;volatile
  1545  00E1  00F4               	movwf	??_ADC_Sample+1
  1546  00E2  0825               	movf	ADC_Sample@adsum+2,w	;volatile
  1547  00E3  00F5               	movwf	??_ADC_Sample+2
  1548  00E4  0826               	movf	ADC_Sample@adsum+3,w	;volatile
  1549  00E5  00F6               	movwf	??_ADC_Sample+3
  1550  00E6  3003               	movlw	3
  1551  00E7                     u615:	
  1552  00E7  1003               	clrc
  1553  00E8  0CF6               	rrf	??_ADC_Sample+3,f
  1554  00E9  0CF5               	rrf	??_ADC_Sample+2,f
  1555  00EA  0CF4               	rrf	??_ADC_Sample+1,f
  1556  00EB  0CF3               	rrf	??_ADC_Sample,f
  1557  00EC  3EFF               	addlw	-1
  1558  00ED  1D03               	skipz
  1559  00EE  28E7               	goto	u615
  1560  00EF  0874               	movf	??_ADC_Sample+1,w
  1561  00F0  00C7               	movwf	_adresult+1	;volatile
  1562  00F1  0873               	movf	??_ADC_Sample,w
  1563  00F2  00C6               	movwf	_adresult	;volatile
  1564                           
  1565                           ;SC8F096_ADC.c: 107: adsum = 0;
  1566                           
  1567                           ;SC8F096_ADC.c: 108: admin = 0;
  1568                           
  1569                           ;SC8F096_ADC.c: 109: admax = 0;
  1570  00F3  2104               	fcall	PL4	;call to abstracted procedure
  1571                           
  1572                           ;SC8F096_ADC.c: 110: return 0xA5;
  1573  00F4  34A5               	retlw	165
  1574  00F5                     __end_of_ADC_Sample:	
  1575  00F5                     PL2:	
  1576  00F5  00F4               	movwf	??_ADC_Sample+1
  1577  00F6  01F5               	clrf	??_ADC_Sample+2
  1578  00F7  01F6               	clrf	??_ADC_Sample+3
  1579  00F8  0873               	movf	??_ADC_Sample,w
  1580  00F9  02A3               	subwf	ADC_Sample@adsum,f	;volatile
  1581  00FA  0874               	movf	??_ADC_Sample+1,w
  1582  00FB  1C03               	skipc
  1583  00FC  0F74               	incfsz	??_ADC_Sample+1,w
  1584  00FD  02A4               	subwf	ADC_Sample@adsum+1,f	;volatile
  1585  00FE  0875               	movf	??_ADC_Sample+2,w
  1586  00FF  1C03               	skipc
  1587  0100  0F75               	incfsz	??_ADC_Sample+2,w
  1588  0101  02A5               	subwf	ADC_Sample@adsum+2,f	;volatile
  1589  0102  0876               	movf	??_ADC_Sample+3,w
  1590  0103  0008               	return
  1591  0104                     __end_ofPL2:	
  1592  0104                     PL4:	
  1593  0104  01A3               	clrf	ADC_Sample@adsum	;volatile
  1594  0105  01A4               	clrf	ADC_Sample@adsum+1	;volatile
  1595  0106  01A5               	clrf	ADC_Sample@adsum+2	;volatile
  1596  0107  01A6               	clrf	ADC_Sample@adsum+3	;volatile
  1597  0108  01A7               	clrf	ADC_Sample@admin	;volatile
  1598  0109  01A8               	clrf	ADC_Sample@admin+1	;volatile
  1599  010A  01A9               	clrf	ADC_Sample@admax	;volatile
  1600  010B  01AA               	clrf	ADC_Sample@admax+1	;volatile
  1601  010C  0008               	return
  1602  010D                     __end_ofPL4:	
  1603                           
  1604                           	psect	text8
  1605  02C7                     __ptext8:	
  1606 ;; *************** function _Isr_Timer *****************
  1607 ;; Defined at:
  1608 ;;		line 213 in file "H:\MyDownloads\綱츠蝎&꿎桿괩멩\역랙관\SC8F096역랙관\SC8F096_DEMO_C\SC8F096_ADC_Demo\SC8F096_ADC.c"
  1609 ;; Parameters:    Size  Location     Type
  1610 ;;		None
  1611 ;; Auto vars:     Size  Location     Type
  1612 ;;		None
  1613 ;; Return value:  Size  Location     Type
  1614 ;;                  1    wreg      void 
  1615 ;; Registers used:
  1616 ;;		None
  1617 ;; Tracked objects:
  1618 ;;		On entry : 0/0
  1619 ;;		On exit  : 300/0
  1620 ;;		Unchanged: 0/0
  1621 ;; Data sizes:     COMMON   BANK0   BANK1   BANK3   BANK2
  1622 ;;      Params:         0       0       0       0       0
  1623 ;;      Locals:         0       0       0       0       0
  1624 ;;      Temps:          2       0       0       0       0
  1625 ;;      Totals:         2       0       0       0       0
  1626 ;;Total ram usage:        2 bytes
  1627 ;; Hardware stack levels used:    1
  1628 ;; This function calls:
  1629 ;;		Nothing
  1630 ;; This function is called by:
  1631 ;;		Interrupt level 1
  1632 ;; This function uses a non-reentrant model
  1633 ;;
  1634                           
  1635                           
  1636                           ;psect for function _Isr_Timer
  1637  02C7                     _Isr_Timer:	
  1638                           
  1639                           ;SC8F096_ADC.c: 215: if (TMR2IF)
  1640  02C7  1283               	bcf	3,5	;RP0=0, select bank0
  1641  02C8  1303               	bcf	3,6	;RP1=0, select bank0
  1642  02C9  188D               	btfsc	13,1	;volatile
  1643                           
  1644                           ;SC8F096_ADC.c: 216: {
  1645                           ;SC8F096_ADC.c: 217: TMR2IF = 0;
  1646  02CA  108D               	bcf	13,1	;volatile
  1647  02CB  0871               	movf	??_Isr_Timer+1,w
  1648  02CC  008A               	movwf	10
  1649  02CD  0E70               	swapf	??_Isr_Timer^(0+-128),w
  1650  02CE  0083               	movwf	3
  1651  02CF  0EFE               	swapf	126,f
  1652  02D0  0E7E               	swapf	126,w
  1653  02D1  0009               	retfie
  1654  02D2                     __end_of_Isr_Timer:	
  1655  007E                     btemp	set	126	;btemp
  1656  007E                     wtemp0	set	126
  1657                           
  1658                           	psect	intentry
  1659  0004                     __pintentry:	
  1660                           ;incstack = 0
  1661                           ; Regs used in _Isr_Timer: []
  1662                           
  1663  0004                     interrupt_function:	
  1664  007E                     saved_w	set	btemp
  1665  0004  00FE               	movwf	btemp
  1666  0005  0E03               	swapf	3,w
  1667  0006  00F0               	movwf	??_Isr_Timer
  1668  0007  080A               	movf	10,w
  1669  0008  00F1               	movwf	??_Isr_Timer+1
  1670  0009  120A  118A  2AC7   	ljmp	_Isr_Timer


Data Sizes:
    Strings     0
    Constant    0
    Data        0
    BSS         6
    Persistent  1
    Stack       0

Auto Spaces:
    Space          Size  Autos    Used
    COMMON           14     10      12
    BANK0            80     36      41
    BANK1            80      0       0
    BANK3            80      0       0
    BANK2            80      0       0

Pointer List with Targets:

    None.

Critical Paths under _main in COMMON

    ___lwtoft->___ftpack
    ___ftdiv->___ftpack

Critical Paths under _Isr_Timer in COMMON

    None.

Critical Paths under _main in BANK0

    _main->___fttol
    ___fttol->___ftdiv
    ___ftdiv->___lwtoft

Critical Paths under _Isr_Timer in BANK0

    None.

Critical Paths under _main in BANK1

    None.

Critical Paths under _Isr_Timer in BANK1

    None.

Critical Paths under _main in BANK3

    None.

Critical Paths under _Isr_Timer in BANK3

    None.

Critical Paths under _main in BANK2

    None.

Critical Paths under _Isr_Timer in BANK2

    None.

Call Graph Tables:

 ---------------------------------------------------------------------------------
 (Depth) Function   	        Calls       Base Space   Used Autos Params    Refs
 ---------------------------------------------------------------------------------
 (0) _main                                                 5     5      0    4695
                                             31 BANK0      5     5      0
                         _ADC_Sample
                            _AD_Init
                        _Init_System
                            ___ftdiv
                            ___fttol
                           ___lwtoft
 ---------------------------------------------------------------------------------
 (1) ___lwtoft                                             3     0      3    1704
                                              0 BANK0      3     0      3
                           ___ftpack
 ---------------------------------------------------------------------------------
 (1) ___fttol                                             13     9      4     305
                                             18 BANK0     13     9      4
                            ___ftdiv (ARG)
                           ___lwtoft (ARG)
 ---------------------------------------------------------------------------------
 (1) ___ftdiv                                             15     9      6    2017
                                              3 BANK0     15     9      6
                           ___ftpack
                           ___lwtoft (ARG)
 ---------------------------------------------------------------------------------
 (2) ___ftpack                                             8     3      5    1629
                                              2 COMMON     8     3      5
 ---------------------------------------------------------------------------------
 (1) _Init_System                                          0     0      0       0
 ---------------------------------------------------------------------------------
 (1) _AD_Init                                              0     0      0       0
 ---------------------------------------------------------------------------------
 (1) _ADC_Sample                                          18    17      1     635
                                              2 COMMON     5     4      1
                                              0 BANK0     13    13      0
 ---------------------------------------------------------------------------------
 Estimated maximum stack depth 2
 ---------------------------------------------------------------------------------
 (Depth) Function   	        Calls       Base Space   Used Autos Params    Refs
 ---------------------------------------------------------------------------------
 (3) _Isr_Timer                                            2     2      0       0
                                              0 COMMON     2     2      0
 ---------------------------------------------------------------------------------
 Estimated maximum stack depth 3
 ---------------------------------------------------------------------------------

 Call Graph Graphs:

 _main (ROOT)
   _ADC_Sample
   _AD_Init
   _Init_System
   ___ftdiv
     ___ftpack
     ___lwtoft (ARG)
       ___ftpack
   ___fttol
     ___ftdiv (ARG)
       ___ftpack
       ___lwtoft (ARG)
         ___ftpack
     ___lwtoft (ARG)
       ___ftpack
   ___lwtoft
     ___ftpack

 _Isr_Timer (ROOT)

 Address spaces:
Name               Size   Autos  Total    Cost      Usage
BITCOMMON            E      0       0       0        0.0%
NULL                 0      0       0       0        0.0%
CODE                 0      0       0       0        0.0%
COMMON               E      A       C       1       85.7%
BITSFR0              0      0       0       1        0.0%
SFR0                 0      0       0       1        0.0%
BITSFR1              0      0       0       2        0.0%
SFR1                 0      0       0       2        0.0%
STACK                0      0       0       2        0.0%
BITBANK0            50      0       0       3        0.0%
BANK0               50     24      29       4       51.3%
BITSFR3              0      0       0       4        0.0%
SFR3                 0      0       0       4        0.0%
BITBANK1            50      0       0       5        0.0%
BITSFR2              0      0       0       5        0.0%
SFR2                 0      0       0       5        0.0%
BANK1               50      0       0       6        0.0%
BITBANK3            50      0       0       7        0.0%
BANK3               50      0       0       8        0.0%
BITBANK2            50      0       0       9        0.0%
BANK2               50      0       0      10        0.0%
ABS                  0      0      35      11        0.0%
DATA                 0      0      35      12        0.0%


Microchip Technology PIC Macro Assembler V1.45 build -152302408 
Symbol Table                                                                                   Tue Dec 17 15:04:30 2024

                     PL2 00F5                       PL4 0104                       PL6 0291  
                    l250 0050                      l260 00DA                      l256 0092  
                    l266 01D1                      l445 018D                      l457 01B5  
                    l931 019B                      l499 013F                      l933 01A5  
                    l927 0191                      l937 01B3                      l929 0196  
                    l939 01AA                      l973 003A                      l957 002E  
                    l991 0079                      l983 005C                      l967 0039  
                    l959 0030                      l995 0086                      l997 008E  
                    _PR2 0011                      u615 00E7                      u545 007F  
                    u555 008C                      u645 0160                      u807 002B  
                    u595 00CE                      u675 0249                      u787 01EB  
                    u797 0232      __size_of_ADC_Sample 00DA          __end_of_AD_Init 02D7  
           ___ftdiv@cntr 002C             ___ftdiv@sign 0031                     l1007 00DE  
                   l1111 0245                     l1131 026C                     l1109 0240  
                   l1071 012E                     l1143 0288                     l1127 0264  
                   l1137 0270                     l1139 027A                     l1093 0152  
                   l1191 01EE                     l1199 022B                     _CHS4 04B6  
                   _WPUA 0088                     _WPUB 0008                     _WPUC 0108  
                   _WPUD 0115                     _main 01C7             ___ftpack@arg 0072  
           ___ftpack@exp 0075                     btemp 007E                     start 000C  
           ___fttol@exp1 003E            ??_Init_System 0072             ___fttol@lval 003A  
                  ?_main 0070          __end_of___ftdiv 0185          __end_of___fttol 0291  
                  _T2CON 0013                    _PORTA 0086                    _PORTB 0006  
                  _PORTC 0106                    _PORTD 0107                    _TRISA 0085  
                  _TRISB 0005                    _TRISC 0105                    _TRISD 0114  
          ___ftpack@sign 0076                    pclath 000A                    status 0003  
                  wtemp0 007E          __initialization 000F             __end_of_main 0236  
                 ??_main 003F            ___fttol@sign1 0039                ??_AD_Init 0072  
    __end_of_Init_System 02C7                   _CC0CON 0195                   _CC1CON 0196  
                 _ADCON0 0095                   _ADCON1 0096                   _ADRESH 0099  
                 _ADRESL 0098                   _ANSEL1 0094         __end_of___ftpack 01C7  
                 _GODONE 04A9                   _LDO_EN 04B2                   _INTCON 000B  
       __end_of___lwtoft 011D                   _OSCCON 0014                   _TMR2IE 0071  
                 _TMR2IF 0069             ??_ADC_Sample 0073                   _TRISB7 002F  
     __size_of_Isr_Timer 000B                ??___ftdiv 0029                ??___fttol 0036  
                 _result 007A       __end_of_ADC_Sample 00F5                   saved_w 007E  
__end_of__initialization 0017               ___ftdiv@f1 0026               ___ftdiv@f2 0023  
             ___ftdiv@f3 002D               ___fttol@f1 0032           __pcstackCOMMON 0070  
            _Init_System 0298               __end_ofPL2 0104               __end_ofPL4 010D  
             __end_ofPL6 0298               ___lwtoft@c 0020        __end_of_Isr_Timer 02D2  
             __pbssBANK0 0044               __pmaintext 01C7               __pintentry 0004  
              ?___ftpack 0072                  _AD_Init 02D2                ?___lwtoft 0020  
        ADC_Sample@adldo 0072          ADC_Sample@admax 0029          ADC_Sample@admin 0027  
        ADC_Sample@adsum 0023                  ___ftdiv 011D                  ___fttol 0236  
             ??___ftpack 0077                  __ptext1 010D                  __ptext2 0236  
                __ptext3 011D                  __ptext4 0185                  __ptext5 0298  
                __ptext6 02D2                  __ptext7 001B                  __ptext8 02C7  
             ??___lwtoft 007A     end_of_initialization 0017           main@power_temp 0040  
            ___ftdiv@exp 0030             ?_Init_System 0070      start_initialization 000F  
              _Isr_Timer 02C7        ADC_Sample@ad_temp 002B                 ?_AD_Init 0070  
      __size_of___ftpack 0042              __pbssCOMMON 007A                ___latbits 0002  
      __size_of___lwtoft 0010            __pcstackBANK0 0020               ?_Isr_Timer 0070  
              __pnvBANK0 0048                 ?___ftdiv 0023                 ?___fttol 0032  
         ADC_Sample@adch 0021              ADC_Sample@i 0022              ADC_Sample@j 0020  
      interrupt_function 0004     __size_of_Init_System 002F         __size_of_AD_Init 0005  
            ??_Isr_Timer 0070               _ADC_Sample 001B         __size_of___ftdiv 0068  
       __size_of___fttol 005B                 ___ftpack 0185                 ___lwtoft 010D  
               _adresult 0046            __size_of_main 006F                 _test_adc 0048  
               _power_ad 0044                 intlevel1 0000              ?_ADC_Sample 0072  
             _OPTION_REG 0001  
