

Microchip Technology PIC PRO Macro Assembler V1.45 build -152302408 
                                                                                               Thu Sep 19 13:57:45 2024

Microchip Technology Omniscient Code Generator v1.45 (PRO mode) build 201711160504
     1                           	processor	SC8F096AD
     2                           	opt	pw 120
     3                           	opt	pm
     4                           	psect	cinit,global,class=CODE,merge=1,delta=2
     5                           	psect	cstackCOMMON,global,class=COMMON,space=1,delta=1
     6                           	psect	maintext,global,class=CODE,split=1,delta=2
     7                           	psect	text1,local,class=CODE,merge=1,delta=2
     8                           	psect	text3,local,class=CODE,merge=1,delta=2
     9                           	psect	pa_nodes0,global,class=CODE,delta=2
    10                           	dabs	1,0x7E,2
    11  0000                     
    12                           ; Version 1.45
    13                           ; Generated 16/11/2017 GMT
    14                           ; 
    15                           ; Copyright Â© 2017, Microchip Technology Inc. and its subsidiaries ("Microchip")
    16                           ; All rights reserved.
    17                           ; 
    18                           ; This software is developed by Microchip Technology Inc. and its subsidiaries ("Microch
      +                          ip").
    19                           ; 
    20                           ; Redistribution and use in source and binary forms, with or without modification, are
    21                           ; permitted provided that the following conditions are met:
    22                           ; 
    23                           ;     1. Redistributions of source code must retain the above copyright notice, this lis
      +                          t of
    24                           ;        conditions and the following disclaimer.
    25                           ; 
    26                           ;     2. Redistributions in binary form must reproduce the above copyright notice, this 
      +                          list
    27                           ;        of conditions and the following disclaimer in the documentation and/or other
    28                           ;        materials provided with the distribution.
    29                           ; 
    30                           ;     3. Microchip's name may not be used to endorse or promote products derived from th
      +                          is
    31                           ;        software without specific prior written permission.
    32                           ; 
    33                           ; THIS SOFTWARE IS PROVIDED BY MICROCHIP "AS IS" AND ANY EXPRESS OR IMPLIED WARRANTIES,
    34                           ; INCLUDING, BUT NOT LIMITED TO, THE IMPLIED WARRANTIES OF MERCHANTABILITY AND FITNESS F
      +                          OR
    35                           ; PURPOSE ARE DISCLAIMED.  IN NO EVENT SHALL MICROCHIP BE LIABLE FOR ANY DIRECT, INDIREC
      +                          T,
    36                           ; INCIDENTAL, SPECIAL, EXEMPLARY, OR CONSEQUENTIAL DAMAGES (INCLUDING BUT NOT LIMITED TO
    37                           ; PROCUREMENT OF SUBSTITUTE GOODS OR SERVICES; LOSS OF USE, DATA OR PROFITS; OR BUSINESS
    38                           ; INTERRUPTION) HOWSOEVER CAUSED AND ON ANY THEORY OF LIABILITY, WHETHER IN CONTRACT, ST
      +                          RICT
    39                           ; LIABILITY, OR TORT (INCLUDING NEGLIGENCE OR OTHERWISE) ARISING IN ANY WAY OUT OF THE U
      +                          SE OF
    40                           ; THIS SOFTWARE, EVEN IF ADVISED OF THE POSSIBILITY OF SUCH DAMAGE.
    41                           ; 
    42                           ; 
    43                           ; Code-generator required, PIC16F887 Definitions
    44                           ; 
    45                           ; SFR Addresses
    46  0000                     	;# 
    47  0001                     	;# 
    48  0002                     	;# 
    49  0003                     	;# 
    50  0004                     	;# 
    51  0005                     	;# 
    52  0006                     	;# 
    53  0007                     	;# 
    54  0008                     	;# 
    55  0009                     	;# 
    56  000A                     	;# 
    57  000B                     	;# 
    58  000C                     	;# 
    59  000D                     	;# 
    60  000E                     	;# 
    61  000F                     	;# 
    62  0010                     	;# 
    63  0011                     	;# 
    64  0012                     	;# 
    65  0013                     	;# 
    66  0014                     	;# 
    67  0015                     	;# 
    68  0016                     	;# 
    69  0017                     	;# 
    70  0018                     	;# 
    71  0019                     	;# 
    72  001A                     	;# 
    73  001B                     	;# 
    74  001C                     	;# 
    75  001D                     	;# 
    76  001E                     	;# 
    77  001F                     	;# 
    78  0081                     	;# 
    79  0085                     	;# 
    80  0086                     	;# 
    81  0087                     	;# 
    82  0088                     	;# 
    83  0089                     	;# 
    84  008C                     	;# 
    85  008D                     	;# 
    86  008E                     	;# 
    87  008F                     	;# 
    88  0090                     	;# 
    89  0091                     	;# 
    90  0092                     	;# 
    91  0093                     	;# 
    92  0094                     	;# 
    93  0095                     	;# 
    94  0096                     	;# 
    95  0098                     	;# 
    96  0099                     	;# 
    97  009A                     	;# 
    98  009B                     	;# 
    99  009C                     	;# 
   100  009D                     	;# 
   101  009E                     	;# 
   102  009F                     	;# 
   103  0105                     	;# 
   104  0106                     	;# 
   105  0107                     	;# 
   106  0108                     	;# 
   107  0109                     	;# 
   108  010C                     	;# 
   109  010D                     	;# 
   110  010E                     	;# 
   111  010F                     	;# 
   112  0110                     	;# 
   113  0111                     	;# 
   114  0112                     	;# 
   115  0113                     	;# 
   116  0114                     	;# 
   117  0115                     	;# 
   118  0116                     	;# 
   119  0117                     	;# 
   120  0118                     	;# 
   121  0119                     	;# 
   122  011A                     	;# 
   123  011B                     	;# 
   124  011C                     	;# 
   125  011D                     	;# 
   126  011E                     	;# 
   127  011F                     	;# 
   128  0181                     	;# 
   129  0185                     	;# 
   130  0186                     	;# 
   131  0187                     	;# 
   132  0188                     	;# 
   133  0189                     	;# 
   134  018C                     	;# 
   135  018D                     	;# 
   136  018E                     	;# 
   137  018F                     	;# 
   138  0190                     	;# 
   139  0191                     	;# 
   140  0192                     	;# 
   141  0193                     	;# 
   142  0194                     	;# 
   143  0195                     	;# 
   144  0196                     	;# 
   145  0197                     	;# 
   146  0198                     	;# 
   147  0199                     	;# 
   148  019A                     	;# 
   149  019B                     	;# 
   150  019C                     	;# 
   151  019D                     	;# 
   152  019E                     	;# 
   153  019F                     	;# 
   154  000D                     _PIR1	set	13
   155  000E                     _PIE1	set	14
   156  0009                     _IOCB	set	9
   157  0014                     _OSCCON	set	20
   158  000C                     _QCCON	set	12
   159  0015                     _PWMCON0	set	21
   160  000F                     _CMP1CON0	set	15
   161  0008                     _WPUB	set	8
   162  0006                     _PORTB	set	6
   163  0005                     _TRISB	set	5
   164  0001                     _OPTION_REG	set	1
   165  000B                     _INTCON	set	11
   166  0058                     _RBIF	set	88
   167  006B                     _RAIF	set	107
   168  005F                     _GIE	set	95
   169  005B                     _RBIE	set	91
   170  005E                     _PEIE	set	94
   171  0073                     _RAIE	set	115
   172  0036                     _RB6	set	54
   173  0089                     _IOCA	set	137
   174  009A                     _CMP2CON0	set	154
   175  0096                     _ADCON1	set	150
   176  0095                     _ADCON0	set	149
   177  0088                     _WPUA	set	136
   178  0086                     _PORTA	set	134
   179  0085                     _TRISA	set	133
   180  0108                     _WPUC	set	264
   181  010F                     _PIR2	set	271
   182  0110                     _PIE2	set	272
   183  0113                     _KEYCON2	set	275
   184  0111                     _KEYCON0	set	273
   185  0107                     _PORTD	set	263
   186  0114                     _TRISD	set	276
   187  0106                     _PORTC	set	262
   188  0105                     _TRISC	set	261
   189  018C                     _OPACON	set	396
   190  0196                     _CC1CON	set	406
   191  0195                     _CC0CON	set	405
   192                           
   193                           	psect	cinit
   194  07FC                     start_initialization:	
   195                           ; #config settings
   196                           
   197  07FC                     __initialization:	
   198  07FC                     end_of_initialization:	
   199                           ;End of C runtime variable initialization code
   200                           
   201  07FC                     __end_of__initialization:	
   202  07FC  0183               	clrf	3
   203  07FD  120A  118A  2F66   	ljmp	_main	;jump to C main() function
   204                           
   205                           	psect	cstackCOMMON
   206  0070                     __pcstackCOMMON:	
   207  0070                     ?_Init_System:	
   208  0070                     ??_Init_System:	
   209                           ; 1 bytes @ 0x0
   210                           
   211  0070                     ?_Sleep_Mode:	
   212                           ; 1 bytes @ 0x0
   213                           
   214  0070                     ??_Sleep_Mode:	
   215                           ; 1 bytes @ 0x0
   216                           
   217  0070                     ?_DelayXms:	
   218                           ; 1 bytes @ 0x0
   219                           
   220  0070                     ??_DelayXms:	
   221                           ; 1 bytes @ 0x0
   222                           
   223  0070                     ?_main:	
   224                           ; 1 bytes @ 0x0
   225                           
   226  0070                     DelayXms@x:	
   227                           ; 1 bytes @ 0x0
   228                           
   229                           
   230                           ; 1 bytes @ 0x0
   231  0070                     	ds	1
   232  0071                     DelayXms@i:	
   233                           
   234                           ; 1 bytes @ 0x1
   235  0071                     	ds	1
   236  0072                     DelayXms@j:	
   237                           
   238                           ; 1 bytes @ 0x2
   239  0072                     	ds	1
   240  0073                     ??_main:	
   241                           
   242                           	psect	maintext
   243  0766                     __pmaintext:	
   244                           ; 1 bytes @ 0x3
   245 ;;
   246 ;;Main: autosize = 0, tempsize = 0, incstack = 0, save=0
   247 ;;
   248 ;; *************** function _main *****************
   249 ;; Defined at:
   250 ;;		line 37 in file "H:\MyDownloads\ËµĂ÷Ęé&˛âĘÔ±¨¸ć\żŞ·˘°ü\SC8F096ADżŞ·˘°ü\SC8F096_DEMO_C\SC8F096_Sleep_Demo\SC8F096_Sle
      +ep_Demo.c"
   251 ;; Parameters:    Size  Location     Type
   252 ;;		None
   253 ;; Auto vars:     Size  Location     Type
   254 ;;		None
   255 ;; Return value:  Size  Location     Type
   256 ;;                  1    wreg      void 
   257 ;; Registers used:
   258 ;;		wreg, status,2, status,0, pclath, cstack
   259 ;; Tracked objects:
   260 ;;		On entry : B00/0
   261 ;;		On exit  : 300/200
   262 ;;		Unchanged: 0/0
   263 ;; Data sizes:     COMMON   BANK0   BANK1   BANK3   BANK2
   264 ;;      Params:         0       0       0       0       0
   265 ;;      Locals:         0       0       0       0       0
   266 ;;      Temps:          0       0       0       0       0
   267 ;;      Totals:         0       0       0       0       0
   268 ;;Total ram usage:        0 bytes
   269 ;; Hardware stack levels required when called:    2
   270 ;; This function calls:
   271 ;;		_DelayXms
   272 ;;		_Init_System
   273 ;;		_Sleep_Mode
   274 ;; This function is called by:
   275 ;;		Startup code after reset
   276 ;; This function uses a non-reentrant model
   277 ;;
   278                           
   279                           
   280                           ;psect for function _main
   281  0766                     _main:	
   282                           
   283                           ;SC8F096_Sleep_Demo.c: 39: Init_System();
   284                           
   285                           ;incstack = 0
   286                           ; Regs used in _main: [wreg+status,2+status,0+pclath+cstack]
   287  0766  120A  118A  27DC  120A  118A  	fcall	_Init_System
   288  076B                     l573:	
   289                           
   290                           ;SC8F096_Sleep_Demo.c: 41: {
   291                           ;SC8F096_Sleep_Demo.c: 42: RB6=1;
   292  076B  1303               	bcf	3,6	;RP1=0, select bank0
   293  076C  1706               	bsf	6,6	;volatile
   294                           
   295                           ;SC8F096_Sleep_Demo.c: 43: DelayXms(100);
   296  076D  3064               	movlw	100
   297  076E  120A  118A  275A  120A  118A  	fcall	_DelayXms
   298                           
   299                           ;SC8F096_Sleep_Demo.c: 44: RB6 = 0;
   300  0773  1283               	bcf	3,5	;RP0=0, select bank0
   301  0774  1303               	bcf	3,6	;RP1=0, select bank0
   302  0775  1306               	bcf	6,6	;volatile
   303                           
   304                           ;SC8F096_Sleep_Demo.c: 45: DelayXms(100);
   305  0776  3064               	movlw	100
   306  0777  120A  118A  275A  120A  118A  	fcall	_DelayXms
   307                           
   308                           ;SC8F096_Sleep_Demo.c: 46: RB6=1;
   309  077C  1283               	bcf	3,5	;RP0=0, select bank0
   310  077D  1303               	bcf	3,6	;RP1=0, select bank0
   311  077E  1706               	bsf	6,6	;volatile
   312                           
   313                           ;SC8F096_Sleep_Demo.c: 47: DelayXms(100);
   314  077F  3064               	movlw	100
   315  0780  120A  118A  275A  120A  118A  	fcall	_DelayXms
   316                           
   317                           ;SC8F096_Sleep_Demo.c: 48: Sleep_Mode();
   318  0785  120A  118A  278B  120A  118A  	fcall	_Sleep_Mode
   319  078A  2F6B               	goto	l573
   320  078B                     __end_of_main:	
   321                           
   322                           	psect	text1
   323  078B                     __ptext1:	
   324 ;; *************** function _Sleep_Mode *****************
   325 ;; Defined at:
   326 ;;		line 60 in file "H:\MyDownloads\ËµĂ÷Ęé&˛âĘÔ±¨¸ć\żŞ·˘°ü\SC8F096ADżŞ·˘°ü\SC8F096_DEMO_C\SC8F096_Sleep_Demo\SC8F096_Sle
      +ep_Demo.c"
   327 ;; Parameters:    Size  Location     Type
   328 ;;		None
   329 ;; Auto vars:     Size  Location     Type
   330 ;;		None
   331 ;; Return value:  Size  Location     Type
   332 ;;                  1    wreg      void 
   333 ;; Registers used:
   334 ;;		wreg, status,2, status,0, pclath, cstack
   335 ;; Tracked objects:
   336 ;;		On entry : 0/0
   337 ;;		On exit  : 300/200
   338 ;;		Unchanged: 0/0
   339 ;; Data sizes:     COMMON   BANK0   BANK1   BANK3   BANK2
   340 ;;      Params:         0       0       0       0       0
   341 ;;      Locals:         0       0       0       0       0
   342 ;;      Temps:          0       0       0       0       0
   343 ;;      Totals:         0       0       0       0       0
   344 ;;Total ram usage:        0 bytes
   345 ;; Hardware stack levels used:    1
   346 ;; Hardware stack levels required when called:    1
   347 ;; This function calls:
   348 ;;		_Init_System
   349 ;; This function is called by:
   350 ;;		_main
   351 ;; This function uses a non-reentrant model
   352 ;;
   353                           
   354                           
   355                           ;psect for function _Sleep_Mode
   356  078B                     _Sleep_Mode:	
   357                           
   358                           ;SC8F096_Sleep_Demo.c: 62: INTCON = 0;
   359                           
   360                           ;incstack = 0
   361                           ; Regs used in _Sleep_Mode: [wreg+status,2+status,0+pclath+cstack]
   362  078B  018B               	clrf	11	;volatile
   363                           
   364                           ;SC8F096_Sleep_Demo.c: 64: OPTION_REG = 0;
   365  078C  1283               	bcf	3,5	;RP0=0, select bank0
   366  078D  1303               	bcf	3,6	;RP1=0, select bank0
   367  078E  0181               	clrf	1	;volatile
   368                           
   369                           ;SC8F096_Sleep_Demo.c: 66: TRISA = 0B00000001;
   370  078F  3001               	movlw	1
   371  0790  1683               	bsf	3,5	;RP0=1, select bank1
   372  0791  0085               	movwf	5	;volatile
   373                           
   374                           ;SC8F096_Sleep_Demo.c: 67: PORTA = 0B00000000;
   375  0792  0186               	clrf	6	;volatile
   376                           
   377                           ;SC8F096_Sleep_Demo.c: 68: WPUA = 0B00000001;
   378  0793  0088               	movwf	8	;volatile
   379                           
   380                           ;SC8F096_Sleep_Demo.c: 70: TRISB = 0B00001000;
   381  0794  3008               	movlw	8
   382  0795  1283               	bcf	3,5	;RP0=0, select bank0
   383  0796  0085               	movwf	5	;volatile
   384                           
   385                           ;SC8F096_Sleep_Demo.c: 71: PORTB = 0B00000000;
   386  0797  0186               	clrf	6	;volatile
   387                           
   388                           ;SC8F096_Sleep_Demo.c: 72: WPUB = 0B00001000;
   389  0798  0088               	movwf	8	;volatile
   390                           
   391                           ;SC8F096_Sleep_Demo.c: 74: TRISC = 0B00000000;
   392  0799  1703               	bsf	3,6	;RP1=1, select bank2
   393  079A  0185               	clrf	5	;volatile
   394                           
   395                           ;SC8F096_Sleep_Demo.c: 75: PORTC = 0B00000000;
   396  079B  0186               	clrf	6	;volatile
   397                           
   398                           ;SC8F096_Sleep_Demo.c: 77: TRISD = 0B00000000;
   399  079C  0194               	clrf	20	;volatile
   400                           
   401                           ;SC8F096_Sleep_Demo.c: 78: PORTD = 0B00000000;
   402  079D  0187               	clrf	7	;volatile
   403                           
   404                           ;SC8F096_Sleep_Demo.c: 80: ADCON0 = 0;
   405  079E  1683               	bsf	3,5	;RP0=1, select bank1
   406  079F  1303               	bcf	3,6	;RP1=0, select bank1
   407  07A0  0195               	clrf	21	;volatile
   408                           
   409                           ;SC8F096_Sleep_Demo.c: 81: ADCON1 = 0;
   410  07A1  0196               	clrf	22	;volatile
   411                           
   412                           ;SC8F096_Sleep_Demo.c: 82: CMP1CON0 = 0;
   413  07A2  1283               	bcf	3,5	;RP0=0, select bank0
   414  07A3  018F               	clrf	15	;volatile
   415                           
   416                           ;SC8F096_Sleep_Demo.c: 83: CMP2CON0 = 0;
   417  07A4  1683               	bsf	3,5	;RP0=1, select bank1
   418  07A5  019A               	clrf	26	;volatile
   419                           
   420                           ;SC8F096_Sleep_Demo.c: 84: PWMCON0 = 0;
   421  07A6  1283               	bcf	3,5	;RP0=0, select bank0
   422  07A7  0195               	clrf	21	;volatile
   423                           
   424                           ;SC8F096_Sleep_Demo.c: 85: KEYCON0 = 0;
   425  07A8  1703               	bsf	3,6	;RP1=1, select bank2
   426  07A9  0191               	clrf	17	;volatile
   427                           
   428                           ;SC8F096_Sleep_Demo.c: 86: KEYCON2 = 0;
   429  07AA  0193               	clrf	19	;volatile
   430                           
   431                           ;SC8F096_Sleep_Demo.c: 87: QCCON = 0;
   432  07AB  1303               	bcf	3,6	;RP1=0, select bank0
   433  07AC  018C               	clrf	12	;volatile
   434                           
   435                           ;SC8F096_Sleep_Demo.c: 88: CC0CON = 0;
   436  07AD  1683               	bsf	3,5	;RP0=1, select bank3
   437  07AE  1703               	bsf	3,6	;RP1=1, select bank3
   438  07AF  0195               	clrf	21	;volatile
   439                           
   440                           ;SC8F096_Sleep_Demo.c: 89: CC1CON = 0;
   441  07B0  0196               	clrf	22	;volatile
   442                           
   443                           ;SC8F096_Sleep_Demo.c: 90: OPACON = 0;
   444  07B1  018C               	clrf	12	;volsfr
   445                           
   446                           ;SC8F096_Sleep_Demo.c: 92: OSCCON = 0X70;
   447  07B2  3070               	movlw	112
   448  07B3  1283               	bcf	3,5	;RP0=0, select bank0
   449  07B4  1303               	bcf	3,6	;RP1=0, select bank0
   450  07B5  0094               	movwf	20	;volatile
   451                           
   452                           ;SC8F096_Sleep_Demo.c: 94: IOCA = 0B00000001;
   453  07B6  3001               	movlw	1
   454  07B7  1683               	bsf	3,5	;RP0=1, select bank1
   455  07B8  0089               	movwf	9	;volatile
   456                           
   457                           ;SC8F096_Sleep_Demo.c: 95: IOCB = 0B00001000;
   458  07B9  3008               	movlw	8
   459  07BA  1283               	bcf	3,5	;RP0=0, select bank0
   460  07BB  0089               	movwf	9	;volatile
   461                           
   462                           ;SC8F096_Sleep_Demo.c: 97: RAIE = 1;
   463  07BC  158E               	bsf	14,3	;volatile
   464                           
   465                           ;SC8F096_Sleep_Demo.c: 98: PEIE = 1;
   466  07BD  170B               	bsf	11,6	;volatile
   467                           
   468                           ;SC8F096_Sleep_Demo.c: 99: RBIE = 1;
   469  07BE  158B               	bsf	11,3	;volatile
   470                           
   471                           ;SC8F096_Sleep_Demo.c: 100: GIE = 0;
   472  07BF  138B               	bcf	11,7	;volatile
   473                           
   474                           ;SC8F096_Sleep_Demo.c: 102: PIE1 &= 0X08;
   475  07C0  058E               	andwf	14,f	;volatile
   476                           
   477                           ;SC8F096_Sleep_Demo.c: 103: PIR1 = 0;
   478  07C1  018D               	clrf	13	;volatile
   479                           
   480                           ;SC8F096_Sleep_Demo.c: 104: PIE2 = 0;
   481  07C2  1703               	bsf	3,6	;RP1=1, select bank2
   482  07C3  0190               	clrf	16	;volatile
   483                           
   484                           ;SC8F096_Sleep_Demo.c: 105: PIR2 = 0;
   485  07C4  018F               	clrf	15	;volatile
   486                           
   487                           ;SC8F096_Sleep_Demo.c: 106: INTCON &= 0XC8;
   488  07C5  30C8               	movlw	200
   489  07C6  058B               	andwf	11,f	;volatile
   490                           
   491                           ;SC8F096_Sleep_Demo.c: 108: PORTA;
   492  07C7  1683               	bsf	3,5	;RP0=1, select bank1
   493  07C8  1303               	bcf	3,6	;RP1=0, select bank1
   494  07C9  0806               	movf	6,w	;volatile
   495                           
   496                           ;SC8F096_Sleep_Demo.c: 109: RAIF = 0;
   497  07CA  1283               	bcf	3,5	;RP0=0, select bank0
   498  07CB  118D               	bcf	13,3	;volatile
   499                           
   500                           ;SC8F096_Sleep_Demo.c: 110: PORTB;
   501  07CC  0806               	movf	6,w	;volatile
   502                           
   503                           ;SC8F096_Sleep_Demo.c: 111: RBIF = 0;
   504  07CD  100B               	bcf	11,0	;volatile
   505  07CE  0064               	clrwdt	;# 
   506  07CF  0063               	sleep	;# 
   507  07D0  0000               	nop	;# 
   508  07D1  0064               	clrwdt	;# 
   509                           
   510                           ;SC8F096_Sleep_Demo.c: 118: if(RAIF) RAIF = 0;
   511  07D2  1283               	bcf	3,5	;RP0=0, select bank0
   512  07D3  1303               	bcf	3,6	;RP1=0, select bank0
   513  07D4  198D               	btfsc	13,3	;volatile
   514  07D5  118D               	bcf	13,3	;volatile
   515                           
   516                           ;SC8F096_Sleep_Demo.c: 119: if(RBIF) RBIF = 0;
   517  07D6  180B               	btfsc	11,0	;volatile
   518  07D7  100B               	bcf	11,0	;volatile
   519                           
   520                           ;SC8F096_Sleep_Demo.c: 120: PORTA ^= 0X08;
   521  07D8  3008               	movlw	8
   522  07D9  1683               	bsf	3,5	;RP0=1, select bank1
   523  07DA  0686               	xorwf	6,f	;volatile
   524                           
   525                           ;SC8F096_Sleep_Demo.c: 121: Init_System();
   526  07DB  2FDC               	ljmp	l479
   527  07DC                     __end_of_Sleep_Mode:	
   528  07DC                     __ptext2:	
   529 ;; *************** function _Init_System *****************
   530 ;; Defined at:
   531 ;;		line 131 in file "H:\MyDownloads\ËµĂ÷Ęé&˛âĘÔ±¨¸ć\żŞ·˘°ü\SC8F096ADżŞ·˘°ü\SC8F096_DEMO_C\SC8F096_Sleep_Demo\SC8F096_Sl
      +eep_Demo.c"
   532 ;; Parameters:    Size  Location     Type
   533 ;;		None
   534 ;; Auto vars:     Size  Location     Type
   535 ;;		None
   536 ;; Return value:  Size  Location     Type
   537 ;;                  1    wreg      void 
   538 ;; Registers used:
   539 ;;		wreg, status,2
   540 ;; Tracked objects:
   541 ;;		On entry : 200/0
   542 ;;		On exit  : 300/200
   543 ;;		Unchanged: 0/0
   544 ;; Data sizes:     COMMON   BANK0   BANK1   BANK3   BANK2
   545 ;;      Params:         0       0       0       0       0
   546 ;;      Locals:         0       0       0       0       0
   547 ;;      Temps:          0       0       0       0       0
   548 ;;      Totals:         0       0       0       0       0
   549 ;;Total ram usage:        0 bytes
   550 ;; Hardware stack levels used:    1
   551 ;; This function calls:
   552 ;;		Nothing
   553 ;; This function is called by:
   554 ;;		_main
   555 ;;		_Sleep_Mode
   556 ;; This function uses a non-reentrant model
   557 ;;
   558                           
   559                           
   560                           ;psect for function _Init_System
   561  07DC                     _Init_System:	
   562  07DC                     l479:	
   563                           ;incstack = 0
   564                           ; Regs used in _Init_System: [wreg+status,2]
   565                           
   566  07DC  0000               	nop	;# 
   567  07DD  0064               	clrwdt	;# 
   568                           
   569                           ;SC8F096_Sleep_Demo.c: 135: INTCON = 0;
   570  07DE  018B               	clrf	11	;volatile
   571                           
   572                           ;SC8F096_Sleep_Demo.c: 136: OSCCON = 0X72;
   573  07DF  3072               	movlw	114
   574  07E0  1283               	bcf	3,5	;RP0=0, select bank0
   575  07E1  1303               	bcf	3,6	;RP1=0, select bank0
   576  07E2  0094               	movwf	20	;volatile
   577                           
   578                           ;SC8F096_Sleep_Demo.c: 137: OPTION_REG = 0;
   579  07E3  0181               	clrf	1	;volatile
   580                           
   581                           ;SC8F096_Sleep_Demo.c: 139: WPUA = 0B00000001;
   582  07E4  3001               	movlw	1
   583  07E5  1683               	bsf	3,5	;RP0=1, select bank1
   584  07E6  0088               	movwf	8	;volatile
   585                           
   586                           ;SC8F096_Sleep_Demo.c: 140: WPUB = 0B00001000;
   587  07E7  3008               	movlw	8
   588  07E8  1283               	bcf	3,5	;RP0=0, select bank0
   589  07E9  0088               	movwf	8	;volatile
   590                           
   591                           ;SC8F096_Sleep_Demo.c: 141: WPUC = 0B00000000;
   592  07EA  1703               	bsf	3,6	;RP1=1, select bank2
   593  07EB  0188               	clrf	8	;volatile
   594                           
   595                           ;SC8F096_Sleep_Demo.c: 143: TRISA = 0B00000001;
   596  07EC  3001               	movlw	1
   597  07ED  1683               	bsf	3,5	;RP0=1, select bank1
   598  07EE  1303               	bcf	3,6	;RP1=0, select bank1
   599  07EF  0085               	movwf	5	;volatile
   600                           
   601                           ;SC8F096_Sleep_Demo.c: 144: TRISB = 0B00001000;
   602  07F0  3008               	movlw	8
   603  07F1  1283               	bcf	3,5	;RP0=0, select bank0
   604  07F2  0085               	movwf	5	;volatile
   605                           
   606                           ;SC8F096_Sleep_Demo.c: 145: TRISC = 0B00000000;
   607  07F3  1703               	bsf	3,6	;RP1=1, select bank2
   608  07F4  0185               	clrf	5	;volatile
   609                           
   610                           ;SC8F096_Sleep_Demo.c: 146: TRISD = 0B00000000;
   611  07F5  0194               	clrf	20	;volatile
   612                           
   613                           ;SC8F096_Sleep_Demo.c: 149: PORTB = 0B00000000;
   614  07F6  1303               	bcf	3,6	;RP1=0, select bank0
   615  07F7  0186               	clrf	6	;volatile
   616                           
   617                           ;SC8F096_Sleep_Demo.c: 150: PORTC = 0B00000000;
   618  07F8  1703               	bsf	3,6	;RP1=1, select bank2
   619  07F9  0186               	clrf	6	;volatile
   620                           
   621                           ;SC8F096_Sleep_Demo.c: 151: PORTD = 0B00000000;
   622  07FA  0187               	clrf	7	;volatile
   623  07FB  0008               	return
   624  07FC                     __end_of_Init_System:	
   625                           
   626                           	psect	text3
   627  075A                     __ptext3:	
   628 ;; *************** function _DelayXms *****************
   629 ;; Defined at:
   630 ;;		line 25 in file "H:\MyDownloads\ËµĂ÷Ęé&˛âĘÔ±¨¸ć\żŞ·˘°ü\SC8F096ADżŞ·˘°ü\SC8F096_DEMO_C\SC8F096_Sleep_Demo\SC8F096_Sle
      +ep_Demo.c"
   631 ;; Parameters:    Size  Location     Type
   632 ;;  x               1    wreg     unsigned char 
   633 ;; Auto vars:     Size  Location     Type
   634 ;;  x               1    0[COMMON] unsigned char 
   635 ;;  j               1    2[COMMON] unsigned char 
   636 ;;  i               1    1[COMMON] unsigned char 
   637 ;; Return value:  Size  Location     Type
   638 ;;                  1    wreg      void 
   639 ;; Registers used:
   640 ;;		wreg, status,2, status,0
   641 ;; Tracked objects:
   642 ;;		On entry : 300/0
   643 ;;		On exit  : 0/0
   644 ;;		Unchanged: 0/0
   645 ;; Data sizes:     COMMON   BANK0   BANK1   BANK3   BANK2
   646 ;;      Params:         0       0       0       0       0
   647 ;;      Locals:         3       0       0       0       0
   648 ;;      Temps:          0       0       0       0       0
   649 ;;      Totals:         3       0       0       0       0
   650 ;;Total ram usage:        3 bytes
   651 ;; Hardware stack levels used:    1
   652 ;; This function calls:
   653 ;;		Nothing
   654 ;; This function is called by:
   655 ;;		_main
   656 ;; This function uses a non-reentrant model
   657 ;;
   658                           
   659                           
   660                           ;psect for function _DelayXms
   661  075A                     _DelayXms:	
   662                           
   663                           ;incstack = 0
   664                           ; Regs used in _DelayXms: [wreg+status,2+status,0]
   665                           ;DelayXms@x stored from wreg
   666  075A  00F0               	movwf	DelayXms@x
   667                           
   668                           ;SC8F096_Sleep_Demo.c: 27: unsigned char i,j;
   669                           ;SC8F096_Sleep_Demo.c: 28: for(i=x;i>0;i--)
   670  075B  00F1               	movwf	DelayXms@i
   671  075C                     l505:	
   672  075C  0871               	movf	DelayXms@i,w
   673  075D  1903               	btfsc	3,2
   674  075E  0008               	return
   675  075F  0064               	clrwdt	;# 
   676                           
   677                           ;SC8F096_Sleep_Demo.c: 31: for(j=153;j>0;j--);
   678  0760  3099               	movlw	153
   679  0761  00F2               	movwf	DelayXms@j
   680  0762                     l515:	
   681  0762  0BF2               	decfsz	DelayXms@j,f
   682  0763  2F62               	goto	l515
   683  0764  03F1               	decf	DelayXms@i,f
   684  0765  2F5C               	goto	l505
   685  0766                     __end_of_DelayXms:	
   686  007E                     btemp	set	126	;btemp
   687  007E                     wtemp0	set	126


Data Sizes:
    Strings     0
    Constant    0
    Data        0
    BSS         0
    Persistent  0
    Stack       0

Auto Spaces:
    Space          Size  Autos    Used
    COMMON           14      3       3
    BANK0            80      0       0
    BANK1            80      0       0
    BANK3            80      0       0
    BANK2            80      0       0

Pointer List with Targets:

    None.

Critical Paths under _main in COMMON

    _main->_DelayXms

Critical Paths under _main in BANK0

    None.

Critical Paths under _main in BANK1

    None.

Critical Paths under _main in BANK3

    None.

Critical Paths under _main in BANK2

    None.

Call Graph Tables:

 ---------------------------------------------------------------------------------
 (Depth) Function   	        Calls       Base Space   Used Autos Params    Refs
 ---------------------------------------------------------------------------------
 (0) _main                                                 0     0      0      75
                           _DelayXms
                        _Init_System
                         _Sleep_Mode
 ---------------------------------------------------------------------------------
 (1) _Sleep_Mode                                           0     0      0       0
                        _Init_System
 ---------------------------------------------------------------------------------
 (2) _Init_System                                          0     0      0       0
 ---------------------------------------------------------------------------------
 (1) _DelayXms                                             3     3      0      75
                                              0 COMMON     3     3      0
 ---------------------------------------------------------------------------------
 Estimated maximum stack depth 2
 ---------------------------------------------------------------------------------

 Call Graph Graphs:

 _main (ROOT)
   _DelayXms
   _Init_System
   _Sleep_Mode
     _Init_System

 Address spaces:
Name               Size   Autos  Total    Cost      Usage
BITCOMMON            E      0       0       0        0.0%
NULL                 0      0       0       0        0.0%
CODE                 0      0       0       0        0.0%
COMMON               E      3       3       1       21.4%
BITSFR0              0      0       0       1        0.0%
SFR0                 0      0       0       1        0.0%
BITSFR1              0      0       0       2        0.0%
SFR1                 0      0       0       2        0.0%
STACK                0      0       0       2        0.0%
BITBANK0            50      0       0       3        0.0%
BANK0               50      0       0       4        0.0%
BITSFR3              0      0       0       4        0.0%
SFR3                 0      0       0       4        0.0%
BITBANK1            50      0       0       5        0.0%
BITSFR2              0      0       0       5        0.0%
SFR2                 0      0       0       5        0.0%
BANK1               50      0       0       6        0.0%
BITBANK3            50      0       0       7        0.0%
BANK3               50      0       0       8        0.0%
BITBANK2            50      0       0       9        0.0%
BANK2               50      0       0      10        0.0%
ABS                  0      0       0      11        0.0%
DATA                 0      0       0      12        0.0%


Microchip Technology PIC Macro Assembler V1.45 build -152302408 
Symbol Table                                                                                   Thu Sep 19 13:57:45 2024

                    l505 075C                      l515 0762                      l573 076B  
                    l479 07DC                      _GIE 005F                      _RB6 0036  
                   _IOCA 0089                     _IOCB 0009                     _PIE1 000E  
                   _PIE2 0110                     _RAIE 0073                     _PEIE 005E  
                   _RAIF 006B                     _RBIE 005B                     _RBIF 0058  
                   _PIR1 000D                     _PIR2 010F                     _WPUA 0088  
                   _WPUB 0008                     _WPUC 0108                     _main 0766  
                   btemp 007E                     start 0000            ??_Init_System 0070  
                  ?_main 0070                    _QCCON 000C                    _PORTA 0086  
                  _PORTB 0006                    _PORTC 0106                    _PORTD 0107  
                  _TRISA 0085                    _TRISB 0005                    _TRISC 0105  
                  _TRISD 0114                    status 0003                    wtemp0 007E  
       __end_of_DelayXms 0766          __initialization 07FC             __end_of_main 078B  
                 ??_main 0073      __end_of_Init_System 07FC                   _CC0CON 0195  
                 _CC1CON 0196                   _ADCON0 0095                   _ADCON1 0096  
                 _INTCON 000B                   _OPACON 018C                   _OSCCON 0014  
             _Sleep_Mode 078B  __end_of__initialization 07FC           __pcstackCOMMON 0070  
            _Init_System 07DC                ?_DelayXms 0070              ?_Sleep_Mode 0070  
             __pmaintext 0766                  _KEYCON0 0111                  _KEYCON2 0113  
             ??_DelayXms 0070                  _PWMCON0 0015                  __ptext1 078B  
                __ptext2 07DC                  __ptext3 075A      __size_of_Sleep_Mode 0051  
   end_of_initialization 07FC                DelayXms@i 0071                DelayXms@j 0072  
              DelayXms@x 0070             ?_Init_System 0070      start_initialization 07FC  
      __size_of_DelayXms 000C             ??_Sleep_Mode 0070                ___latbits 0002  
     __end_of_Sleep_Mode 07DC                 _CMP1CON0 000F                 _CMP2CON0 009A  
   __size_of_Init_System 0020                 _DelayXms 075A            __size_of_main 0025  
             _OPTION_REG 0001  
