

Microchip Technology PIC PRO Macro Assembler V1.45 build -152302408 
                                                                                               Fri Sep 20 08:50:50 2024

Microchip Technology Omniscient Code Generator v1.45 (PRO mode) build 201711160504
     1                           	processor	SC8F096AD
     2                           	opt	pw 120
     3                           	opt	pm
     4                           	psect	cinit,global,class=CODE,merge=1,delta=2
     5                           	psect	bssCOMMON,global,class=COMMON,space=1,delta=1
     6                           	psect	cstackCOMMON,global,class=COMMON,space=1,delta=1
     7                           	psect	maintext,global,class=CODE,split=1,delta=2
     8                           	psect	text1,local,class=CODE,merge=1,delta=2
     9                           	psect	text2,local,class=CODE,merge=1,delta=2
    10                           	psect	text3,local,class=CODE,merge=1,delta=2
    11                           	psect	text4,local,class=CODE,merge=1,delta=2
    12                           	psect	pa_nodes0,global,class=CODE,delta=2
    13                           	dabs	1,0x7E,2
    14  0000                     
    15                           ; Version 1.45
    16                           ; Generated 16/11/2017 GMT
    17                           ; 
    18                           ; Copyright Â© 2017, Microchip Technology Inc. and its subsidiaries ("Microchip")
    19                           ; All rights reserved.
    20                           ; 
    21                           ; This software is developed by Microchip Technology Inc. and its subsidiaries ("Microch
      +                          ip").
    22                           ; 
    23                           ; Redistribution and use in source and binary forms, with or without modification, are
    24                           ; permitted provided that the following conditions are met:
    25                           ; 
    26                           ;     1. Redistributions of source code must retain the above copyright notice, this lis
      +                          t of
    27                           ;        conditions and the following disclaimer.
    28                           ; 
    29                           ;     2. Redistributions in binary form must reproduce the above copyright notice, this 
      +                          list
    30                           ;        of conditions and the following disclaimer in the documentation and/or other
    31                           ;        materials provided with the distribution.
    32                           ; 
    33                           ;     3. Microchip's name may not be used to endorse or promote products derived from th
      +                          is
    34                           ;        software without specific prior written permission.
    35                           ; 
    36                           ; THIS SOFTWARE IS PROVIDED BY MICROCHIP "AS IS" AND ANY EXPRESS OR IMPLIED WARRANTIES,
    37                           ; INCLUDING, BUT NOT LIMITED TO, THE IMPLIED WARRANTIES OF MERCHANTABILITY AND FITNESS F
      +                          OR
    38                           ; PURPOSE ARE DISCLAIMED.  IN NO EVENT SHALL MICROCHIP BE LIABLE FOR ANY DIRECT, INDIREC
      +                          T,
    39                           ; INCIDENTAL, SPECIAL, EXEMPLARY, OR CONSEQUENTIAL DAMAGES (INCLUDING BUT NOT LIMITED TO
    40                           ; PROCUREMENT OF SUBSTITUTE GOODS OR SERVICES; LOSS OF USE, DATA OR PROFITS; OR BUSINESS
    41                           ; INTERRUPTION) HOWSOEVER CAUSED AND ON ANY THEORY OF LIABILITY, WHETHER IN CONTRACT, ST
      +                          RICT
    42                           ; LIABILITY, OR TORT (INCLUDING NEGLIGENCE OR OTHERWISE) ARISING IN ANY WAY OUT OF THE U
      +                          SE OF
    43                           ; THIS SOFTWARE, EVEN IF ADVISED OF THE POSSIBILITY OF SUCH DAMAGE.
    44                           ; 
    45                           ; 
    46                           ; Code-generator required, PIC16F887 Definitions
    47                           ; 
    48                           ; SFR Addresses
    49  0000                     	;# 
    50  0001                     	;# 
    51  0002                     	;# 
    52  0003                     	;# 
    53  0004                     	;# 
    54  0005                     	;# 
    55  0006                     	;# 
    56  0007                     	;# 
    57  0008                     	;# 
    58  0009                     	;# 
    59  000A                     	;# 
    60  000B                     	;# 
    61  000C                     	;# 
    62  000D                     	;# 
    63  000E                     	;# 
    64  000F                     	;# 
    65  0010                     	;# 
    66  0011                     	;# 
    67  0012                     	;# 
    68  0013                     	;# 
    69  0014                     	;# 
    70  0015                     	;# 
    71  0016                     	;# 
    72  0017                     	;# 
    73  0018                     	;# 
    74  0019                     	;# 
    75  001A                     	;# 
    76  001B                     	;# 
    77  001C                     	;# 
    78  001D                     	;# 
    79  001E                     	;# 
    80  001F                     	;# 
    81  0081                     	;# 
    82  0085                     	;# 
    83  0086                     	;# 
    84  0087                     	;# 
    85  0088                     	;# 
    86  0089                     	;# 
    87  008C                     	;# 
    88  008D                     	;# 
    89  008E                     	;# 
    90  008F                     	;# 
    91  0090                     	;# 
    92  0091                     	;# 
    93  0092                     	;# 
    94  0093                     	;# 
    95  0094                     	;# 
    96  0095                     	;# 
    97  0096                     	;# 
    98  0098                     	;# 
    99  0099                     	;# 
   100  009A                     	;# 
   101  009B                     	;# 
   102  009C                     	;# 
   103  009D                     	;# 
   104  009E                     	;# 
   105  009F                     	;# 
   106  0105                     	;# 
   107  0106                     	;# 
   108  0107                     	;# 
   109  0108                     	;# 
   110  0109                     	;# 
   111  010C                     	;# 
   112  010D                     	;# 
   113  010E                     	;# 
   114  010F                     	;# 
   115  0110                     	;# 
   116  0111                     	;# 
   117  0112                     	;# 
   118  0113                     	;# 
   119  0114                     	;# 
   120  0115                     	;# 
   121  0116                     	;# 
   122  0117                     	;# 
   123  0118                     	;# 
   124  0119                     	;# 
   125  011A                     	;# 
   126  011B                     	;# 
   127  011C                     	;# 
   128  011D                     	;# 
   129  011E                     	;# 
   130  011F                     	;# 
   131  0181                     	;# 
   132  0185                     	;# 
   133  0186                     	;# 
   134  0187                     	;# 
   135  0188                     	;# 
   136  0189                     	;# 
   137  018C                     	;# 
   138  018D                     	;# 
   139  018E                     	;# 
   140  018F                     	;# 
   141  0190                     	;# 
   142  0191                     	;# 
   143  0192                     	;# 
   144  0193                     	;# 
   145  0194                     	;# 
   146  0195                     	;# 
   147  0196                     	;# 
   148  0197                     	;# 
   149  0198                     	;# 
   150  0199                     	;# 
   151  019A                     	;# 
   152  019B                     	;# 
   153  019C                     	;# 
   154  019D                     	;# 
   155  019E                     	;# 
   156  019F                     	;# 
   157  0006                     _PORTB	set	6
   158  0005                     _TRISB	set	5
   159  0008                     _WPUB	set	8
   160  0001                     _OPTION_REG	set	1
   161  0014                     _OSCCON	set	20
   162  000B                     _INTCON	set	11
   163  0035                     _RB5	set	53
   164  0086                     _PORTA	set	134
   165  0088                     _WPUA	set	136
   166  0085                     _TRISA	set	133
   167  087C                     _IICIF	set	2172
   168  0194                     _IICADD	set	404
   169  0190                     _IICCON	set	400
   170  0193                     _IICBUF	set	403
   171  0C8C                     _ACKEN	set	3212
   172  0C8D                     _ACKDT	set	3213
   173  0C8B                     _RCEN	set	3211
   174  0C89                     _RSEN	set	3209
   175  0C8A                     _PEN	set	3210
   176  0C88                     _SEN	set	3208
   177                           
   178                           	psect	cinit
   179  07F5                     start_initialization:	
   180                           ; #config settings
   181                           
   182  07F5                     __initialization:	
   183                           
   184                           ; Clear objects allocated to COMMON
   185  07F5  01F0               	clrf	__pbssCOMMON& (0+127)
   186  07F6  01F1               	clrf	(__pbssCOMMON+1)& (0+127)
   187  07F7  01F2               	clrf	(__pbssCOMMON+2)& (0+127)
   188  07F8  01F3               	clrf	(__pbssCOMMON+3)& (0+127)
   189  07F9  01F4               	clrf	(__pbssCOMMON+4)& (0+127)
   190  07FA  01F5               	clrf	(__pbssCOMMON+5)& (0+127)
   191  07FB  01F6               	clrf	(__pbssCOMMON+6)& (0+127)
   192  07FC                     end_of_initialization:	
   193                           ;End of C runtime variable initialization code
   194                           
   195  07FC                     __end_of__initialization:	
   196  07FC  0183               	clrf	3
   197  07FD  120A  118A  2F85   	ljmp	_main	;jump to C main() function
   198                           
   199                           	psect	bssCOMMON
   200  0070                     __pbssCOMMON:	
   201  0070                     _result2:	
   202  0070                     	ds	2
   203  0072                     _result1:	
   204  0072                     	ds	2
   205  0074                     _result:	
   206  0074                     	ds	2
   207  0076                     _IICReadData:	
   208  0076                     	ds	1
   209                           
   210                           	psect	cstackCOMMON
   211  0077                     __pcstackCOMMON:	
   212  0077                     ?_Init_System:	
   213  0077                     ??_Init_System:	
   214                           ; 1 bytes @ 0x0
   215                           
   216  0077                     ?_DelayXms:	
   217                           ; 1 bytes @ 0x0
   218                           
   219  0077                     ??_DelayXms:	
   220                           ; 1 bytes @ 0x0
   221                           
   222  0077                     ?_Write_IIC:	
   223                           ; 1 bytes @ 0x0
   224                           
   225  0077                     ?_Read_IIC:	
   226                           ; 1 bytes @ 0x0
   227                           
   228  0077                     ?_main:	
   229                           ; 1 bytes @ 0x0
   230                           
   231  0077                     DelayXms@x:	
   232                           ; 1 bytes @ 0x0
   233                           
   234  0077                     Write_IIC@data:	
   235                           ; 1 bytes @ 0x0
   236                           
   237  0077                     Read_IIC@data:	
   238                           ; 1 bytes @ 0x0
   239                           
   240                           
   241                           ; 1 bytes @ 0x0
   242  0077                     	ds	1
   243  0078                     ??_Write_IIC:	
   244  0078                     ??_Read_IIC:	
   245                           ; 1 bytes @ 0x1
   246                           
   247  0078                     DelayXms@i:	
   248                           ; 1 bytes @ 0x1
   249                           
   250  0078                     Write_IIC@Adress:	
   251                           ; 1 bytes @ 0x1
   252                           
   253  0078                     Read_IIC@ReadData:	
   254                           ; 1 bytes @ 0x1
   255                           
   256                           
   257                           ; 1 bytes @ 0x1
   258  0078                     	ds	1
   259  0079                     DelayXms@j:	
   260  0079                     Read_IIC@Adress:	
   261                           ; 1 bytes @ 0x2
   262                           
   263                           
   264                           ; 1 bytes @ 0x2
   265  0079                     	ds	1
   266  007A                     ??_main:	
   267                           
   268                           	psect	maintext
   269  0785                     __pmaintext:	
   270                           ; 1 bytes @ 0x3
   271 ;;
   272 ;;Main: autosize = 0, tempsize = 0, incstack = 0, save=0
   273 ;;
   274 ;; *************** function _main *****************
   275 ;; Defined at:
   276 ;;		line 152 in file "H:\MyDownloads\ËµĂ÷Ęé&˛âĘÔ±¨¸ć\żŞ·˘°ü\SC8F096ADżŞ·˘°ü\SC8F096_DEMO_C\SC8F096_IIC_Master_Demo\SC8F0
      +96_IIC_Master_c.c"
   277 ;; Parameters:    Size  Location     Type
   278 ;;		None
   279 ;; Auto vars:     Size  Location     Type
   280 ;;		None
   281 ;; Return value:  Size  Location     Type
   282 ;;                  1    wreg      void 
   283 ;; Registers used:
   284 ;;		wreg, status,2, status,0, pclath, cstack
   285 ;; Tracked objects:
   286 ;;		On entry : B00/0
   287 ;;		On exit  : 300/0
   288 ;;		Unchanged: 0/0
   289 ;; Data sizes:     COMMON   BANK0   BANK1   BANK3   BANK2
   290 ;;      Params:         0       0       0       0       0
   291 ;;      Locals:         0       0       0       0       0
   292 ;;      Temps:          0       0       0       0       0
   293 ;;      Totals:         0       0       0       0       0
   294 ;;Total ram usage:        0 bytes
   295 ;; Hardware stack levels required when called:    1
   296 ;; This function calls:
   297 ;;		_DelayXms
   298 ;;		_Init_System
   299 ;;		_Read_IIC
   300 ;;		_Write_IIC
   301 ;; This function is called by:
   302 ;;		Startup code after reset
   303 ;; This function uses a non-reentrant model
   304 ;;
   305                           
   306                           
   307                           ;psect for function _main
   308  0785                     _main:	
   309                           
   310                           ;SC8F096_IIC_Master_c.c: 154: Init_System();
   311                           
   312                           ;incstack = 0
   313                           ; Regs used in _main: [wreg+status,2+status,0+pclath+cstack]
   314  0785  120A  118A  274F  120A  118A  	fcall	_Init_System
   315                           
   316                           ;SC8F096_IIC_Master_c.c: 155: TRISA |= 0B00000011;
   317  078A  3003               	movlw	3
   318  078B  1683               	bsf	3,5	;RP0=1, select bank1
   319  078C  0485               	iorwf	5,f	;volatile
   320                           
   321                           ;SC8F096_IIC_Master_c.c: 188: IICCON = 0B00100000;
   322  078D  3020               	movlw	32
   323  078E  1703               	bsf	3,6	;RP1=1, select bank3
   324  078F  0090               	movwf	16	;volatile
   325                           
   326                           ;SC8F096_IIC_Master_c.c: 189: IICADD = 36;
   327  0790  3024               	movlw	36
   328  0791  0094               	movwf	20	;volatile
   329  0792                     l616:	
   330                           
   331                           ;SC8F096_IIC_Master_c.c: 192: {
   332                           ;SC8F096_IIC_Master_c.c: 193: DelayXms(200);
   333  0792  30C8               	movlw	200
   334  0793  120A  118A  2744  120A  118A  	fcall	_DelayXms
   335                           
   336                           ;SC8F096_IIC_Master_c.c: 194: Write_IIC(0xa0,0x80);
   337  0798  3080               	movlw	128
   338  0799  00F7               	movwf	Write_IIC@data
   339  079A  30A0               	movlw	160
   340  079B  120A  118A  2768  120A  118A  	fcall	_Write_IIC
   341                           
   342                           ;SC8F096_IIC_Master_c.c: 196: IICReadData = Read_IIC(0xa0,0x80);
   343  07A0  3080               	movlw	128
   344  07A1  00F7               	movwf	Read_IIC@data
   345  07A2  30A0               	movlw	160
   346  07A3  120A  118A  27AD  120A  118A  	fcall	_Read_IIC
   347  07A8  00F6               	movwf	_IICReadData	;volatile
   348                           
   349                           ;SC8F096_IIC_Master_c.c: 197: RB5 = ~RB5;
   350  07A9  3020               	movlw	32
   351  07AA  1303               	bcf	3,6	;RP1=0, select bank0
   352  07AB  0686               	xorwf	6,f
   353  07AC  2F92               	goto	l616
   354  07AD                     __end_of_main:	
   355                           
   356                           	psect	text1
   357  0768                     __ptext1:	
   358 ;; *************** function _Write_IIC *****************
   359 ;; Defined at:
   360 ;;		line 42 in file "H:\MyDownloads\ËµĂ÷Ęé&˛âĘÔ±¨¸ć\żŞ·˘°ü\SC8F096ADżŞ·˘°ü\SC8F096_DEMO_C\SC8F096_IIC_Master_Demo\SC8F09
      +6_IIC_Master_c.c"
   361 ;; Parameters:    Size  Location     Type
   362 ;;  Adress          1    wreg     unsigned char 
   363 ;;  data            1    0[COMMON] unsigned char 
   364 ;; Auto vars:     Size  Location     Type
   365 ;;  Adress          1    1[COMMON] unsigned char 
   366 ;; Return value:  Size  Location     Type
   367 ;;                  1    wreg      void 
   368 ;; Registers used:
   369 ;;		wreg
   370 ;; Tracked objects:
   371 ;;		On entry : 0/300
   372 ;;		On exit  : 300/200
   373 ;;		Unchanged: 0/0
   374 ;; Data sizes:     COMMON   BANK0   BANK1   BANK3   BANK2
   375 ;;      Params:         1       0       0       0       0
   376 ;;      Locals:         1       0       0       0       0
   377 ;;      Temps:          0       0       0       0       0
   378 ;;      Totals:         2       0       0       0       0
   379 ;;Total ram usage:        2 bytes
   380 ;; Hardware stack levels used:    1
   381 ;; This function calls:
   382 ;;		Nothing
   383 ;; This function is called by:
   384 ;;		_main
   385 ;; This function uses a non-reentrant model
   386 ;;
   387                           
   388                           
   389                           ;psect for function _Write_IIC
   390  0768                     _Write_IIC:	
   391                           
   392                           ;incstack = 0
   393                           ; Regs used in _Write_IIC: [wreg]
   394                           ;Write_IIC@Adress stored from wreg
   395  0768  00F8               	movwf	Write_IIC@Adress
   396                           
   397                           ;SC8F096_IIC_Master_c.c: 77: SEN =1;
   398  0769  1683               	bsf	3,5	;RP0=1, select bank3
   399  076A  1703               	bsf	3,6	;RP1=1, select bank3
   400  076B  1411               	bsf	17,0	;volatile
   401  076C                     l58:	
   402                           ;SC8F096_IIC_Master_c.c: 78: while(IICIF==0);
   403                           
   404  076C  1283               	bcf	3,5	;RP0=0, select bank2
   405  076D  1E0F               	btfss	15,4	;volatile
   406  076E  2F6C               	goto	l58
   407                           
   408                           ;SC8F096_IIC_Master_c.c: 79: IICIF = 0;
   409  076F  120F               	bcf	15,4	;volatile
   410                           
   411                           ;SC8F096_IIC_Master_c.c: 80: IICBUF = Adress;
   412  0770  0878               	movf	Write_IIC@Adress,w
   413  0771  1683               	bsf	3,5	;RP0=1, select bank3
   414  0772  0093               	movwf	19	;volatile
   415  0773                     l61:	
   416                           ;SC8F096_IIC_Master_c.c: 81: while(IICIF==0);
   417                           
   418  0773  1283               	bcf	3,5	;RP0=0, select bank2
   419  0774  1E0F               	btfss	15,4	;volatile
   420  0775  2F73               	goto	l61
   421                           
   422                           ;SC8F096_IIC_Master_c.c: 82: IICIF = 0;
   423  0776  120F               	bcf	15,4	;volatile
   424                           
   425                           ;SC8F096_IIC_Master_c.c: 83: IICBUF = data;
   426  0777  0877               	movf	Write_IIC@data,w
   427  0778  1683               	bsf	3,5	;RP0=1, select bank3
   428  0779  0093               	movwf	19	;volatile
   429  077A                     l64:	
   430                           ;SC8F096_IIC_Master_c.c: 84: while(IICIF==0);
   431                           
   432  077A  1283               	bcf	3,5	;RP0=0, select bank2
   433  077B  1E0F               	btfss	15,4	;volatile
   434  077C  2F7A               	goto	l64
   435                           
   436                           ;SC8F096_IIC_Master_c.c: 85: IICIF = 0;
   437  077D  120F               	bcf	15,4	;volatile
   438                           
   439                           ;SC8F096_IIC_Master_c.c: 86: PEN =1;
   440  077E  1683               	bsf	3,5	;RP0=1, select bank3
   441  077F  1511               	bsf	17,2	;volatile
   442  0780                     l67:	
   443                           ;SC8F096_IIC_Master_c.c: 87: while(IICIF==0);
   444                           
   445  0780  1283               	bcf	3,5	;RP0=0, select bank2
   446  0781  1E0F               	btfss	15,4	;volatile
   447  0782  2F80               	goto	l67
   448                           
   449                           ;SC8F096_IIC_Master_c.c: 88: IICIF = 0;
   450  0783  120F               	bcf	15,4	;volatile
   451  0784  0008               	return
   452  0785                     __end_of_Write_IIC:	
   453                           
   454                           	psect	text2
   455  07AD                     __ptext2:	
   456 ;; *************** function _Read_IIC *****************
   457 ;; Defined at:
   458 ;;		line 98 in file "H:\MyDownloads\ËµĂ÷Ęé&˛âĘÔ±¨¸ć\żŞ·˘°ü\SC8F096ADżŞ·˘°ü\SC8F096_DEMO_C\SC8F096_IIC_Master_Demo\SC8F09
      +6_IIC_Master_c.c"
   459 ;; Parameters:    Size  Location     Type
   460 ;;  Adress          1    wreg     unsigned char 
   461 ;;  data            1    0[COMMON] unsigned char 
   462 ;; Auto vars:     Size  Location     Type
   463 ;;  Adress          1    2[COMMON] unsigned char 
   464 ;;  ReadData        1    1[COMMON] unsigned char 
   465 ;; Return value:  Size  Location     Type
   466 ;;                  1    wreg      unsigned char 
   467 ;; Registers used:
   468 ;;		wreg, status,2, status,0
   469 ;; Tracked objects:
   470 ;;		On entry : 300/200
   471 ;;		On exit  : 300/200
   472 ;;		Unchanged: 0/0
   473 ;; Data sizes:     COMMON   BANK0   BANK1   BANK3   BANK2
   474 ;;      Params:         1       0       0       0       0
   475 ;;      Locals:         2       0       0       0       0
   476 ;;      Temps:          0       0       0       0       0
   477 ;;      Totals:         3       0       0       0       0
   478 ;;Total ram usage:        3 bytes
   479 ;; Hardware stack levels used:    1
   480 ;; This function calls:
   481 ;;		Nothing
   482 ;; This function is called by:
   483 ;;		_main
   484 ;; This function uses a non-reentrant model
   485 ;;
   486                           
   487                           
   488                           ;psect for function _Read_IIC
   489  07AD                     _Read_IIC:	
   490                           
   491                           ;incstack = 0
   492                           ; Regs used in _Read_IIC: [wreg+status,2+status,0]
   493                           ;Read_IIC@Adress stored from wreg
   494  07AD  00F9               	movwf	Read_IIC@Adress
   495                           
   496                           ;SC8F096_IIC_Master_c.c: 100: unsigned char ReadData;
   497                           ;SC8F096_IIC_Master_c.c: 102: SEN =1;
   498  07AE  1683               	bsf	3,5	;RP0=1, select bank3
   499  07AF  1411               	bsf	17,0	;volatile
   500  07B0                     l73:	
   501                           ;SC8F096_IIC_Master_c.c: 103: while(IICIF==0);
   502                           
   503  07B0  1283               	bcf	3,5	;RP0=0, select bank2
   504  07B1  1E0F               	btfss	15,4	;volatile
   505  07B2  2FB0               	goto	l73
   506                           
   507                           ;SC8F096_IIC_Master_c.c: 104: IICIF = 0;
   508  07B3  120F               	bcf	15,4	;volatile
   509                           
   510                           ;SC8F096_IIC_Master_c.c: 105: IICBUF = Adress;
   511  07B4  0879               	movf	Read_IIC@Adress,w
   512  07B5  1683               	bsf	3,5	;RP0=1, select bank3
   513  07B6  0093               	movwf	19	;volatile
   514  07B7                     l76:	
   515                           ;SC8F096_IIC_Master_c.c: 106: while(IICIF==0);
   516                           
   517  07B7  1283               	bcf	3,5	;RP0=0, select bank2
   518  07B8  1E0F               	btfss	15,4	;volatile
   519  07B9  2FB7               	goto	l76
   520                           
   521                           ;SC8F096_IIC_Master_c.c: 108: IICIF = 0;
   522  07BA  120F               	bcf	15,4	;volatile
   523                           
   524                           ;SC8F096_IIC_Master_c.c: 109: IICBUF = data;
   525  07BB  0877               	movf	Read_IIC@data,w
   526  07BC  1683               	bsf	3,5	;RP0=1, select bank3
   527  07BD  0093               	movwf	19	;volatile
   528  07BE                     l79:	
   529                           ;SC8F096_IIC_Master_c.c: 110: while(IICIF==0);
   530                           
   531  07BE  1283               	bcf	3,5	;RP0=0, select bank2
   532  07BF  1E0F               	btfss	15,4	;volatile
   533  07C0  2FBE               	goto	l79
   534                           
   535                           ;SC8F096_IIC_Master_c.c: 111: IICIF = 0;
   536  07C1  120F               	bcf	15,4	;volatile
   537                           
   538                           ;SC8F096_IIC_Master_c.c: 113: RSEN =1;
   539  07C2  1683               	bsf	3,5	;RP0=1, select bank3
   540  07C3  1491               	bsf	17,1	;volatile
   541  07C4                     l82:	
   542                           ;SC8F096_IIC_Master_c.c: 114: while(IICIF==0);
   543                           
   544  07C4  1283               	bcf	3,5	;RP0=0, select bank2
   545  07C5  1E0F               	btfss	15,4	;volatile
   546  07C6  2FC4               	goto	l82
   547                           
   548                           ;SC8F096_IIC_Master_c.c: 116: IICIF = 0;
   549  07C7  120F               	bcf	15,4	;volatile
   550                           
   551                           ;SC8F096_IIC_Master_c.c: 118: IICBUF = Adress+1;
   552  07C8  0879               	movf	Read_IIC@Adress,w
   553  07C9  3E01               	addlw	1
   554  07CA  1683               	bsf	3,5	;RP0=1, select bank3
   555  07CB  0093               	movwf	19	;volatile
   556  07CC                     l85:	
   557                           ;SC8F096_IIC_Master_c.c: 119: while(IICIF==0);
   558                           
   559  07CC  1283               	bcf	3,5	;RP0=0, select bank2
   560  07CD  1E0F               	btfss	15,4	;volatile
   561  07CE  2FCC               	goto	l85
   562                           
   563                           ;SC8F096_IIC_Master_c.c: 120: IICIF = 0;
   564  07CF  120F               	bcf	15,4	;volatile
   565                           
   566                           ;SC8F096_IIC_Master_c.c: 121: RCEN = 1;
   567  07D0  1683               	bsf	3,5	;RP0=1, select bank3
   568  07D1  1591               	bsf	17,3	;volatile
   569  07D2                     l88:	
   570                           ;SC8F096_IIC_Master_c.c: 122: while(IICIF==0);
   571                           
   572  07D2  1283               	bcf	3,5	;RP0=0, select bank2
   573  07D3  1E0F               	btfss	15,4	;volatile
   574  07D4  2FD2               	goto	l88
   575                           
   576                           ;SC8F096_IIC_Master_c.c: 123: IICIF = 0;
   577  07D5  120F               	bcf	15,4	;volatile
   578  07D6  1683               	bsf	3,5	;RP0=1, select bank3
   579  07D7  0813               	movf	19,w	;volatile
   580                           
   581                           ;SC8F096_IIC_Master_c.c: 126: ACKDT = 0;
   582  07D8  1291               	bcf	17,5	;volatile
   583                           
   584                           ;SC8F096_IIC_Master_c.c: 127: ACKEN = 1;
   585  07D9  1611               	bsf	17,4	;volatile
   586  07DA                     l91:	
   587                           ;SC8F096_IIC_Master_c.c: 129: while(IICIF==0);
   588                           
   589  07DA  1283               	bcf	3,5	;RP0=0, select bank2
   590  07DB  1E0F               	btfss	15,4	;volatile
   591  07DC  2FDA               	goto	l91
   592                           
   593                           ;SC8F096_IIC_Master_c.c: 130: IICIF = 0;
   594  07DD  120F               	bcf	15,4	;volatile
   595                           
   596                           ;SC8F096_IIC_Master_c.c: 132: RCEN = 1;
   597  07DE  1683               	bsf	3,5	;RP0=1, select bank3
   598  07DF  1591               	bsf	17,3	;volatile
   599  07E0                     l94:	
   600                           ;SC8F096_IIC_Master_c.c: 133: while(IICIF==0);
   601                           
   602  07E0  1283               	bcf	3,5	;RP0=0, select bank2
   603  07E1  1E0F               	btfss	15,4	;volatile
   604  07E2  2FE0               	goto	l94
   605                           
   606                           ;SC8F096_IIC_Master_c.c: 134: IICIF = 0;
   607  07E3  120F               	bcf	15,4	;volatile
   608                           
   609                           ;SC8F096_IIC_Master_c.c: 135: ReadData = IICBUF;
   610  07E4  1683               	bsf	3,5	;RP0=1, select bank3
   611  07E5  0813               	movf	19,w	;volatile
   612  07E6  00F8               	movwf	Read_IIC@ReadData
   613                           
   614                           ;SC8F096_IIC_Master_c.c: 137: ACKDT = 1;
   615  07E7  1691               	bsf	17,5	;volatile
   616                           
   617                           ;SC8F096_IIC_Master_c.c: 138: ACKEN = 1;
   618  07E8  1611               	bsf	17,4	;volatile
   619  07E9                     l97:	
   620                           ;SC8F096_IIC_Master_c.c: 140: while(IICIF==0);
   621                           
   622  07E9  1283               	bcf	3,5	;RP0=0, select bank2
   623  07EA  1E0F               	btfss	15,4	;volatile
   624  07EB  2FE9               	goto	l97
   625                           
   626                           ;SC8F096_IIC_Master_c.c: 141: IICIF = 0;
   627  07EC  120F               	bcf	15,4	;volatile
   628                           
   629                           ;SC8F096_IIC_Master_c.c: 143: PEN = 1;
   630  07ED  1683               	bsf	3,5	;RP0=1, select bank3
   631  07EE  1511               	bsf	17,2	;volatile
   632  07EF                     l100:	
   633                           ;SC8F096_IIC_Master_c.c: 144: while(IICIF==0);
   634                           
   635  07EF  1283               	bcf	3,5	;RP0=0, select bank2
   636  07F0  1E0F               	btfss	15,4	;volatile
   637  07F1  2FEF               	goto	l100
   638                           
   639                           ;SC8F096_IIC_Master_c.c: 145: IICIF = 0;
   640  07F2  120F               	bcf	15,4	;volatile
   641                           
   642                           ;SC8F096_IIC_Master_c.c: 147: return ReadData;
   643  07F3  0878               	movf	Read_IIC@ReadData,w
   644  07F4  0008               	return
   645  07F5                     __end_of_Read_IIC:	
   646                           
   647                           	psect	text3
   648  074F                     __ptext3:	
   649 ;; *************** function _Init_System *****************
   650 ;; Defined at:
   651 ;;		line 210 in file "H:\MyDownloads\ËµĂ÷Ęé&˛âĘÔ±¨¸ć\żŞ·˘°ü\SC8F096ADżŞ·˘°ü\SC8F096_DEMO_C\SC8F096_IIC_Master_Demo\SC8F0
      +96_IIC_Master_c.c"
   652 ;; Parameters:    Size  Location     Type
   653 ;;		None
   654 ;; Auto vars:     Size  Location     Type
   655 ;;		None
   656 ;; Return value:  Size  Location     Type
   657 ;;                  1    wreg      void 
   658 ;; Registers used:
   659 ;;		wreg, status,2
   660 ;; Tracked objects:
   661 ;;		On entry : B00/0
   662 ;;		On exit  : 300/0
   663 ;;		Unchanged: 0/0
   664 ;; Data sizes:     COMMON   BANK0   BANK1   BANK3   BANK2
   665 ;;      Params:         0       0       0       0       0
   666 ;;      Locals:         0       0       0       0       0
   667 ;;      Temps:          0       0       0       0       0
   668 ;;      Totals:         0       0       0       0       0
   669 ;;Total ram usage:        0 bytes
   670 ;; Hardware stack levels used:    1
   671 ;; This function calls:
   672 ;;		Nothing
   673 ;; This function is called by:
   674 ;;		_main
   675 ;; This function uses a non-reentrant model
   676 ;;
   677                           
   678                           
   679                           ;psect for function _Init_System
   680  074F                     _Init_System:	
   681                           
   682                           ;incstack = 0
   683                           ; Regs used in _Init_System: [wreg+status,2]
   684  074F  0000               	nop	;# 
   685  0750  0064               	clrwdt	;# 
   686                           
   687                           ;SC8F096_IIC_Master_c.c: 214: INTCON = 0;
   688  0751  018B               	clrf	11	;volatile
   689                           
   690                           ;SC8F096_IIC_Master_c.c: 215: OSCCON = 0X70;
   691  0752  3070               	movlw	112
   692  0753  1283               	bcf	3,5	;RP0=0, select bank0
   693  0754  1303               	bcf	3,6	;RP1=0, select bank0
   694  0755  0094               	movwf	20	;volatile
   695                           
   696                           ;SC8F096_IIC_Master_c.c: 216: OPTION_REG = 0;
   697  0756  0181               	clrf	1	;volatile
   698                           
   699                           ;SC8F096_IIC_Master_c.c: 218: WPUA = 0B00000000;
   700  0757  1683               	bsf	3,5	;RP0=1, select bank1
   701  0758  0188               	clrf	8	;volatile
   702                           
   703                           ;SC8F096_IIC_Master_c.c: 219: WPUB = 0B00001000;
   704  0759  3008               	movlw	8
   705  075A  1283               	bcf	3,5	;RP0=0, select bank0
   706  075B  0088               	movwf	8	;volatile
   707                           
   708                           ;SC8F096_IIC_Master_c.c: 222: TRISA = 0B00000011;
   709  075C  3003               	movlw	3
   710  075D  1683               	bsf	3,5	;RP0=1, select bank1
   711  075E  0085               	movwf	5	;volatile
   712                           
   713                           ;SC8F096_IIC_Master_c.c: 223: TRISB = 0B00001000;
   714  075F  3008               	movlw	8
   715  0760  1283               	bcf	3,5	;RP0=0, select bank0
   716  0761  0085               	movwf	5	;volatile
   717                           
   718                           ;SC8F096_IIC_Master_c.c: 225: PORTA = 0B00000011;
   719  0762  3003               	movlw	3
   720  0763  1683               	bsf	3,5	;RP0=1, select bank1
   721  0764  0086               	movwf	6	;volatile
   722                           
   723                           ;SC8F096_IIC_Master_c.c: 226: PORTB = 0B00000000;
   724  0765  1283               	bcf	3,5	;RP0=0, select bank0
   725  0766  0186               	clrf	6	;volatile
   726  0767  0008               	return
   727  0768                     __end_of_Init_System:	
   728                           
   729                           	psect	text4
   730  0744                     __ptext4:	
   731 ;; *************** function _DelayXms *****************
   732 ;; Defined at:
   733 ;;		line 22 in file "H:\MyDownloads\ËµĂ÷Ęé&˛âĘÔ±¨¸ć\żŞ·˘°ü\SC8F096ADżŞ·˘°ü\SC8F096_DEMO_C\SC8F096_IIC_Master_Demo\SC8F09
      +6_IIC_Master_c.c"
   734 ;; Parameters:    Size  Location     Type
   735 ;;  x               1    wreg     unsigned char 
   736 ;; Auto vars:     Size  Location     Type
   737 ;;  x               1    0[COMMON] unsigned char 
   738 ;;  j               1    2[COMMON] unsigned char 
   739 ;;  i               1    1[COMMON] unsigned char 
   740 ;; Return value:  Size  Location     Type
   741 ;;                  1    wreg      void 
   742 ;; Registers used:
   743 ;;		wreg, status,2, status,0
   744 ;; Tracked objects:
   745 ;;		On entry : 0/300
   746 ;;		On exit  : 0/0
   747 ;;		Unchanged: 0/0
   748 ;; Data sizes:     COMMON   BANK0   BANK1   BANK3   BANK2
   749 ;;      Params:         0       0       0       0       0
   750 ;;      Locals:         3       0       0       0       0
   751 ;;      Temps:          0       0       0       0       0
   752 ;;      Totals:         3       0       0       0       0
   753 ;;Total ram usage:        3 bytes
   754 ;; Hardware stack levels used:    1
   755 ;; This function calls:
   756 ;;		Nothing
   757 ;; This function is called by:
   758 ;;		_main
   759 ;; This function uses a non-reentrant model
   760 ;;
   761                           
   762                           
   763                           ;psect for function _DelayXms
   764  0744                     _DelayXms:	
   765                           
   766                           ;incstack = 0
   767                           ; Regs used in _DelayXms: [wreg+status,2+status,0]
   768                           ;DelayXms@x stored from wreg
   769  0744  00F7               	movwf	DelayXms@x
   770                           
   771                           ;SC8F096_IIC_Master_c.c: 24: unsigned char i,j;
   772                           ;SC8F096_IIC_Master_c.c: 25: for(i=x;i>0;i--)
   773  0745  00F8               	movwf	DelayXms@i
   774  0746                     l494:	
   775  0746  0878               	movf	DelayXms@i,w
   776  0747  1903               	btfsc	3,2
   777  0748  0008               	return
   778                           
   779                           ;SC8F096_IIC_Master_c.c: 26: for(j=153;j>0;j--);
   780  0749  3099               	movlw	153
   781  074A  00F9               	movwf	DelayXms@j
   782  074B                     l504:	
   783  074B  0BF9               	decfsz	DelayXms@j,f
   784  074C  2F4B               	goto	l504
   785  074D  03F8               	decf	DelayXms@i,f
   786  074E  2F46               	goto	l494
   787  074F                     __end_of_DelayXms:	
   788  007E                     btemp	set	126	;btemp
   789  007E                     wtemp0	set	126


Data Sizes:
    Strings     0
    Constant    0
    Data        0
    BSS         7
    Persistent  0
    Stack       0

Auto Spaces:
    Space          Size  Autos    Used
    COMMON           14      3      10
    BANK0            80      0       0
    BANK1            80      0       0
    BANK3            80      0       0
    BANK2            80      0       0

Pointer List with Targets:

    None.

Critical Paths under _main in COMMON

    _main->_DelayXms
    _main->_Read_IIC

Critical Paths under _main in BANK0

    None.

Critical Paths under _main in BANK1

    None.

Critical Paths under _main in BANK3

    None.

Critical Paths under _main in BANK2

    None.

Call Graph Tables:

 ---------------------------------------------------------------------------------
 (Depth) Function   	        Calls       Base Space   Used Autos Params    Refs
 ---------------------------------------------------------------------------------
 (0) _main                                                 0     0      0     295
                           _DelayXms
                        _Init_System
                           _Read_IIC
                          _Write_IIC
 ---------------------------------------------------------------------------------
 (1) _Write_IIC                                            2     1      1      87
                                              0 COMMON     2     1      1
 ---------------------------------------------------------------------------------
 (1) _Read_IIC                                             3     2      1     133
                                              0 COMMON     3     2      1
 ---------------------------------------------------------------------------------
 (1) _Init_System                                          0     0      0       0
 ---------------------------------------------------------------------------------
 (1) _DelayXms                                             3     3      0      75
                                              0 COMMON     3     3      0
 ---------------------------------------------------------------------------------
 Estimated maximum stack depth 1
 ---------------------------------------------------------------------------------

 Call Graph Graphs:

 _main (ROOT)
   _DelayXms
   _Init_System
   _Read_IIC
   _Write_IIC

 Address spaces:
Name               Size   Autos  Total    Cost      Usage
BITCOMMON            E      0       0       0        0.0%
NULL                 0      0       0       0        0.0%
CODE                 0      0       0       0        0.0%
COMMON               E      3       A       1       71.4%
BITSFR0              0      0       0       1        0.0%
SFR0                 0      0       0       1        0.0%
BITSFR1              0      0       0       2        0.0%
SFR1                 0      0       0       2        0.0%
STACK                0      0       0       2        0.0%
BITBANK0            50      0       0       3        0.0%
BANK0               50      0       0       4        0.0%
BITSFR3              0      0       0       4        0.0%
SFR3                 0      0       0       4        0.0%
BITBANK1            50      0       0       5        0.0%
BITSFR2              0      0       0       5        0.0%
SFR2                 0      0       0       5        0.0%
BANK1               50      0       0       6        0.0%
BITBANK3            50      0       0       7        0.0%
BANK3               50      0       0       8        0.0%
BITBANK2            50      0       0       9        0.0%
BANK2               50      0       0      10        0.0%
ABS                  0      0       A      11        0.0%
DATA                 0      0       A      12        0.0%


Microchip Technology PIC Macro Assembler V1.45 build -152302408 
Symbol Table                                                                                   Fri Sep 20 08:50:50 2024

                     l61 0773                       l64 077A                       l73 07B0  
                     l82 07C4                       l58 076C                       l91 07DA  
                     l67 0780                       l76 07B7                       l85 07CC  
                     l94 07E0                       l79 07BE                       l88 07D2  
                     l97 07E9                      l100 07EF                      l504 074B  
                    l616 0792                      l494 0746                      _RB5 0035  
                    _PEN 0C8A                      _SEN 0C88                     _RCEN 0C8B  
                   _RSEN 0C89                     _WPUA 0088                     _WPUB 0008  
                   _main 0785                     btemp 007E                     start 0000  
          ??_Init_System 0077                    ?_main 0077                    _ACKEN 0C8C  
                  _ACKDT 0C8D                    _IICIF 087C                    _PORTA 0086  
                  _PORTB 0006                    _TRISA 0085                    _TRISB 0005  
                  status 0003                    wtemp0 007E         __end_of_DelayXms 074F  
        __initialization 07F5             __end_of_main 07AD         __end_of_Read_IIC 07F5  
                 ??_main 007A      __end_of_Init_System 0768             Read_IIC@data 0077  
                 _IICADD 0194                   _IICBUF 0193                   _IICCON 0190  
                 _INTCON 000B                   _OSCCON 0014                   _result 0074  
__end_of__initialization 07FC       __size_of_Write_IIC 001D           __pcstackCOMMON 0077  
            _Init_System 074F                ?_DelayXms 0077                ?_Read_IIC 0077  
        Write_IIC@Adress 0078               __pmaintext 0785        __end_of_Write_IIC 0785  
             ??_DelayXms 0077               ??_Read_IIC 0078                  __ptext1 0768  
                __ptext2 07AD                  __ptext3 074F                  __ptext4 0744  
                _result1 0072                  _result2 0070     end_of_initialization 07FC  
              DelayXms@i 0078                DelayXms@j 0079                DelayXms@x 0077  
           ?_Init_System 0077      start_initialization 07F5        __size_of_DelayXms 000B  
          Write_IIC@data 0077        __size_of_Read_IIC 0048              __pbssCOMMON 0070  
              ___latbits 0002                _Write_IIC 0768           Read_IIC@Adress 0079  
             ?_Write_IIC 0077         Read_IIC@ReadData 0078              _IICReadData 0076  
   __size_of_Init_System 0019                 _DelayXms 0744                 _Read_IIC 07AD  
            ??_Write_IIC 0078            __size_of_main 0028               _OPTION_REG 0001  
