

Microchip Technology PIC PRO Macro Assembler V1.45 build -152302408 
                                                                                               Thu Nov 21 14:17:10 2024

Microchip Technology Omniscient Code Generator v1.45 (PRO mode) build 201711160504
     1                           	processor	SC8F096
     2                           	opt	pw 120
     3                           	opt	pm
     4                           	psect	text0,local,class=CODE,merge=1,delta=2
     5                           	psect	cinit,global,class=CODE,merge=1,delta=2
     6                           	psect	bitbssCOMMON,global,bit,class=COMMON,space=1,delta=1
     7                           	psect	bssCOMMON,global,class=COMMON,space=1,delta=1
     8                           	psect	cstackCOMMON,global,class=COMMON,space=1,delta=1
     9                           	psect	maintext,global,class=CODE,split=1,delta=2
    10                           	psect	text1,local,class=CODE,merge=1,delta=2
    11                           	psect	text2,local,class=CODE,merge=1,delta=2
    12                           	psect	text3,local,class=CODE,merge=1,delta=2
    13                           	psect	text4,local,class=CODE,merge=1,delta=2
    14                           	psect	text5,local,class=CODE,merge=1,delta=2
    15                           	psect	text6,local,class=CODE,merge=1,delta=2
    16                           	psect	text7,local,class=CODE,merge=1,delta=2
    17                           	psect	text8,local,class=CODE,merge=1,delta=2
    18                           	psect	text9,local,class=CODE,merge=1,delta=2
    19                           	psect	intentry,global,class=CODE,delta=2
    20                           	psect	pa_nodes0,global,class=CODE,delta=2
    21                           	dabs	1,0x7E,2
    22  0000                     
    23                           ; Version 1.45
    24                           ; Generated 16/11/2017 GMT
    25                           ; 
    26                           ; Copyright 짤 2017, Microchip Technology Inc. and its subsidiaries ("Microchip")
    27                           ; All rights reserved.
    28                           ; 
    29                           ; This software is developed by Microchip Technology Inc. and its subsidiaries ("Microch
      +                          ip").
    30                           ; 
    31                           ; Redistribution and use in source and binary forms, with or without modification, are
    32                           ; permitted provided that the following conditions are met:
    33                           ; 
    34                           ;     1. Redistributions of source code must retain the above copyright notice, this lis
      +                          t of
    35                           ;        conditions and the following disclaimer.
    36                           ; 
    37                           ;     2. Redistributions in binary form must reproduce the above copyright notice, this 
      +                          list
    38                           ;        of conditions and the following disclaimer in the documentation and/or other
    39                           ;        materials provided with the distribution.
    40                           ; 
    41                           ;     3. Microchip's name may not be used to endorse or promote products derived from th
      +                          is
    42                           ;        software without specific prior written permission.
    43                           ; 
    44                           ; THIS SOFTWARE IS PROVIDED BY MICROCHIP "AS IS" AND ANY EXPRESS OR IMPLIED WARRANTIES,
    45                           ; INCLUDING, BUT NOT LIMITED TO, THE IMPLIED WARRANTIES OF MERCHANTABILITY AND FITNESS F
      +                          OR
    46                           ; PURPOSE ARE DISCLAIMED.  IN NO EVENT SHALL MICROCHIP BE LIABLE FOR ANY DIRECT, INDIREC
      +                          T,
    47                           ; INCIDENTAL, SPECIAL, EXEMPLARY, OR CONSEQUENTIAL DAMAGES (INCLUDING BUT NOT LIMITED TO
    48                           ; PROCUREMENT OF SUBSTITUTE GOODS OR SERVICES; LOSS OF USE, DATA OR PROFITS; OR BUSINESS
    49                           ; INTERRUPTION) HOWSOEVER CAUSED AND ON ANY THEORY OF LIABILITY, WHETHER IN CONTRACT, ST
      +                          RICT
    50                           ; LIABILITY, OR TORT (INCLUDING NEGLIGENCE OR OTHERWISE) ARISING IN ANY WAY OUT OF THE U
      +                          SE OF
    51                           ; THIS SOFTWARE, EVEN IF ADVISED OF THE POSSIBILITY OF SUCH DAMAGE.
    52                           ; 
    53                           ; 
    54                           ; Code-generator required, PIC16F887 Definitions
    55                           ; 
    56                           ; SFR Addresses
    57  0000                     	;# 
    58  0001                     	;# 
    59  0002                     	;# 
    60  0003                     	;# 
    61  0004                     	;# 
    62  0005                     	;# 
    63  0006                     	;# 
    64  0007                     	;# 
    65  0008                     	;# 
    66  0009                     	;# 
    67  000A                     	;# 
    68  000B                     	;# 
    69  000C                     	;# 
    70  000D                     	;# 
    71  000E                     	;# 
    72  000F                     	;# 
    73  0010                     	;# 
    74  0011                     	;# 
    75  0012                     	;# 
    76  0013                     	;# 
    77  0014                     	;# 
    78  0015                     	;# 
    79  0016                     	;# 
    80  0017                     	;# 
    81  0018                     	;# 
    82  0019                     	;# 
    83  001A                     	;# 
    84  001B                     	;# 
    85  001C                     	;# 
    86  001D                     	;# 
    87  001E                     	;# 
    88  001F                     	;# 
    89  0081                     	;# 
    90  0085                     	;# 
    91  0086                     	;# 
    92  0087                     	;# 
    93  0088                     	;# 
    94  0089                     	;# 
    95  008C                     	;# 
    96  008D                     	;# 
    97  008E                     	;# 
    98  008F                     	;# 
    99  0090                     	;# 
   100  0091                     	;# 
   101  0092                     	;# 
   102  0093                     	;# 
   103  0094                     	;# 
   104  0095                     	;# 
   105  0096                     	;# 
   106  0098                     	;# 
   107  0099                     	;# 
   108  009A                     	;# 
   109  009B                     	;# 
   110  009C                     	;# 
   111  009D                     	;# 
   112  009E                     	;# 
   113  009F                     	;# 
   114  0105                     	;# 
   115  0106                     	;# 
   116  0107                     	;# 
   117  0108                     	;# 
   118  0109                     	;# 
   119  010C                     	;# 
   120  010D                     	;# 
   121  010E                     	;# 
   122  010F                     	;# 
   123  0110                     	;# 
   124  0111                     	;# 
   125  0112                     	;# 
   126  0113                     	;# 
   127  0114                     	;# 
   128  0115                     	;# 
   129  0116                     	;# 
   130  0117                     	;# 
   131  0118                     	;# 
   132  0119                     	;# 
   133  011A                     	;# 
   134  011B                     	;# 
   135  011C                     	;# 
   136  011D                     	;# 
   137  011E                     	;# 
   138  011F                     	;# 
   139  0181                     	;# 
   140  0185                     	;# 
   141  0186                     	;# 
   142  0187                     	;# 
   143  0188                     	;# 
   144  0189                     	;# 
   145  018C                     	;# 
   146  018D                     	;# 
   147  018E                     	;# 
   148  018F                     	;# 
   149  0190                     	;# 
   150  0191                     	;# 
   151  0192                     	;# 
   152  0193                     	;# 
   153  0194                     	;# 
   154  0195                     	;# 
   155  0196                     	;# 
   156  0197                     	;# 
   157  0198                     	;# 
   158  0199                     	;# 
   159  019A                     	;# 
   160  019B                     	;# 
   161  019C                     	;# 
   162  019D                     	;# 
   163  019E                     	;# 
   164  019F                     	;# 
   165                           
   166                           	psect	text0
   167  0000                     __ptext0:	
   168  0014                     _OSCCON	set	20
   169  0013                     _T2CON	set	19
   170  0011                     _PR2	set	17
   171  000E                     _PIE1	set	14
   172  000D                     _PIR1	set	13
   173  000B                     _INTCON	set	11
   174  0005                     _TRISB	set	5
   175  0001                     _OPTION_REG	set	1
   176  0071                     _TMR2IE	set	113
   177  0069                     _TMR2IF	set	105
   178  0085                     _TRISA	set	133
   179  042D                     _TRISA5	set	1069
   180  0110                     _PIE2	set	272
   181  010F                     _PIR2	set	271
   182  0105                     _TRISC	set	261
   183  019B                     _PDSDATA	set	411
   184  018F                     _LEDCTR1	set	399
   185  018E                     _LEDCTR0	set	398
   186  0C74                     _IF_30	set	3188
   187  0C75                     _IF_15	set	3189
   188  0C70                     _LEDSW_ST	set	3184
   189  0C76                     _LEDSW_RT	set	3190
   190                           
   191                           	psect	cinit
   192  000F                     start_initialization:	
   193                           ; #config settings
   194                           
   195  000F                     __initialization:	
   196                           
   197                           ; Clear objects allocated to BITCOMMON
   198  000F  01F9               	clrf	(__pbitbssCOMMON/(0+8))& (0+127)
   199                           
   200                           ; Clear objects allocated to COMMON
   201  0010  01F0               	clrf	__pbssCOMMON& (0+127)
   202  0011  01F1               	clrf	(__pbssCOMMON+1)& (0+127)
   203  0012  01F2               	clrf	(__pbssCOMMON+2)& (0+127)
   204  0013  01F3               	clrf	(__pbssCOMMON+3)& (0+127)
   205  0014  01F4               	clrf	(__pbssCOMMON+4)& (0+127)
   206  0015  01F5               	clrf	(__pbssCOMMON+5)& (0+127)
   207  0016                     end_of_initialization:	
   208                           ;End of C runtime variable initialization code
   209                           
   210  0016                     __end_of__initialization:	
   211  0016  0183               	clrf	3
   212  0017  120A  118A  281A   	ljmp	_main	;jump to C main() function
   213                           
   214                           	psect	bitbssCOMMON
   215  03C8                     __pbitbssCOMMON:	
   216  03C8                     _B_MainLoop:	
   217  03C8                     	ds	1
   218                           
   219                           	psect	bssCOMMON
   220  0070                     __pbssCOMMON:	
   221  0070                     _dis_buf:	
   222  0070                     	ds	4
   223  0074                     Timer_Isr@tcount:	
   224  0074                     	ds	1
   225  0075                     _led_c:	
   226  0075                     	ds	1
   227                           
   228                           	psect	cstackCOMMON
   229  0076                     __pcstackCOMMON:	
   230  0076                     ?_Set_LED_Moudle:	
   231  0076                     ?_LED_B:	
   232                           ; 1 bytes @ 0x0
   233                           
   234  0076                     ?_LED_G:	
   235                           ; 1 bytes @ 0x0
   236                           
   237  0076                     ?_LED_R:	
   238                           ; 1 bytes @ 0x0
   239                           
   240  0076                     ?_LED_B1:	
   241                           ; 1 bytes @ 0x0
   242                           
   243  0076                     ?_LED_G1:	
   244                           ; 1 bytes @ 0x0
   245                           
   246  0076                     ?_LED_R1:	
   247                           ; 1 bytes @ 0x0
   248                           
   249  0076                     ?_Led_Moudle_Device:	
   250                           ; 1 bytes @ 0x0
   251                           
   252  0076                     ?_main:	
   253                           ; 1 bytes @ 0x0
   254                           
   255  0076                     ?_Timer_Isr:	
   256                           ; 1 bytes @ 0x0
   257                           
   258  0076                     ??_Timer_Isr:	
   259                           ; 1 bytes @ 0x0
   260                           
   261                           
   262                           ; 1 bytes @ 0x0
   263  0076                     	ds	2
   264  0078                     ??_Set_LED_Moudle:	
   265  0078                     ??_LED_B:	
   266                           ; 1 bytes @ 0x2
   267                           
   268  0078                     ??_LED_G:	
   269                           ; 1 bytes @ 0x2
   270                           
   271  0078                     ??_LED_R:	
   272                           ; 1 bytes @ 0x2
   273                           
   274  0078                     ??_LED_B1:	
   275                           ; 1 bytes @ 0x2
   276                           
   277  0078                     ??_LED_G1:	
   278                           ; 1 bytes @ 0x2
   279                           
   280  0078                     ??_LED_R1:	
   281                           ; 1 bytes @ 0x2
   282                           
   283  0078                     ??_Led_Moudle_Device:	
   284                           ; 1 bytes @ 0x2
   285                           
   286  0078                     Led_Moudle_Device@i:	
   287                           ; 1 bytes @ 0x2
   288                           
   289                           
   290                           ; 1 bytes @ 0x2
   291  0078                     	ds	1
   292  0079                     ??_main:	
   293                           
   294                           	psect	maintext
   295  001A                     __pmaintext:	
   296                           ; 1 bytes @ 0x3
   297 ;;
   298 ;;Main: autosize = 0, tempsize = 0, incstack = 0, save=0
   299 ;;
   300 ;; *************** function _main *****************
   301 ;; Defined at:
   302 ;;		line 18 in file "H:\MyDownloads\綱츠蝎&꿎桿괩멩\역랙관\SC8F096역랙관\SC8F096_DEMO_C\SC8F096_RGB_LED_Demo\SC8F096_RGB
      +_LED_Demo.c"
   303 ;; Parameters:    Size  Location     Type
   304 ;;		None
   305 ;; Auto vars:     Size  Location     Type
   306 ;;		None
   307 ;; Return value:  Size  Location     Type
   308 ;;                  1    wreg      void 
   309 ;; Registers used:
   310 ;;		wreg, fsr0l, fsr0h, status,2, status,0, pclath, cstack
   311 ;; Tracked objects:
   312 ;;		On entry : B00/0
   313 ;;		On exit  : 300/300
   314 ;;		Unchanged: 0/0
   315 ;; Data sizes:     COMMON   BANK0   BANK1   BANK3   BANK2
   316 ;;      Params:         0       0       0       0       0
   317 ;;      Locals:         0       0       0       0       0
   318 ;;      Temps:          0       0       0       0       0
   319 ;;      Totals:         0       0       0       0       0
   320 ;;Total ram usage:        0 bytes
   321 ;; Hardware stack levels required when called:    2
   322 ;; This function calls:
   323 ;;		_LED_B
   324 ;;		_LED_B1
   325 ;;		_LED_G
   326 ;;		_LED_G1
   327 ;;		_LED_R
   328 ;;		_LED_R1
   329 ;;		_Led_Moudle_Device
   330 ;;		_Set_LED_Moudle
   331 ;; This function is called by:
   332 ;;		Startup code after reset
   333 ;; This function uses a non-reentrant model
   334 ;;
   335                           
   336                           
   337                           ;psect for function _main
   338  001A                     _main:	
   339                           
   340                           ;incstack = 0
   341                           ; Regs used in _main: [wreg-fsr0h+status,2+status,0+pclath+cstack]
   342  001A  0000               	nop	;# 
   343  001B  0064               	clrwdt	;# 
   344                           
   345                           ;SC8F096_RGB_LED_Demo.c: 23: OPTION_REG = 0X0F;
   346  001C  300F               	movlw	15
   347  001D  1283               	bcf	3,5	;RP0=0, select bank0
   348  001E  1303               	bcf	3,6	;RP1=0, select bank0
   349  001F  0081               	movwf	1	;volatile
   350  0020  0064               	clrwdt	;# 
   351                           
   352                           ;SC8F096_RGB_LED_Demo.c: 25: OSCCON = 0x70;
   353  0021  3070               	movlw	112
   354  0022  1283               	bcf	3,5	;RP0=0, select bank0
   355  0023  1303               	bcf	3,6	;RP1=0, select bank0
   356  0024  0094               	movwf	20	;volatile
   357                           
   358                           ;SC8F096_RGB_LED_Demo.c: 26: INTCON = 0;
   359  0025  018B               	clrf	11	;volatile
   360                           
   361                           ;SC8F096_RGB_LED_Demo.c: 28: PIR1 = 0;
   362  0026  018D               	clrf	13	;volatile
   363                           
   364                           ;SC8F096_RGB_LED_Demo.c: 29: PIE1 = 0;
   365  0027  018E               	clrf	14	;volatile
   366                           
   367                           ;SC8F096_RGB_LED_Demo.c: 30: PIR2 = 0;
   368  0028  1703               	bsf	3,6	;RP1=1, select bank2
   369  0029  018F               	clrf	15	;volatile
   370                           
   371                           ;SC8F096_RGB_LED_Demo.c: 31: PIE2 = 0;
   372  002A  0190               	clrf	16	;volatile
   373                           
   374                           ;SC8F096_RGB_LED_Demo.c: 33: Set_LED_Moudle();
   375  002B  120A  118A  2119  120A  118A  	fcall	_Set_LED_Moudle
   376                           
   377                           ;SC8F096_RGB_LED_Demo.c: 36: PR2 = 124;
   378  0030  307C               	movlw	124
   379  0031  1283               	bcf	3,5	;RP0=0, select bank0
   380  0032  0091               	movwf	17	;volatile
   381                           
   382                           ;SC8F096_RGB_LED_Demo.c: 37: TMR2IF = 0;
   383  0033  108D               	bcf	13,1	;volatile
   384                           
   385                           ;SC8F096_RGB_LED_Demo.c: 38: TMR2IE = 1;
   386  0034  148E               	bsf	14,1	;volatile
   387                           
   388                           ;SC8F096_RGB_LED_Demo.c: 39: T2CON = 0x07;
   389  0035  3007               	movlw	7
   390  0036  0093               	movwf	19	;volatile
   391                           
   392                           ;SC8F096_RGB_LED_Demo.c: 41: INTCON = 0XC0;
   393  0037  30C0               	movlw	192
   394  0038  008B               	movwf	11	;volatile
   395                           
   396                           ;SC8F096_RGB_LED_Demo.c: 43: TRISC = 0B00000000;
   397  0039  1703               	bsf	3,6	;RP1=1, select bank2
   398  003A  0185               	clrf	5	;volatile
   399                           
   400                           ;SC8F096_RGB_LED_Demo.c: 44: TRISB = 0B00000000;
   401  003B  1303               	bcf	3,6	;RP1=0, select bank0
   402  003C  0185               	clrf	5	;volatile
   403                           
   404                           ;SC8F096_RGB_LED_Demo.c: 45: TRISA = 0B00000000;
   405  003D  1683               	bsf	3,5	;RP0=1, select bank1
   406  003E  0185               	clrf	5	;volatile
   407                           
   408                           ;SC8F096_RGB_LED_Demo.c: 47: dis_buf[0] = 0X1;
   409  003F  3001               	movlw	1
   410  0040  00F0               	movwf	_dis_buf	;volatile
   411                           
   412                           ;SC8F096_RGB_LED_Demo.c: 48: dis_buf[1] = 0X0;
   413  0041  01F1               	clrf	_dis_buf+1	;volatile
   414                           
   415                           ;SC8F096_RGB_LED_Demo.c: 49: dis_buf[2] = 0X0;
   416  0042  01F2               	clrf	_dis_buf+2	;volatile
   417  0043                     l907:	
   418                           
   419                           ;SC8F096_RGB_LED_Demo.c: 52: {
   420                           ;SC8F096_RGB_LED_Demo.c: 53: if(B_MainLoop)
   421  0043  1C79               	btfss	_B_MainLoop/(0+8),_B_MainLoop& (0+7)
   422  0044  2843               	goto	l907
   423                           
   424                           ;SC8F096_RGB_LED_Demo.c: 54: {
   425                           ;SC8F096_RGB_LED_Demo.c: 55: B_MainLoop = 0;
   426  0045  1079               	bcf	_B_MainLoop/(0+8),_B_MainLoop& (0+7)
   427  0046  0064               	clrwdt	;# 
   428                           
   429                           ;SC8F096_RGB_LED_Demo.c: 57: switch(led_c)
   430  0047  286E               	goto	l927
   431  0048                     l911:	
   432  0048  120A  118A  2112  120A  118A  	fcall	_LED_B
   433  004D  2882               	goto	l929
   434  004E                     l913:	
   435  004E  120A  118A  2109  120A  118A  	fcall	_LED_G
   436  0053  2882               	goto	l929
   437  0054                     l915:	
   438  0054  120A  118A  2100  120A  118A  	fcall	_LED_R
   439  0059  2882               	goto	l929
   440  005A                     l917:	
   441  005A  120A  118A  2125  120A  118A  	fcall	_LED_B1
   442  005F  2882               	goto	l929
   443  0060                     l919:	
   444  0060  120A  118A  211F  120A  118A  	fcall	_LED_G1
   445  0065  2882               	goto	l929
   446  0066                     l921:	
   447  0066  120A  118A  20F7  120A  118A  	fcall	_LED_R1
   448  006B  2882               	goto	l929
   449  006C                     l923:	
   450  006C  01F5               	clrf	_led_c	;volatile
   451  006D  2882               	goto	l929
   452  006E                     l927:	
   453  006E  0875               	movf	_led_c,w	;volatile
   454                           
   455                           ; Switch size 1, requested type "space"
   456                           ; Number of cases is 6, Range of values is 0 to 5
   457                           ; switch strategies available:
   458                           ; Name         Instructions Cycles
   459                           ; simple_byte           19    10 (average)
   460                           ; direct_byte           26     8 (fixed)
   461                           ; jumptable            260     6 (fixed)
   462                           ;	Chosen strategy is simple_byte
   463  006F  3A00               	xorlw	0	; case 0
   464  0070  1903               	skipnz
   465  0071  2848               	goto	l911
   466  0072  3A01               	xorlw	1	; case 1
   467  0073  1903               	skipnz
   468  0074  284E               	goto	l913
   469  0075  3A03               	xorlw	3	; case 2
   470  0076  1903               	skipnz
   471  0077  2854               	goto	l915
   472  0078  3A01               	xorlw	1	; case 3
   473  0079  1903               	skipnz
   474  007A  285A               	goto	l917
   475  007B  3A07               	xorlw	7	; case 4
   476  007C  1903               	skipnz
   477  007D  2860               	goto	l919
   478  007E  3A01               	xorlw	1	; case 5
   479  007F  1903               	skipnz
   480  0080  2866               	goto	l921
   481  0081  286C               	goto	l923
   482  0082                     l929:	
   483                           
   484                           ;SC8F096_RGB_LED_Demo.c: 70: Led_Moudle_Device();
   485  0082  120A  118A  2088  120A  118A  	fcall	_Led_Moudle_Device
   486  0087  2843               	goto	l907
   487  0088                     __end_of_main:	
   488                           
   489                           	psect	text1
   490  0119                     __ptext1:	
   491 ;; *************** function _Set_LED_Moudle *****************
   492 ;; Defined at:
   493 ;;		line 98 in file "H:\MyDownloads\綱츠蝎&꿎桿괩멩\역랙관\SC8F096역랙관\SC8F096_DEMO_C\SC8F096_RGB_LED_Demo\SC8F096_RGB
      +_LED_Demo.c"
   494 ;; Parameters:    Size  Location     Type
   495 ;;		None
   496 ;; Auto vars:     Size  Location     Type
   497 ;;		None
   498 ;; Return value:  Size  Location     Type
   499 ;;                  1    wreg      void 
   500 ;; Registers used:
   501 ;;		wreg
   502 ;; Tracked objects:
   503 ;;		On entry : 300/200
   504 ;;		On exit  : 300/100
   505 ;;		Unchanged: 0/0
   506 ;; Data sizes:     COMMON   BANK0   BANK1   BANK3   BANK2
   507 ;;      Params:         0       0       0       0       0
   508 ;;      Locals:         0       0       0       0       0
   509 ;;      Temps:          0       0       0       0       0
   510 ;;      Totals:         0       0       0       0       0
   511 ;;Total ram usage:        0 bytes
   512 ;; Hardware stack levels used:    1
   513 ;; Hardware stack levels required when called:    1
   514 ;; This function calls:
   515 ;;		Nothing
   516 ;; This function is called by:
   517 ;;		_main
   518 ;; This function uses a non-reentrant model
   519 ;;
   520                           
   521                           
   522                           ;psect for function _Set_LED_Moudle
   523  0119                     _Set_LED_Moudle:	
   524                           
   525                           ;SC8F096_RGB_LED_Demo.c: 100: LEDCTR0 = 0B11000000;
   526                           
   527                           ;incstack = 0
   528                           ; Regs used in _Set_LED_Moudle: [wreg]
   529  0119  30C0               	movlw	192
   530  011A  1683               	bsf	3,5	;RP0=1, select bank3
   531  011B  008E               	movwf	14	;volatile
   532                           
   533                           ;SC8F096_RGB_LED_Demo.c: 128: TRISA5 =0;
   534  011C  1303               	bcf	3,6	;RP1=0, select bank1
   535  011D  1285               	bcf	5,5	;volatile
   536  011E  0008               	return
   537  011F                     __end_of_Set_LED_Moudle:	
   538                           
   539                           	psect	text2
   540  0088                     __ptext2:	
   541 ;; *************** function _Led_Moudle_Device *****************
   542 ;; Defined at:
   543 ;;		line 139 in file "H:\MyDownloads\綱츠蝎&꿎桿괩멩\역랙관\SC8F096역랙관\SC8F096_DEMO_C\SC8F096_RGB_LED_Demo\SC8F096_RG
      +B_LED_Demo.c"
   544 ;; Parameters:    Size  Location     Type
   545 ;;		None
   546 ;; Auto vars:     Size  Location     Type
   547 ;;  i               1    2[COMMON] unsigned char 
   548 ;; Return value:  Size  Location     Type
   549 ;;                  1    wreg      void 
   550 ;; Registers used:
   551 ;;		wreg, status,2, status,0
   552 ;; Tracked objects:
   553 ;;		On entry : 0/100
   554 ;;		On exit  : 300/300
   555 ;;		Unchanged: 0/0
   556 ;; Data sizes:     COMMON   BANK0   BANK1   BANK3   BANK2
   557 ;;      Params:         0       0       0       0       0
   558 ;;      Locals:         1       0       0       0       0
   559 ;;      Temps:          0       0       0       0       0
   560 ;;      Totals:         1       0       0       0       0
   561 ;;Total ram usage:        1 bytes
   562 ;; Hardware stack levels used:    1
   563 ;; Hardware stack levels required when called:    1
   564 ;; This function calls:
   565 ;;		Nothing
   566 ;; This function is called by:
   567 ;;		_main
   568 ;; This function uses a non-reentrant model
   569 ;;
   570                           
   571                           
   572                           ;psect for function _Led_Moudle_Device
   573  0088                     _Led_Moudle_Device:	
   574                           
   575                           ;SC8F096_RGB_LED_Demo.c: 142: LEDCTR0 = 0X80;
   576                           
   577                           ;incstack = 0
   578                           ; Regs used in _Led_Moudle_Device: [wreg+status,2+status,0]
   579  0088  3080               	movlw	128
   580  0089  1683               	bsf	3,5	;RP0=1, select bank3
   581  008A  1703               	bsf	3,6	;RP1=1, select bank3
   582  008B  008E               	movwf	14	;volatile
   583                           
   584                           ;SC8F096_RGB_LED_Demo.c: 143: LEDCTR1 = 0X80;
   585  008C  008F               	movwf	15	;volatile
   586                           
   587                           ;SC8F096_RGB_LED_Demo.c: 154: LEDSW_RT = 1;
   588  008D  170E               	bsf	14,6	;volatile
   589                           
   590                           ;SC8F096_RGB_LED_Demo.c: 155: for(i=0;i<10;i++)
   591  008E  01F8               	clrf	Led_Moudle_Device@i
   592  008F                     l771:	
   593                           
   594                           ;SC8F096_RGB_LED_Demo.c: 156: {
   595                           ;SC8F096_RGB_LED_Demo.c: 157: PDSDATA = dis_buf[0];
   596  008F  0870               	movf	_dis_buf,w	;volatile
   597  0090  009B               	movwf	27	;volatile
   598                           
   599                           ;SC8F096_RGB_LED_Demo.c: 158: LEDCTR1 ++;
   600  0091  0A8F               	incf	15,f	;volatile
   601                           
   602                           ;SC8F096_RGB_LED_Demo.c: 159: PDSDATA = dis_buf[1];
   603  0092  0871               	movf	_dis_buf+1,w	;volatile
   604  0093  009B               	movwf	27	;volatile
   605                           
   606                           ;SC8F096_RGB_LED_Demo.c: 160: LEDCTR1 ++;
   607  0094  0A8F               	incf	15,f	;volatile
   608                           
   609                           ;SC8F096_RGB_LED_Demo.c: 161: PDSDATA = dis_buf[2];
   610  0095  0872               	movf	_dis_buf+2,w	;volatile
   611  0096  009B               	movwf	27	;volatile
   612                           
   613                           ;SC8F096_RGB_LED_Demo.c: 162: LEDCTR1 ++;
   614  0097  0A8F               	incf	15,f	;volatile
   615  0098  300A               	movlw	10
   616  0099  0AF8               	incf	Led_Moudle_Device@i,f
   617  009A  0278               	subwf	Led_Moudle_Device@i,w
   618  009B  1C03               	skipc
   619  009C  288F               	goto	l771
   620                           
   621                           ;SC8F096_RGB_LED_Demo.c: 163: }
   622                           ;SC8F096_RGB_LED_Demo.c: 164: LEDSW_ST = 1;
   623  009D  140E               	bsf	14,0	;volatile
   624  009E                     l287:	
   625                           ;SC8F096_RGB_LED_Demo.c: 166: while(IF_15==0)
   626                           
   627  009E  1683               	bsf	3,5	;RP0=1, select bank3
   628  009F  1703               	bsf	3,6	;RP1=1, select bank3
   629  00A0  1A8E               	btfsc	14,5	;volatile
   630  00A1  28A4               	goto	l289
   631  00A2  0064               	clrwdt	;# 
   632  00A3  289E               	goto	l287
   633  00A4                     l289:	
   634                           
   635                           ;SC8F096_RGB_LED_Demo.c: 169: }
   636                           ;SC8F096_RGB_LED_Demo.c: 170: IF_15 = 0;
   637  00A4  128E               	bcf	14,5	;volatile
   638                           
   639                           ;SC8F096_RGB_LED_Demo.c: 171: LEDCTR1 = 0X80;
   640  00A5  3080               	movlw	128
   641  00A6  008F               	movwf	15	;volatile
   642                           
   643                           ;SC8F096_RGB_LED_Demo.c: 172: for(i=0;i<5;i++)
   644  00A7  01F8               	clrf	Led_Moudle_Device@i
   645  00A8                     l793:	
   646                           
   647                           ;SC8F096_RGB_LED_Demo.c: 173: {
   648                           ;SC8F096_RGB_LED_Demo.c: 174: PDSDATA = dis_buf[0];
   649                           
   650                           ;SC8F096_RGB_LED_Demo.c: 175: LEDCTR1 ++;
   651                           
   652                           ;SC8F096_RGB_LED_Demo.c: 176: PDSDATA = dis_buf[1];
   653                           
   654                           ;SC8F096_RGB_LED_Demo.c: 177: LEDCTR1 ++;
   655                           
   656                           ;SC8F096_RGB_LED_Demo.c: 178: PDSDATA = dis_buf[2];
   657                           
   658                           ;SC8F096_RGB_LED_Demo.c: 179: LEDCTR1 ++;
   659  00A8  20D7  120A  118A   	fcall	PL2	;call to abstracted procedure
   660  00AB  1803               	btfsc	3,0
   661  00AC  28AF               	goto	l292
   662  00AD  28A8               	goto	l793
   663  00AE                     l293:	
   664  00AE  0064               	clrwdt	;# 
   665  00AF                     l292:	
   666  00AF  1683               	bsf	3,5	;RP0=1, select bank3
   667  00B0  1703               	bsf	3,6	;RP1=1, select bank3
   668  00B1  1E0E               	btfss	14,4	;volatile
   669  00B2  28AE               	goto	l293
   670                           
   671                           ;SC8F096_RGB_LED_Demo.c: 185: }
   672                           ;SC8F096_RGB_LED_Demo.c: 186: IF_30 = 0;
   673  00B3  120E               	bcf	14,4	;volatile
   674                           
   675                           ;SC8F096_RGB_LED_Demo.c: 187: for(i=0;i<5;i++)
   676  00B4  01F8               	clrf	Led_Moudle_Device@i
   677  00B5                     l813:	
   678                           
   679                           ;SC8F096_RGB_LED_Demo.c: 188: {
   680                           ;SC8F096_RGB_LED_Demo.c: 189: PDSDATA = dis_buf[0];
   681                           
   682                           ;SC8F096_RGB_LED_Demo.c: 190: LEDCTR1 ++;
   683                           
   684                           ;SC8F096_RGB_LED_Demo.c: 191: PDSDATA = dis_buf[1];
   685                           
   686                           ;SC8F096_RGB_LED_Demo.c: 192: LEDCTR1 ++;
   687                           
   688                           ;SC8F096_RGB_LED_Demo.c: 193: PDSDATA = dis_buf[2];
   689                           
   690                           ;SC8F096_RGB_LED_Demo.c: 194: LEDCTR1 ++;
   691  00B5  20D7  120A  118A   	fcall	PL2	;call to abstracted procedure
   692  00B8  1803               	btfsc	3,0
   693  00B9  28BC               	goto	l297
   694  00BA  28B5               	goto	l813
   695  00BB                     l298:	
   696  00BB  0064               	clrwdt	;# 
   697  00BC                     l297:	
   698  00BC  1683               	bsf	3,5	;RP0=1, select bank3
   699  00BD  1703               	bsf	3,6	;RP1=1, select bank3
   700  00BE  1E8E               	btfss	14,5	;volatile
   701  00BF  28BB               	goto	l298
   702                           
   703                           ;SC8F096_RGB_LED_Demo.c: 200: }
   704                           ;SC8F096_RGB_LED_Demo.c: 201: IF_15 = 0;
   705  00C0  128E               	bcf	14,5	;volatile
   706                           
   707                           ;SC8F096_RGB_LED_Demo.c: 202: LEDCTR1 = 0X80;
   708  00C1  3080               	movlw	128
   709  00C2  008F               	movwf	15	;volatile
   710                           
   711                           ;SC8F096_RGB_LED_Demo.c: 203: for(i=0;i<5;i++)
   712  00C3  01F8               	clrf	Led_Moudle_Device@i
   713  00C4                     l835:	
   714                           
   715                           ;SC8F096_RGB_LED_Demo.c: 204: {
   716                           ;SC8F096_RGB_LED_Demo.c: 205: PDSDATA = dis_buf[0];
   717                           
   718                           ;SC8F096_RGB_LED_Demo.c: 206: LEDCTR1 ++;
   719                           
   720                           ;SC8F096_RGB_LED_Demo.c: 207: PDSDATA = dis_buf[1];
   721                           
   722                           ;SC8F096_RGB_LED_Demo.c: 208: LEDCTR1 ++;
   723                           
   724                           ;SC8F096_RGB_LED_Demo.c: 209: PDSDATA = dis_buf[2];
   725                           
   726                           ;SC8F096_RGB_LED_Demo.c: 210: LEDCTR1 ++;
   727  00C4  20D7  120A  118A   	fcall	PL2	;call to abstracted procedure
   728  00C7  1803               	btfsc	3,0
   729  00C8  28CB               	goto	l302
   730  00C9  28C4               	goto	l835
   731  00CA                     l303:	
   732  00CA  0064               	clrwdt	;# 
   733  00CB                     l302:	
   734  00CB  1683               	bsf	3,5	;RP0=1, select bank3
   735  00CC  1703               	bsf	3,6	;RP1=1, select bank3
   736  00CD  1E0E               	btfss	14,4	;volatile
   737  00CE  28CA               	goto	l303
   738                           
   739                           ;SC8F096_RGB_LED_Demo.c: 215: }
   740                           ;SC8F096_RGB_LED_Demo.c: 216: IF_30 = 0;
   741  00CF  120E               	bcf	14,4	;volatile
   742                           
   743                           ;SC8F096_RGB_LED_Demo.c: 217: for(i=0;i<5;i++)
   744  00D0  01F8               	clrf	Led_Moudle_Device@i
   745  00D1                     l855:	
   746                           
   747                           ;SC8F096_RGB_LED_Demo.c: 218: {
   748                           ;SC8F096_RGB_LED_Demo.c: 219: PDSDATA = dis_buf[0];
   749                           
   750                           ;SC8F096_RGB_LED_Demo.c: 220: LEDCTR1 ++;
   751                           
   752                           ;SC8F096_RGB_LED_Demo.c: 221: PDSDATA = dis_buf[1];
   753                           
   754                           ;SC8F096_RGB_LED_Demo.c: 222: LEDCTR1 ++;
   755                           
   756                           ;SC8F096_RGB_LED_Demo.c: 223: PDSDATA = dis_buf[2];
   757                           
   758                           ;SC8F096_RGB_LED_Demo.c: 224: LEDCTR1 ++;
   759  00D1  20D7  120A  118A   	fcall	PL2	;call to abstracted procedure
   760  00D4  1803               	btfsc	3,0
   761  00D5  0008               	return
   762  00D6  28D1               	goto	l855
   763  00D7                     __end_of_Led_Moudle_Device:	
   764  00D7                     PL2:	
   765  00D7  0870               	movf	_dis_buf,w	;volatile
   766  00D8  009B               	movwf	27	;volatile
   767  00D9  0A8F               	incf	15,f	;volatile
   768  00DA  0871               	movf	_dis_buf+1,w	;volatile
   769  00DB  009B               	movwf	27	;volatile
   770  00DC  0A8F               	incf	15,f	;volatile
   771  00DD  0872               	movf	_dis_buf+2,w	;volatile
   772  00DE  009B               	movwf	27	;volatile
   773  00DF  0A8F               	incf	15,f	;volatile
   774  00E0  3005               	movlw	5
   775  00E1  0AF8               	incf	Led_Moudle_Device@i,f
   776  00E2  0278               	subwf	Led_Moudle_Device@i,w
   777  00E3  0008               	return
   778  00E4                     __end_ofPL2:	
   779                           
   780                           	psect	text3
   781  00F7                     __ptext3:	
   782 ;; *************** function _LED_R1 *****************
   783 ;; Defined at:
   784 ;;		line 278 in file "H:\MyDownloads\綱츠蝎&꿎桿괩멩\역랙관\SC8F096역랙관\SC8F096_DEMO_C\SC8F096_RGB_LED_Demo\SC8F096_RG
      +B_LED_Demo.c"
   785 ;; Parameters:    Size  Location     Type
   786 ;;		None
   787 ;; Auto vars:     Size  Location     Type
   788 ;;		None
   789 ;; Return value:  Size  Location     Type
   790 ;;                  1    wreg      void 
   791 ;; Registers used:
   792 ;;		wreg, status,2, status,0
   793 ;; Tracked objects:
   794 ;;		On entry : 0/100
   795 ;;		On exit  : 0/0
   796 ;;		Unchanged: 0/0
   797 ;; Data sizes:     COMMON   BANK0   BANK1   BANK3   BANK2
   798 ;;      Params:         0       0       0       0       0
   799 ;;      Locals:         0       0       0       0       0
   800 ;;      Temps:          0       0       0       0       0
   801 ;;      Totals:         0       0       0       0       0
   802 ;;Total ram usage:        0 bytes
   803 ;; Hardware stack levels used:    1
   804 ;; Hardware stack levels required when called:    1
   805 ;; This function calls:
   806 ;;		Nothing
   807 ;; This function is called by:
   808 ;;		_main
   809 ;; This function uses a non-reentrant model
   810 ;;
   811                           
   812                           
   813                           ;psect for function _LED_R1
   814  00F7                     _LED_R1:	
   815                           
   816                           ;SC8F096_RGB_LED_Demo.c: 280: if(dis_buf[2]==255)
   817                           
   818                           ;incstack = 0
   819                           ; Regs used in _LED_R1: [wreg+status,2+status,0]
   820  00F7  0F72               	incfsz	_dis_buf+2,w	;volatile
   821  00F8  28FE               	goto	l757
   822                           
   823                           ;SC8F096_RGB_LED_Demo.c: 281: {
   824                           ;SC8F096_RGB_LED_Demo.c: 282: dis_buf[0] = 0;
   825  00F9  01F0               	clrf	_dis_buf	;volatile
   826                           
   827                           ;SC8F096_RGB_LED_Demo.c: 283: dis_buf[1] = 0;
   828  00FA  01F1               	clrf	_dis_buf+1	;volatile
   829                           
   830                           ;SC8F096_RGB_LED_Demo.c: 284: dis_buf[2] = 0;
   831  00FB  01F2               	clrf	_dis_buf+2	;volatile
   832                           
   833                           ;SC8F096_RGB_LED_Demo.c: 285: led_c = 0;
   834  00FC  01F5               	clrf	_led_c	;volatile
   835                           
   836                           ;SC8F096_RGB_LED_Demo.c: 286: }
   837  00FD  0008               	return
   838  00FE                     l757:	
   839                           
   840                           ;SC8F096_RGB_LED_Demo.c: 287: else dis_buf[2]++;
   841  00FE  0AF2               	incf	_dis_buf+2,f	;volatile
   842  00FF  0008               	return
   843  0100                     __end_of_LED_R1:	
   844                           
   845                           	psect	text4
   846  0100                     __ptext4:	
   847 ;; *************** function _LED_R *****************
   848 ;; Defined at:
   849 ;;		line 248 in file "H:\MyDownloads\綱츠蝎&꿎桿괩멩\역랙관\SC8F096역랙관\SC8F096_DEMO_C\SC8F096_RGB_LED_Demo\SC8F096_RG
      +B_LED_Demo.c"
   850 ;; Parameters:    Size  Location     Type
   851 ;;		None
   852 ;; Auto vars:     Size  Location     Type
   853 ;;		None
   854 ;; Return value:  Size  Location     Type
   855 ;;                  1    wreg      void 
   856 ;; Registers used:
   857 ;;		wreg, status,2, status,0
   858 ;; Tracked objects:
   859 ;;		On entry : 0/100
   860 ;;		On exit  : 0/0
   861 ;;		Unchanged: 0/0
   862 ;; Data sizes:     COMMON   BANK0   BANK1   BANK3   BANK2
   863 ;;      Params:         0       0       0       0       0
   864 ;;      Locals:         0       0       0       0       0
   865 ;;      Temps:          0       0       0       0       0
   866 ;;      Totals:         0       0       0       0       0
   867 ;;Total ram usage:        0 bytes
   868 ;; Hardware stack levels used:    1
   869 ;; Hardware stack levels required when called:    1
   870 ;; This function calls:
   871 ;;		Nothing
   872 ;; This function is called by:
   873 ;;		_main
   874 ;; This function uses a non-reentrant model
   875 ;;
   876                           
   877                           
   878                           ;psect for function _LED_R
   879  0100                     _LED_R:	
   880                           
   881                           ;SC8F096_RGB_LED_Demo.c: 250: if(dis_buf[2]==250)
   882                           
   883                           ;incstack = 0
   884                           ; Regs used in _LED_R: [wreg+status,2+status,0]
   885  0100  30FA               	movlw	250
   886  0101  0672               	xorwf	_dis_buf+2,w	;volatile
   887  0102  1D03               	btfss	3,2
   888  0103  2907               	goto	l739
   889                           
   890                           ;SC8F096_RGB_LED_Demo.c: 251: {
   891                           ;SC8F096_RGB_LED_Demo.c: 252: dis_buf[2] = 0;
   892  0104  01F2               	clrf	_dis_buf+2	;volatile
   893                           
   894                           ;SC8F096_RGB_LED_Demo.c: 253: led_c++;
   895  0105  0AF5               	incf	_led_c,f	;volatile
   896                           
   897                           ;SC8F096_RGB_LED_Demo.c: 254: }
   898  0106  0008               	return
   899  0107                     l739:	
   900                           
   901                           ;SC8F096_RGB_LED_Demo.c: 255: else dis_buf[2]++;
   902  0107  0AF2               	incf	_dis_buf+2,f	;volatile
   903  0108  0008               	return
   904  0109                     __end_of_LED_R:	
   905                           
   906                           	psect	text5
   907  011F                     __ptext5:	
   908 ;; *************** function _LED_G1 *****************
   909 ;; Defined at:
   910 ;;		line 268 in file "H:\MyDownloads\綱츠蝎&꿎桿괩멩\역랙관\SC8F096역랙관\SC8F096_DEMO_C\SC8F096_RGB_LED_Demo\SC8F096_RG
      +B_LED_Demo.c"
   911 ;; Parameters:    Size  Location     Type
   912 ;;		None
   913 ;; Auto vars:     Size  Location     Type
   914 ;;		None
   915 ;; Return value:  Size  Location     Type
   916 ;;                  1    wreg      void 
   917 ;; Registers used:
   918 ;;		wreg, status,2, status,0
   919 ;; Tracked objects:
   920 ;;		On entry : 0/100
   921 ;;		On exit  : 0/0
   922 ;;		Unchanged: 0/0
   923 ;; Data sizes:     COMMON   BANK0   BANK1   BANK3   BANK2
   924 ;;      Params:         0       0       0       0       0
   925 ;;      Locals:         0       0       0       0       0
   926 ;;      Temps:          0       0       0       0       0
   927 ;;      Totals:         0       0       0       0       0
   928 ;;Total ram usage:        0 bytes
   929 ;; Hardware stack levels used:    1
   930 ;; Hardware stack levels required when called:    1
   931 ;; This function calls:
   932 ;;		Nothing
   933 ;; This function is called by:
   934 ;;		_main
   935 ;; This function uses a non-reentrant model
   936 ;;
   937                           
   938                           
   939                           ;psect for function _LED_G1
   940  011F                     _LED_G1:	
   941                           
   942                           ;SC8F096_RGB_LED_Demo.c: 270: if(dis_buf[1]==255)
   943                           
   944                           ;incstack = 0
   945                           ; Regs used in _LED_G1: [wreg+status,2+status,0]
   946  011F  0F71               	incfsz	_dis_buf+1,w	;volatile
   947  0120  2923               	goto	l751
   948                           
   949                           ;SC8F096_RGB_LED_Demo.c: 271: {
   950                           ;SC8F096_RGB_LED_Demo.c: 273: led_c++;
   951  0121  0AF5               	incf	_led_c,f	;volatile
   952                           
   953                           ;SC8F096_RGB_LED_Demo.c: 274: }
   954  0122  0008               	return
   955  0123                     l751:	
   956                           
   957                           ;SC8F096_RGB_LED_Demo.c: 275: else dis_buf[1]++;
   958  0123  0AF1               	incf	_dis_buf+1,f	;volatile
   959  0124  0008               	return
   960  0125                     __end_of_LED_G1:	
   961                           
   962                           	psect	text6
   963  0109                     __ptext6:	
   964 ;; *************** function _LED_G *****************
   965 ;; Defined at:
   966 ;;		line 238 in file "H:\MyDownloads\綱츠蝎&꿎桿괩멩\역랙관\SC8F096역랙관\SC8F096_DEMO_C\SC8F096_RGB_LED_Demo\SC8F096_RG
      +B_LED_Demo.c"
   967 ;; Parameters:    Size  Location     Type
   968 ;;		None
   969 ;; Auto vars:     Size  Location     Type
   970 ;;		None
   971 ;; Return value:  Size  Location     Type
   972 ;;                  1    wreg      void 
   973 ;; Registers used:
   974 ;;		wreg, status,2, status,0
   975 ;; Tracked objects:
   976 ;;		On entry : 0/100
   977 ;;		On exit  : 0/0
   978 ;;		Unchanged: 0/0
   979 ;; Data sizes:     COMMON   BANK0   BANK1   BANK3   BANK2
   980 ;;      Params:         0       0       0       0       0
   981 ;;      Locals:         0       0       0       0       0
   982 ;;      Temps:          0       0       0       0       0
   983 ;;      Totals:         0       0       0       0       0
   984 ;;Total ram usage:        0 bytes
   985 ;; Hardware stack levels used:    1
   986 ;; Hardware stack levels required when called:    1
   987 ;; This function calls:
   988 ;;		Nothing
   989 ;; This function is called by:
   990 ;;		_main
   991 ;; This function uses a non-reentrant model
   992 ;;
   993                           
   994                           
   995                           ;psect for function _LED_G
   996  0109                     _LED_G:	
   997                           
   998                           ;SC8F096_RGB_LED_Demo.c: 240: if(dis_buf[1]==250)
   999                           
  1000                           ;incstack = 0
  1001                           ; Regs used in _LED_G: [wreg+status,2+status,0]
  1002  0109  30FA               	movlw	250
  1003  010A  0671               	xorwf	_dis_buf+1,w	;volatile
  1004  010B  1D03               	btfss	3,2
  1005  010C  2910               	goto	l731
  1006                           
  1007                           ;SC8F096_RGB_LED_Demo.c: 241: {
  1008                           ;SC8F096_RGB_LED_Demo.c: 242: dis_buf[1] = 0;
  1009  010D  01F1               	clrf	_dis_buf+1	;volatile
  1010                           
  1011                           ;SC8F096_RGB_LED_Demo.c: 243: led_c++;
  1012  010E  0AF5               	incf	_led_c,f	;volatile
  1013                           
  1014                           ;SC8F096_RGB_LED_Demo.c: 244: }
  1015  010F  0008               	return
  1016  0110                     l731:	
  1017                           
  1018                           ;SC8F096_RGB_LED_Demo.c: 245: else dis_buf[1]++;
  1019  0110  0AF1               	incf	_dis_buf+1,f	;volatile
  1020  0111  0008               	return
  1021  0112                     __end_of_LED_G:	
  1022                           
  1023                           	psect	text7
  1024  0125                     __ptext7:	
  1025 ;; *************** function _LED_B1 *****************
  1026 ;; Defined at:
  1027 ;;		line 258 in file "H:\MyDownloads\綱츠蝎&꿎桿괩멩\역랙관\SC8F096역랙관\SC8F096_DEMO_C\SC8F096_RGB_LED_Demo\SC8F096_RG
      +B_LED_Demo.c"
  1028 ;; Parameters:    Size  Location     Type
  1029 ;;		None
  1030 ;; Auto vars:     Size  Location     Type
  1031 ;;		None
  1032 ;; Return value:  Size  Location     Type
  1033 ;;                  1    wreg      void 
  1034 ;; Registers used:
  1035 ;;		wreg, status,2, status,0
  1036 ;; Tracked objects:
  1037 ;;		On entry : 0/100
  1038 ;;		On exit  : 0/0
  1039 ;;		Unchanged: 0/0
  1040 ;; Data sizes:     COMMON   BANK0   BANK1   BANK3   BANK2
  1041 ;;      Params:         0       0       0       0       0
  1042 ;;      Locals:         0       0       0       0       0
  1043 ;;      Temps:          0       0       0       0       0
  1044 ;;      Totals:         0       0       0       0       0
  1045 ;;Total ram usage:        0 bytes
  1046 ;; Hardware stack levels used:    1
  1047 ;; Hardware stack levels required when called:    1
  1048 ;; This function calls:
  1049 ;;		Nothing
  1050 ;; This function is called by:
  1051 ;;		_main
  1052 ;; This function uses a non-reentrant model
  1053 ;;
  1054                           
  1055                           
  1056                           ;psect for function _LED_B1
  1057  0125                     _LED_B1:	
  1058                           
  1059                           ;SC8F096_RGB_LED_Demo.c: 260: if(dis_buf[0]==255)
  1060                           
  1061                           ;incstack = 0
  1062                           ; Regs used in _LED_B1: [wreg+status,2+status,0]
  1063  0125  0F70               	incfsz	_dis_buf,w	;volatile
  1064  0126  2929               	goto	l745
  1065                           
  1066                           ;SC8F096_RGB_LED_Demo.c: 261: {
  1067                           ;SC8F096_RGB_LED_Demo.c: 263: led_c++;
  1068  0127  0AF5               	incf	_led_c,f	;volatile
  1069                           
  1070                           ;SC8F096_RGB_LED_Demo.c: 264: }
  1071  0128  0008               	return
  1072  0129                     l745:	
  1073                           
  1074                           ;SC8F096_RGB_LED_Demo.c: 265: else dis_buf[0]++;
  1075  0129  0AF0               	incf	_dis_buf,f	;volatile
  1076  012A  0008               	return
  1077  012B                     __end_of_LED_B1:	
  1078                           
  1079                           	psect	text8
  1080  0112                     __ptext8:	
  1081 ;; *************** function _LED_B *****************
  1082 ;; Defined at:
  1083 ;;		line 228 in file "H:\MyDownloads\綱츠蝎&꿎桿괩멩\역랙관\SC8F096역랙관\SC8F096_DEMO_C\SC8F096_RGB_LED_Demo\SC8F096_RG
      +B_LED_Demo.c"
  1084 ;; Parameters:    Size  Location     Type
  1085 ;;		None
  1086 ;; Auto vars:     Size  Location     Type
  1087 ;;		None
  1088 ;; Return value:  Size  Location     Type
  1089 ;;                  1    wreg      void 
  1090 ;; Registers used:
  1091 ;;		wreg, status,2, status,0
  1092 ;; Tracked objects:
  1093 ;;		On entry : 0/100
  1094 ;;		On exit  : 0/0
  1095 ;;		Unchanged: 0/0
  1096 ;; Data sizes:     COMMON   BANK0   BANK1   BANK3   BANK2
  1097 ;;      Params:         0       0       0       0       0
  1098 ;;      Locals:         0       0       0       0       0
  1099 ;;      Temps:          0       0       0       0       0
  1100 ;;      Totals:         0       0       0       0       0
  1101 ;;Total ram usage:        0 bytes
  1102 ;; Hardware stack levels used:    1
  1103 ;; Hardware stack levels required when called:    1
  1104 ;; This function calls:
  1105 ;;		Nothing
  1106 ;; This function is called by:
  1107 ;;		_main
  1108 ;; This function uses a non-reentrant model
  1109 ;;
  1110                           
  1111                           
  1112                           ;psect for function _LED_B
  1113  0112                     _LED_B:	
  1114                           
  1115                           ;SC8F096_RGB_LED_Demo.c: 230: if(dis_buf[0]==255)
  1116                           
  1117                           ;incstack = 0
  1118                           ; Regs used in _LED_B: [wreg+status,2+status,0]
  1119  0112  0F70               	incfsz	_dis_buf,w	;volatile
  1120  0113  2917               	goto	l723
  1121                           
  1122                           ;SC8F096_RGB_LED_Demo.c: 231: {
  1123                           ;SC8F096_RGB_LED_Demo.c: 232: dis_buf[0] = 0;
  1124  0114  01F0               	clrf	_dis_buf	;volatile
  1125                           
  1126                           ;SC8F096_RGB_LED_Demo.c: 233: led_c++;
  1127  0115  0AF5               	incf	_led_c,f	;volatile
  1128                           
  1129                           ;SC8F096_RGB_LED_Demo.c: 234: }
  1130  0116  0008               	return
  1131  0117                     l723:	
  1132                           
  1133                           ;SC8F096_RGB_LED_Demo.c: 235: else dis_buf[0]++;
  1134  0117  0AF0               	incf	_dis_buf,f	;volatile
  1135  0118  0008               	return
  1136  0119                     __end_of_LED_B:	
  1137                           
  1138                           	psect	text9
  1139  00E4                     __ptext9:	
  1140 ;; *************** function _Timer_Isr *****************
  1141 ;; Defined at:
  1142 ;;		line 76 in file "H:\MyDownloads\綱츠蝎&꿎桿괩멩\역랙관\SC8F096역랙관\SC8F096_DEMO_C\SC8F096_RGB_LED_Demo\SC8F096_RGB
      +_LED_Demo.c"
  1143 ;; Parameters:    Size  Location     Type
  1144 ;;		None
  1145 ;; Auto vars:     Size  Location     Type
  1146 ;;		None
  1147 ;; Return value:  Size  Location     Type
  1148 ;;                  1    wreg      void 
  1149 ;; Registers used:
  1150 ;;		wreg, status,2, status,0
  1151 ;; Tracked objects:
  1152 ;;		On entry : 0/0
  1153 ;;		On exit  : 300/0
  1154 ;;		Unchanged: 0/0
  1155 ;; Data sizes:     COMMON   BANK0   BANK1   BANK3   BANK2
  1156 ;;      Params:         0       0       0       0       0
  1157 ;;      Locals:         0       0       0       0       0
  1158 ;;      Temps:          2       0       0       0       0
  1159 ;;      Totals:         2       0       0       0       0
  1160 ;;Total ram usage:        2 bytes
  1161 ;; Hardware stack levels used:    1
  1162 ;; This function calls:
  1163 ;;		Nothing
  1164 ;; This function is called by:
  1165 ;;		Interrupt level 1
  1166 ;; This function uses a non-reentrant model
  1167 ;;
  1168                           
  1169                           
  1170                           ;psect for function _Timer_Isr
  1171  00E4                     _Timer_Isr:	
  1172                           
  1173                           ;SC8F096_RGB_LED_Demo.c: 78: static unsigned char tcount = 0;
  1174                           ;SC8F096_RGB_LED_Demo.c: 80: if(TMR2IF)
  1175  00E4  1283               	bcf	3,5	;RP0=0, select bank0
  1176  00E5  1303               	bcf	3,6	;RP1=0, select bank0
  1177  00E6  1C8D               	btfss	13,1	;volatile
  1178  00E7  28F0               	goto	i1l279
  1179                           
  1180                           ;SC8F096_RGB_LED_Demo.c: 81: {
  1181                           ;SC8F096_RGB_LED_Demo.c: 82: TMR2IF = 0;
  1182  00E8  108D               	bcf	13,1	;volatile
  1183                           
  1184                           ;SC8F096_RGB_LED_Demo.c: 83: if(++tcount >= 40)
  1185  00E9  3028               	movlw	40
  1186  00EA  0AF4               	incf	Timer_Isr@tcount,f
  1187  00EB  0274               	subwf	Timer_Isr@tcount,w
  1188  00EC  1C03               	skipc
  1189  00ED  28F0               	goto	i1l279
  1190                           
  1191                           ;SC8F096_RGB_LED_Demo.c: 84: {
  1192                           ;SC8F096_RGB_LED_Demo.c: 85: tcount = 0;
  1193  00EE  01F4               	clrf	Timer_Isr@tcount
  1194                           
  1195                           ;SC8F096_RGB_LED_Demo.c: 86: B_MainLoop = 1;
  1196  00EF  1479               	bsf	_B_MainLoop/(0+8),_B_MainLoop& (0+7)
  1197  00F0                     i1l279:	
  1198  00F0  0877               	movf	??_Timer_Isr+1,w
  1199  00F1  008A               	movwf	10
  1200  00F2  0E76               	swapf	??_Timer_Isr^(0+-128),w
  1201  00F3  0083               	movwf	3
  1202  00F4  0EFE               	swapf	126,f
  1203  00F5  0E7E               	swapf	126,w
  1204  00F6  0009               	retfie
  1205  00F7                     __end_of_Timer_Isr:	
  1206  007E                     btemp	set	126	;btemp
  1207  007E                     wtemp0	set	126
  1208                           
  1209                           	psect	intentry
  1210  0004                     __pintentry:	
  1211                           ;incstack = 0
  1212                           ; Regs used in _Timer_Isr: [wreg+status,2+status,0]
  1213                           
  1214  0004                     interrupt_function:	
  1215  007E                     saved_w	set	btemp
  1216  0004  00FE               	movwf	btemp
  1217  0005  0E03               	swapf	3,w
  1218  0006  00F6               	movwf	??_Timer_Isr
  1219  0007  080A               	movf	10,w
  1220  0008  00F7               	movwf	??_Timer_Isr+1
  1221  0009  120A  118A  28E4   	ljmp	_Timer_Isr


Data Sizes:
    Strings     0
    Constant    0
    Data        0
    BSS         6
    Persistent  0
    Stack       0

Auto Spaces:
    Space          Size  Autos    Used
    COMMON           14      3      10
    BANK0            80      0       0
    BANK1            80      0       0
    BANK3            80      0       0
    BANK2            80      0       0

Pointer List with Targets:

    None.

Critical Paths under _main in COMMON

    _main->_Led_Moudle_Device

Critical Paths under _Timer_Isr in COMMON

    None.

Critical Paths under _main in BANK0

    None.

Critical Paths under _Timer_Isr in BANK0

    None.

Critical Paths under _main in BANK1

    None.

Critical Paths under _Timer_Isr in BANK1

    None.

Critical Paths under _main in BANK3

    None.

Critical Paths under _Timer_Isr in BANK3

    None.

Critical Paths under _main in BANK2

    None.

Critical Paths under _Timer_Isr in BANK2

    None.

Call Graph Tables:

 ---------------------------------------------------------------------------------
 (Depth) Function   	        Calls       Base Space   Used Autos Params    Refs
 ---------------------------------------------------------------------------------
 (0) _main                                                 0     0      0     150
                              _LED_B
                             _LED_B1
                              _LED_G
                             _LED_G1
                              _LED_R
                             _LED_R1
                  _Led_Moudle_Device
                     _Set_LED_Moudle
 ---------------------------------------------------------------------------------
 (1) _Set_LED_Moudle                                       0     0      0       0
 ---------------------------------------------------------------------------------
 (1) _Led_Moudle_Device                                    1     1      0     150
                                              2 COMMON     1     1      0
 ---------------------------------------------------------------------------------
 (1) _LED_R1                                               0     0      0       0
 ---------------------------------------------------------------------------------
 (1) _LED_R                                                0     0      0       0
 ---------------------------------------------------------------------------------
 (1) _LED_G1                                               0     0      0       0
 ---------------------------------------------------------------------------------
 (1) _LED_G                                                0     0      0       0
 ---------------------------------------------------------------------------------
 (1) _LED_B1                                               0     0      0       0
 ---------------------------------------------------------------------------------
 (1) _LED_B                                                0     0      0       0
 ---------------------------------------------------------------------------------
 Estimated maximum stack depth 1
 ---------------------------------------------------------------------------------
 (Depth) Function   	        Calls       Base Space   Used Autos Params    Refs
 ---------------------------------------------------------------------------------
 (2) _Timer_Isr                                            2     2      0       0
                                              0 COMMON     2     2      0
 ---------------------------------------------------------------------------------
 Estimated maximum stack depth 2
 ---------------------------------------------------------------------------------

 Call Graph Graphs:

 _main (ROOT)
   _LED_B
   _LED_B1
   _LED_G
   _LED_G1
   _LED_R
   _LED_R1
   _Led_Moudle_Device
   _Set_LED_Moudle

 _Timer_Isr (ROOT)

 Address spaces:
Name               Size   Autos  Total    Cost      Usage
BITCOMMON            E      0       1       0        7.1%
NULL                 0      0       0       0        0.0%
CODE                 0      0       0       0        0.0%
COMMON               E      3       A       1       71.4%
BITSFR0              0      0       0       1        0.0%
SFR0                 0      0       0       1        0.0%
BITSFR1              0      0       0       2        0.0%
SFR1                 0      0       0       2        0.0%
STACK                0      0       0       2        0.0%
BITBANK0            50      0       0       3        0.0%
BANK0               50      0       0       4        0.0%
BITSFR3              0      0       0       4        0.0%
SFR3                 0      0       0       4        0.0%
BITBANK1            50      0       0       5        0.0%
BITSFR2              0      0       0       5        0.0%
SFR2                 0      0       0       5        0.0%
BANK1               50      0       0       6        0.0%
BITBANK3            50      0       0       7        0.0%
BANK3               50      0       0       8        0.0%
BITBANK2            50      0       0       9        0.0%
BANK2               50      0       0      10        0.0%
ABS                  0      0       A      11        0.0%
DATA                 0      0       A      12        0.0%


Microchip Technology PIC Macro Assembler V1.45 build -152302408 
Symbol Table                                                                                   Thu Nov 21 14:17:10 2024

                        PL2 00D7                         l302 00CB                         l303 00CA  
                       l292 00AF                         l293 00AE                         l287 009E  
                       l297 00BC                         l289 00A4                         l298 00BB  
                       l723 0117                         l731 0110                         l813 00B5  
                       l751 0123                         l911 0048                         l745 0129  
                       l921 0066                         l913 004E                         l739 0107  
                       l835 00C4                         l771 008F                         l923 006C  
                       l915 0054                         l907 0043                         l757 00FE  
                       l917 005A                         l855 00D1                         l919 0060  
                       l927 006E                         l793 00A8                         l929 0082  
                       _PR2 0011                        _PIE1 000E                        _PIE2 0110  
                      _PIR1 000D                        _PIR2 010F                        _main 001A  
                      btemp 007E                        start 000C                       ?_main 0076  
                     _T2CON 0013                       _IF_30 0C74                       _IF_15 0C75  
                     _LED_B 0112                       _LED_G 0109                       _LED_R 0100  
                     i1l279 00F0                       _TRISA 0085                       _TRISB 0005  
                     _TRISC 0105                       _led_c 0075              __pbitbssCOMMON 03C8  
                     pclath 000A                       status 0003                       wtemp0 007E  
           __initialization 000F                __end_of_main 0088                      ??_main 0079  
                    ?_LED_B 0076                      ?_LED_G 0076                      ?_LED_R 0076  
                    _LED_B1 0125                      _LED_G1 011F                      _LED_R1 00F7  
                    _INTCON 000B                      _OSCCON 0014                      _TMR2IE 0071  
                    _TMR2IF 0069                      _TRISA5 042D          __size_of_Timer_Isr 0013  
                    saved_w 007E     __end_of__initialization 0016               __end_of_LED_B 0119  
             __end_of_LED_G 0112               __end_of_LED_R 0109              __pcstackCOMMON 0076  
                __end_ofPL2 00E4                     ??_LED_B 0078                     ??_LED_G 0078  
                   ??_LED_R 0078                     ?_LED_B1 0076                     ?_LED_G1 0076  
                   ?_LED_R1 0076           __end_of_Timer_Isr 00F7                  __pmaintext 001A  
                __pintentry 0004                     _LEDCTR0 018E                     _LEDCTR1 018F  
                   _PDSDATA 019B             __size_of_LED_B1 0006             __size_of_LED_G1 0006  
           __size_of_LED_R1 0009                     __ptext0 0000                     _dis_buf 0070  
                   __ptext1 0119                     __ptext2 0088                     __ptext3 00F7  
                   __ptext4 0100                     __ptext5 011F                     __ptext6 0109  
                   __ptext7 0125                     __ptext8 0112                     __ptext9 00E4  
   __size_of_Set_LED_Moudle 0006        end_of_initialization 0016           _Led_Moudle_Device 0088  
        ?_Led_Moudle_Device 0076              __end_of_LED_B1 012B              __end_of_LED_G1 0125  
            __end_of_LED_R1 0100         ??_Led_Moudle_Device 0078             Timer_Isr@tcount 0074  
 __end_of_Led_Moudle_Device 00D7         start_initialization 000F                    ??_LED_B1 0078  
                  ??_LED_G1 0078                    ??_LED_R1 0078                   _Timer_Isr 00E4  
            _Set_LED_Moudle 0119          Led_Moudle_Device@i 0078                 __pbssCOMMON 0070  
                 ___latbits 0002                  ?_Timer_Isr 0076      __end_of_Set_LED_Moudle 011F  
__size_of_Led_Moudle_Device 004F              __size_of_LED_B 0007              __size_of_LED_G 0009  
            __size_of_LED_R 0009                    _LEDSW_RT 0C76                    _LEDSW_ST 0C70  
         interrupt_function 0004             ?_Set_LED_Moudle 0076                 ??_Timer_Isr 0076  
             __size_of_main 006E                    intlevel1 0000                  _B_MainLoop 03C8  
                _OPTION_REG 0001            ??_Set_LED_Moudle 0078  
