---- H:\MyDownloads\说明书&测试报告\开发包\SC8F096AD开发包\SC8F096_DEMO_C\SC8F096_Sleep_Demo\SC8F096_Sleep_Demo.c ----------------------------------------------------------------------
1:                /*-------------------------------------------
2:                
3:                程序名称：休眠模式及唤醒程序
4:                日期版本：2024/09/20 <V1.0>
5:                
6:                备注：WDT已被禁止，休眠模式下利用PORTA,PORTB电平变化唤醒 
7:                
8:                *本程序由 &应用支持部& 编写整理
9:                -------------------------------------------*/
10:               
11:               
12:               #include <sc.h>
13:               
14:               void DelayXms(unsigned char x);
15:               void Init_System();
16:               void Sleep_Mode();
17:               
18:               /***********************************************************
19:               函数名称：DelayXms
20:               函数功能：毫秒级非精准延时
21:               入口参数：x - 延时时间
22:               出口参数：
23:               备    注：
24:               ***********************************************************/
25:               void DelayXms(unsigned char x)
26:               {
27:               	unsigned char i,j;
28:               	for(i=x;i>0;i--)
  075B    00F1    LD	0x71,A
  075C    0871    LD	A,0x71
  075D    1903    SZB	0x3,2
  075E    0008    RET
  075F    0064    CLRWDT
29:               	{
30:               		asm("clrwdt");
31:               		for(j=153;j>0;j--);
  0760    3099    LDIA	0x99
  0761    00F2    LD	0x72,A
  0762    0BF2    SZDECR	0x72
  0763    2F62    JP	0x762
  0764    03F1    DECR	0x71
  0765    2F5C    JP	0x75C
32:               	}
33:               }
34:               /***********************************************************
35:               main主函数
36:               ***********************************************************/
37:               void main()
38:               {
39:               	Init_System();
  0766    120A    CLRB	0xA,4
  0767    118A    CLRB	0xA,3
  0768    27DC    CALL	0x7DC
40:               	while(1)
41:               	{
42:               		RB6=1;
  076B    1303    CLRB	0x3,6
  076C    1706    SETB	0x6,6
43:               		DelayXms(100);
  076D    3064    LDIA	0x64
  076E    120A    CLRB	0xA,4
  076F    118A    CLRB	0xA,3
  0770    275A    CALL	0x75A
44:               		RB6 = 0;
  0773    1283    CLRB	0x3,5
  0774    1303    CLRB	0x3,6
  0775    1306    CLRB	0x6,6
45:               		DelayXms(100);
  0776    3064    LDIA	0x64
  0777    120A    CLRB	0xA,4
  0778    118A    CLRB	0xA,3
  0779    275A    CALL	0x75A
46:               		RB6=1;
  077C    1283    CLRB	0x3,5
  077D    1303    CLRB	0x3,6
  077E    1706    SETB	0x6,6
47:               		DelayXms(100);
  077F    3064    LDIA	0x64
  0780    120A    CLRB	0xA,4
  0781    118A    CLRB	0xA,3
  0782    275A    CALL	0x75A
48:               		Sleep_Mode();
  0785    120A    CLRB	0xA,4
  0786    118A    CLRB	0xA,3
  0787    278B    CALL	0x78B
  078A    2F6B    JP	0x76B
49:               	}
50:               }
51:               
52:               
53:               /***********************************************
54:               函数名称：Sleep_Mode
55:               函数功能：进入休眠模式
56:               入口参数：无
57:               出口参数：无
58:               备注：
59:               ************************************************/
60:               void Sleep_Mode()
61:               {
62:               	INTCON = 0;		
  078B    018B    CLR	0xB
63:               	
64:               	OPTION_REG = 0;
  078C    1283    CLRB	0x3,5
  078D    1303    CLRB	0x3,6
  078E    0181    CLR	0x1
65:               
66:               	TRISA = 0B00000001; 		//关闭所有输出，RA0口做唤醒输入
  078F    3001    LDIA	0x1
  0790    1683    SETB	0x3,5
  0791    0085    LD	0x5,A
67:               	PORTA = 0B00000000;
  0792    0186    CLR	0x6
68:               	WPUA  = 0B00000001;			//RA0 开上拉电阻
  0793    0088    LD	0x8,A
69:               	
70:               	TRISB = 0B00001000;			//关闭所有输出，RB3口做唤醒输入
  0794    3008    LDIA	0x8
  0795    1283    CLRB	0x3,5
  0796    0085    LD	0x5,A
71:               	PORTB = 0B00000000;
  0797    0186    CLR	0x6
72:               	WPUB  = 0B00001000;			//RB3 开上拉电阻
  0798    0088    LD	0x8,A
73:                  		
74:               	TRISC = 0B00000000;			//必须确保芯片的IO不能处于悬空状态
  0799    1703    SETB	0x3,6
  079A    0185    CLR	0x5
75:               	PORTC = 0B00000000;	
  079B    0186    CLR	0x6
76:               	
77:               	TRISD = 0B00000000;
  079C    0194    CLR	0x14
78:               	PORTD = 0B00000000;	
  079D    0187    CLR	0x7
79:               			
80:                  	ADCON0 = 0;					//关闭所有模块
  079E    1683    SETB	0x3,5
  079F    1303    CLRB	0x3,6
  07A0    0195    CLR	0x15
81:               	ADCON1 = 0;
  07A1    0196    CLR	0x16
82:               	CMP1CON0 = 0;
  07A2    1283    CLRB	0x3,5
  07A3    018F    CLR	0xF
83:               	CMP2CON0 = 0;
  07A4    1683    SETB	0x3,5
  07A5    019A    CLR	0x1A
84:               	PWMCON0 = 0;
  07A6    1283    CLRB	0x3,5
  07A7    0195    CLR	0x15
85:               	KEYCON0 = 0;
  07A8    1703    SETB	0x3,6
  07A9    0191    CLR	0x11
86:               	KEYCON2 = 0;
  07AA    0193    CLR	0x13
87:               	QCCON = 0;
  07AB    1303    CLRB	0x3,6
  07AC    018C    CLR	0xC
88:               	CC0CON = 0;
  07AD    1683    SETB	0x3,5
  07AE    1703    SETB	0x3,6
  07AF    0195    CLR	0x15
89:               	CC1CON = 0;
  07B0    0196    CLR	0x16
90:               	OPACON = 0;
  07B1    018C    CLR	0xC
91:               		
92:               	OSCCON = 0X70;				//配置振荡为16M,关闭WDT，需注意芯片工程选项里WDT必须选为DISABLE,否则无法软件关掉WDT
  07B2    3070    LDIA	0x70
  07B3    1283    CLRB	0x3,5
  07B4    1303    CLRB	0x3,6
  07B5    0094    LD	0x14,A
93:               	
94:               	IOCA = 0B00000001;			//允许RA0的IO电平变化中断
  07B6    3001    LDIA	0x1
  07B7    1683    SETB	0x3,5
  07B8    0089    LD	0x9,A
95:               	IOCB = 0B00001000;			//允许RB3的IO口电平变化中断
  07B9    3008    LDIA	0x8
  07BA    1283    CLRB	0x3,5
  07BB    0089    LD	0x9,A
96:               	
97:               	RAIE = 1;					//允许PORTA的IO电平变化中断
  07BC    158E    SETB	0xE,3
98:               	PEIE = 1;					//要用RORTA中断唤醒，则PEIE必须设为1
  07BD    170B    SETB	0xB,6
99:               	RBIE = 1;					//允许PORTB电平变化中断
  07BE    158B    SETB	0xB,3
100:              	GIE = 0;					//唤醒后执行SLEEP后程序;
  07BF    138B    CLRB	0xB,7
101:              	
102:              	PIE1 &= 0X08;				//关闭不需要的中断
  07C0    058E    ANDR	0xE
103:              	PIR1 = 0;					//必须清不需要的中断标志位
  07C1    018D    CLR	0xD
104:              	PIE2 = 0;					//关闭不需要的中断
  07C2    1703    SETB	0x3,6
  07C3    0190    CLR	0x10
105:              	PIR2 = 0;					//必须清不需要的中断标志位
  07C4    018F    CLR	0xF
106:              	INTCON &= 0XC8;				//必须清不需要的中断标志位
  07C5    30C8    LDIA	0xC8
  07C6    058B    ANDR	0xB
107:              
108:              	PORTA;						//读PORTA值并锁存,用电平变化中断必须执行这一步
  07C7    1683    SETB	0x3,5
  07C8    1303    CLRB	0x3,6
  07C9    0806    LD	A,0x6
109:              	RAIF = 0;					//清PORTA中断标志位
  07CA    1283    CLRB	0x3,5
  07CB    118D    CLRB	0xD,3
110:              	PORTB;						//读PORTB值并锁存	
  07CC    0806    LD	A,0x6
111:              	RBIF = 0;					//清PORTB中断标志位		
  07CD    100B    CLRB	0xB,0
  07CE    0064    CLRWDT
  07CF    0063    STOP
  07D0    0000    NOP
  07D1    0064    CLRWDT
112:              	asm("clrwdt");
113:              
114:              	asm("sleep");				//进入休眠模式
115:              	
116:              	asm("nop");
117:              	asm("clrwdt");
118:              	if(RAIF)  RAIF = 0;			//清中断标志
  07D2    1283    CLRB	0x3,5
  07D3    1303    CLRB	0x3,6
  07D4    198D    SZB	0xD,3
  07D5    118D    CLRB	0xD,3
119:              	if(RBIF)  RBIF = 0;			//清中断标志
  07D6    180B    SZB	0xB,0
  07D7    100B    CLRB	0xB,0
120:              	PORTA ^= 0X08;
  07D8    3008    LDIA	0x8
  07D9    1683    SETB	0x3,5
  07DA    0686    XORR	0x6
121:              	Init_System();
  07DB    2FDC    JP	0x7DC
122:              }
123:              
124:              /***********************************************
125:              函数名称：Init_System
126:              函数功能：系统初始化
127:              入口参数：无
128:              出口参数：无
129:              备注：
130:              ************************************************/
131:              void Init_System()
132:              {
133:              	asm("nop");
134:              	asm("clrwdt");
135:              	INTCON = 0;					//系统初始化
  07DE    018B    CLR	0xB
136:              	OSCCON = 0X72;				//配置振荡为16M,开 WDT
  07DF    3072    LDIA	0x72
  07E0    1283    CLRB	0x3,5
  07E1    1303    CLRB	0x3,6
  07E2    0094    LD	0x14,A
137:              	OPTION_REG = 0;
  07E3    0181    CLR	0x1
138:              	
139:                  WPUA  = 0B00000001;			//初始化上拉
  07E4    3001    LDIA	0x1
  07E5    1683    SETB	0x3,5
  07E6    0088    LD	0x8,A
140:                  WPUB  = 0B00001000;			
  07E7    3008    LDIA	0x8
  07E8    1283    CLRB	0x3,5
  07E9    0088    LD	0x8,A
141:              	WPUC  = 0B00000000;
  07EA    1703    SETB	0x3,6
  07EB    0188    CLR	0x8
142:               
143:              	TRISA = 0B00000001;			//初始化IO状态
  07EC    3001    LDIA	0x1
  07ED    1683    SETB	0x3,5
  07EE    1303    CLRB	0x3,6
  07EF    0085    LD	0x5,A
144:              	TRISB = 0B00001000;
  07F0    3008    LDIA	0x8
  07F1    1283    CLRB	0x3,5
  07F2    0085    LD	0x5,A
145:              	TRISC = 0B00000000; 
  07F3    1703    SETB	0x3,6
  07F4    0185    CLR	0x5
146:              	TRISD = 0B00000000;
  07F5    0194    CLR	0x14
147:              
148:                 //PORTA = 0B00000000;         
149:              	PORTB = 0B00000000;			//初始化输出
  07F6    1303    CLRB	0x3,6
  07F7    0186    CLR	0x6
150:              	PORTC = 0B00000000;
  07F8    1703    SETB	0x3,6
  07F9    0186    CLR	0x6
151:              	PORTD = 0B00000000;
  07FA    0187    CLR	0x7
  07FB    0008    RET
152:              }
153:              
---- stringtab ------------------------------------------------------------------
---- reset_enter ------------------------------------------------------------------
  0000    120A    CLRB	0xA,4
  0001    118A    CLRB	0xA,3
  0002    2FFC    JP	0x7FC
---- start_initialization ------------------------------------------------------------------
---- interrupt_function_enter ----------------------------------------------------------
---- common_function ------------------------------------------------------------------
  075A    00F0    LD	0x70,A
  07DC    0000    NOP
  07DD    0064    CLRWDT
  07FC    0183    CLR	0x3
  07FD    120A    CLRB	0xA,4
  07FE    118A    CLRB	0xA,3
  07FF    2F66    JP	0x766
